<?xml version="1.0" encoding="UTF-8"?>
<!-- Generated by org.testng.reporters.JUnitXMLReporter -->
<testsuite hostname="OSO-DTP-057" name="leave application" tests="15" failures="0" timestamp="26 Aug 2017 09:39:23 GMT" time="204.68" errors="0">
  <testcase name="Login" time="9.873" classname="ESS.LeaveandAttendance.LeaveApplication.TC001_ApplyLeave"/>
  <testcase name="TargetPage" time="12.822" classname="ESS.LeaveandAttendance.LeaveApplication.TC001_ApplyLeave"/>
  <testcase name="ApplyLeave" time="32.49" classname="ESS.LeaveandAttendance.LeaveApplication.TC001_ApplyLeave"/>
  <testcase name="ApplyLeave" time="24.488" classname="ESS.LeaveandAttendance.LeaveApplication.TC001_ApplyLeave"/>
  <testcase name="Login" time="5.336" classname="ESS.LeaveandAttendance.LeaveApplication.TC002_LeaveApproval"/>
  <testcase name="TargetPage" time="10.064" classname="ESS.LeaveandAttendance.LeaveApplication.TC002_LeaveApproval"/>
  <testcase name="LeaveApproveReject" time="13.657" classname="ESS.LeaveandAttendance.LeaveApplication.TC002_LeaveApproval"/>
  <testcase name="LeaveApproveReject" time="12.265" classname="ESS.LeaveandAttendance.LeaveApplication.TC002_LeaveApproval"/>
  <testcase name="Login" time="4.159" classname="ESS.LeaveandAttendance.LeaveApplication.TC003_LeaveVerify"/>
  <testcase name="TargetPage" time="7.142" classname="ESS.LeaveandAttendance.LeaveApplication.TC003_LeaveVerify"/>
  <testcase name="VerifyLeave" time="0.237" classname="ESS.LeaveandAttendance.LeaveApplication.TC003_LeaveVerify"/>
  <testcase name="VerifyLeave" time="0.253" classname="ESS.LeaveandAttendance.LeaveApplication.TC003_LeaveVerify"/>
  <testcase name="Login" time="4.332" classname="ESS.LeaveandAttendance.LeaveApplication.TC004_LeaveRevoke"/>
  <testcase name="TargetPage" time="6.568" classname="ESS.LeaveandAttendance.LeaveApplication.TC004_LeaveRevoke"/>
  <testcase name="VerifyLeave" time="6.359" classname="ESS.LeaveandAttendance.LeaveApplication.TC004_LeaveRevoke"/>
</testsuite> <!-- leave application -->
