<?xml version="1.0" encoding="UTF-8"?>
<testng-results skipped="19" failed="12" total="130" passed="99">
  <reporter-output>
    <line>
      <![CDATA[Test started :  Entity Master]]>
    </line>
    <line>
      <![CDATA[Completed Executing : TestBase.initializeTestBaseSetup]]>
    </line>
    <line>
      <![CDATA[Completed Executing : TC001_EntityMasterUploadData.setUp]]>
    </line>
    <line>
      <![CDATA[Completed Executing : TestBase.beforeMethod]]>
    </line>
    <line>
      <![CDATA[Test Case Name : Login]]>
    </line>
    <line>
      <![CDATA[Test Method Resides : Module.GeneralSetup.TC001_EntityMasterUploadData]]>
    </line>
    <line>
      <![CDATA[Test Status : STARTED]]>
    </line>
    <line>
      <![CDATA[Completed Executing : TC001_EntityMasterUploadData.Login]]>
    </line>
    <line>
      <![CDATA[Test Case Name : Login]]>
    </line>
    <line>
      <![CDATA[Test Method Resides : Module.GeneralSetup.TC001_EntityMasterUploadData]]>
    </line>
    <line>
      <![CDATA[Test Status : PASSED]]>
    </line>
    <line>
      <![CDATA[Completed Executing : TestBase.afterMethod]]>
    </line>
    <line>
      <![CDATA[Completed Executing : TestBase.beforeMethod]]>
    </line>
    <line>
      <![CDATA[Test Case Name : Target_Page]]>
    </line>
    <line>
      <![CDATA[Test Method Resides : Module.GeneralSetup.TC001_EntityMasterUploadData]]>
    </line>
    <line>
      <![CDATA[Test Status : STARTED]]>
    </line>
    <line>
      <![CDATA[Target page is open successfully]]>
    </line>
    <line>
      <![CDATA[Completed Executing : TC001_EntityMasterUploadData.Target_Page]]>
    </line>
    <line>
      <![CDATA[Test Case Name : Target_Page]]>
    </line>
    <line>
      <![CDATA[Test Method Resides : Module.GeneralSetup.TC001_EntityMasterUploadData]]>
    </line>
    <line>
      <![CDATA[Test Status : PASSED]]>
    </line>
    <line>
      <![CDATA[Completed Executing : TestBase.afterMethod]]>
    </line>
    <line>
      <![CDATA[Completed Executing : TestBase.beforeMethod]]>
    </line>
    <line>
      <![CDATA[Test Case Name : AddNew_Button]]>
    </line>
    <line>
      <![CDATA[Test Method Resides : Module.GeneralSetup.TC001_EntityMasterUploadData]]>
    </line>
    <line>
      <![CDATA[Test Status : STARTED]]>
    </line>
    <line>
      <![CDATA[Add New Button is working properly]]>
    </line>
    <line>
      <![CDATA[Completed Executing : TC001_EntityMasterUploadData.AddNew_Button]]>
    </line>
    <line>
      <![CDATA[Test Case Name : AddNew_Button]]>
    </line>
    <line>
      <![CDATA[Test Method Resides : Module.GeneralSetup.TC001_EntityMasterUploadData]]>
    </line>
    <line>
      <![CDATA[Test Status : PASSED]]>
    </line>
    <line>
      <![CDATA[Completed Executing : TestBase.afterMethod]]>
    </line>
    <line>
      <![CDATA[Completed Executing : TestBase.beforeMethod]]>
    </line>
    <line>
      <![CDATA[Test Case Name : Data_Upload]]>
    </line>
    <line>
      <![CDATA[Test Method Resides : Module.GeneralSetup.TC001_EntityMasterUploadData]]>
    </line>
    <line>
      <![CDATA[Test Method had the following parameters : nullCCWH,OrganizD,Organization level Entry5,Group Level Entry,12/09/2017,No,Yes,]]>
    </line>
    <line>
      <![CDATA[Test Status : STARTED]]>
    </line>
    <line>
      <![CDATA[Entity Master Data added successfully]]>
    </line>
    <line>
      <![CDATA[Completed Executing : TC001_EntityMasterUploadData.Data_Upload]]>
    </line>
    <line>
      <![CDATA[Test Case Name : Data_Upload]]>
    </line>
    <line>
      <![CDATA[Test Method Resides : Module.GeneralSetup.TC001_EntityMasterUploadData]]>
    </line>
    <line>
      <![CDATA[Test Method had the following parameters : nullCCWH,OrganizD,Organization level Entry5,Group Level Entry,12/09/2017,No,Yes,]]>
    </line>
    <line>
      <![CDATA[Test Status : PASSED]]>
    </line>
    <line>
      <![CDATA[Completed Executing : TestBase.afterMethod]]>
    </line>
    <line>
      <![CDATA[Completed Executing : TestBase.endTest]]>
    </line>
    <line>
      <![CDATA[Test finished : Entity Master]]>
    </line>
    <line>
      <![CDATA[Test started :  Organizational Unit Master]]>
    </line>
    <line>
      <![CDATA[Completed Executing : TestBase.initializeTestBaseSetup]]>
    </line>
    <line>
      <![CDATA[Completed Executing : TC002_OrganizationalUnitUploadData.setUp]]>
    </line>
    <line>
      <![CDATA[Completed Executing : TestBase.beforeMethod]]>
    </line>
    <line>
      <![CDATA[Test Case Name : Login]]>
    </line>
    <line>
      <![CDATA[Test Method Resides : Module.GeneralSetup.TC002_OrganizationalUnitUploadData]]>
    </line>
    <line>
      <![CDATA[Test Status : STARTED]]>
    </line>
    <line>
      <![CDATA[Completed Executing : TC002_OrganizationalUnitUploadData.Login]]>
    </line>
    <line>
      <![CDATA[Test Case Name : Login]]>
    </line>
    <line>
      <![CDATA[Test Method Resides : Module.GeneralSetup.TC002_OrganizationalUnitUploadData]]>
    </line>
    <line>
      <![CDATA[Test Status : PASSED]]>
    </line>
    <line>
      <![CDATA[Completed Executing : TestBase.afterMethod]]>
    </line>
    <line>
      <![CDATA[Completed Executing : TestBase.beforeMethod]]>
    </line>
    <line>
      <![CDATA[Test Case Name : Target_Page]]>
    </line>
    <line>
      <![CDATA[Test Method Resides : Module.GeneralSetup.TC002_OrganizationalUnitUploadData]]>
    </line>
    <line>
      <![CDATA[Test Status : STARTED]]>
    </line>
    <line>
      <![CDATA[Target page is open successfully]]>
    </line>
    <line>
      <![CDATA[Completed Executing : TC002_OrganizationalUnitUploadData.Target_Page]]>
    </line>
    <line>
      <![CDATA[Test Case Name : Target_Page]]>
    </line>
    <line>
      <![CDATA[Test Method Resides : Module.GeneralSetup.TC002_OrganizationalUnitUploadData]]>
    </line>
    <line>
      <![CDATA[Test Status : PASSED]]>
    </line>
    <line>
      <![CDATA[Completed Executing : TestBase.afterMethod]]>
    </line>
    <line>
      <![CDATA[Completed Executing : TestBase.beforeMethod]]>
    </line>
    <line>
      <![CDATA[Test Case Name : AddNew_Button]]>
    </line>
    <line>
      <![CDATA[Test Method Resides : Module.GeneralSetup.TC002_OrganizationalUnitUploadData]]>
    </line>
    <line>
      <![CDATA[Test Status : STARTED]]>
    </line>
    <line>
      <![CDATA[Add New Button is working properly]]>
    </line>
    <line>
      <![CDATA[Completed Executing : TC002_OrganizationalUnitUploadData.AddNew_Button]]>
    </line>
    <line>
      <![CDATA[Test Case Name : AddNew_Button]]>
    </line>
    <line>
      <![CDATA[Test Method Resides : Module.GeneralSetup.TC002_OrganizationalUnitUploadData]]>
    </line>
    <line>
      <![CDATA[Test Status : PASSED]]>
    </line>
    <line>
      <![CDATA[Completed Executing : TestBase.afterMethod]]>
    </line>
    <line>
      <![CDATA[Completed Executing : TestBase.beforeMethod]]>
    </line>
    <line>
      <![CDATA[Test Case Name : Data_Upload]]>
    </line>
    <line>
      <![CDATA[Test Method Resides : Module.GeneralSetup.TC002_OrganizationalUnitUploadData]]>
    </line>
    <line>
      <![CDATA[Test Method had the following parameters : nullOrganizb,Orgbb,Organizati level Entryb,Test Data Group Level,Osource,13/09/2017,Yes,10.0,hrms,h,]]>
    </line>
    <line>
      <![CDATA[Test Status : STARTED]]>
    </line>
    <line>
      <![CDATA[Organizational Unit Master Data added successfully]]>
    </line>
    <line>
      <![CDATA[Completed Executing : TC002_OrganizationalUnitUploadData.Data_Upload]]>
    </line>
    <line>
      <![CDATA[Test Case Name : Data_Upload]]>
    </line>
    <line>
      <![CDATA[Test Method Resides : Module.GeneralSetup.TC002_OrganizationalUnitUploadData]]>
    </line>
    <line>
      <![CDATA[Test Method had the following parameters : nullOrganizb,Orgbb,Organizati level Entryb,Test Data Group Level,Osource,13/09/2017,Yes,10.0,hrms,h,]]>
    </line>
    <line>
      <![CDATA[Test Status : PASSED]]>
    </line>
    <line>
      <![CDATA[Completed Executing : TestBase.afterMethod]]>
    </line>
    <line>
      <![CDATA[Completed Executing : TestBase.beforeMethod]]>
    </line>
    <line>
      <![CDATA[Test Case Name : Data_Upload]]>
    </line>
    <line>
      <![CDATA[Test Method Resides : Module.GeneralSetup.TC002_OrganizationalUnitUploadData]]>
    </line>
    <line>
      <![CDATA[Test Method had the following parameters : nullIndustry,hgfbb,Organizati level Egrsb,Test Data level,Osource,19/09/2018,No,17.0,crm,c,]]>
    </line>
    <line>
      <![CDATA[Test Status : STARTED]]>
    </line>
    <line>
      <![CDATA[Organizational Unit Master Data added successfully]]>
    </line>
    <line>
      <![CDATA[Completed Executing : TC002_OrganizationalUnitUploadData.Data_Upload]]>
    </line>
    <line>
      <![CDATA[Test Case Name : Data_Upload]]>
    </line>
    <line>
      <![CDATA[Test Method Resides : Module.GeneralSetup.TC002_OrganizationalUnitUploadData]]>
    </line>
    <line>
      <![CDATA[Test Method had the following parameters : nullIndustry,hgfbb,Organizati level Egrsb,Test Data level,Osource,19/09/2018,No,17.0,crm,c,]]>
    </line>
    <line>
      <![CDATA[Test Status : PASSED]]>
    </line>
    <line>
      <![CDATA[Completed Executing : TestBase.afterMethod]]>
    </line>
    <line>
      <![CDATA[Completed Executing : TestBase.endTest]]>
    </line>
    <line>
      <![CDATA[Test finished : Organizational Unit Master]]>
    </line>
    <line>
      <![CDATA[Test started :  Upload Master]]>
    </line>
    <line>
      <![CDATA[Completed Executing : TestBase.initializeTestBaseSetup]]>
    </line>
    <line>
      <![CDATA[Completed Executing : TC003_UploadMaster.setUp]]>
    </line>
    <line>
      <![CDATA[Completed Executing : TestBase.beforeMethod]]>
    </line>
    <line>
      <![CDATA[Test Case Name : Login]]>
    </line>
    <line>
      <![CDATA[Test Method Resides : Module.GeneralSetup.TC003_UploadMaster]]>
    </line>
    <line>
      <![CDATA[Test Status : STARTED]]>
    </line>
    <line>
      <![CDATA[Completed Executing : TC003_UploadMaster.Login]]>
    </line>
    <line>
      <![CDATA[Test Case Name : Login]]>
    </line>
    <line>
      <![CDATA[Test Method Resides : Module.GeneralSetup.TC003_UploadMaster]]>
    </line>
    <line>
      <![CDATA[Test Status : PASSED]]>
    </line>
    <line>
      <![CDATA[Completed Executing : TestBase.afterMethod]]>
    </line>
    <line>
      <![CDATA[Completed Executing : TestBase.beforeMethod]]>
    </line>
    <line>
      <![CDATA[Test Case Name : Target_Page]]>
    </line>
    <line>
      <![CDATA[Test Method Resides : Module.GeneralSetup.TC003_UploadMaster]]>
    </line>
    <line>
      <![CDATA[Test Status : STARTED]]>
    </line>
    <line>
      <![CDATA[Target page is open successfully]]>
    </line>
    <line>
      <![CDATA[Completed Executing : TC003_UploadMaster.Target_Page]]>
    </line>
    <line>
      <![CDATA[Test Case Name : Target_Page]]>
    </line>
    <line>
      <![CDATA[Test Method Resides : Module.GeneralSetup.TC003_UploadMaster]]>
    </line>
    <line>
      <![CDATA[Test Status : PASSED]]>
    </line>
    <line>
      <![CDATA[Completed Executing : TestBase.afterMethod]]>
    </line>
    <line>
      <![CDATA[Completed Executing : TestBase.beforeMethod]]>
    </line>
    <line>
      <![CDATA[Test Case Name : Data_Upload]]>
    </line>
    <line>
      <![CDATA[Test Method Resides : Module.GeneralSetup.TC003_UploadMaster]]>
    </line>
    <line>
      <![CDATA[Test Method had the following parameters : nullUpload Name,Country Master,ADD,D:\\SVN\\QA-Testing-Doc\\Quality Assurance\\AutomationTestScript\\EnterpriseSetup_Regression\\src\\pom\\UploadMasterEXEFiles\\CountryMaster.exe,y,]]>
    </line>
    <line>
      <![CDATA[Test Status : STARTED]]>
    </line>
    <line>
      <![CDATA[Completed Executing : TC003_UploadMaster.Data_Upload]]>
    </line>
    <line>
      <![CDATA[Test Method Resides : Module.GeneralSetup.TC003_UploadMaster]]>
    </line>
    <line>
      <![CDATA[Test Method had the following parameters : nullUpload Name,Country Master,ADD,D:\\SVN\\QA-Testing-Doc\\Quality Assurance\\AutomationTestScript\\EnterpriseSetup_Regression\\src\\pom\\UploadMasterEXEFiles\\CountryMaster.exe,y,]]>
    </line>
    <line>
      <![CDATA[Test Status : FAILED]]>
    </line>
    <line>
      <![CDATA[Completed Executing : TestBase.afterMethod]]>
    </line>
    <line>
      <![CDATA[Completed Executing : TestBase.endTest]]>
    </line>
    <line>
      <![CDATA[Test finished : Upload Master]]>
    </line>
    <line>
      <![CDATA[Test started :  Policy Master]]>
    </line>
    <line>
      <![CDATA[Completed Executing : TestBase.initializeTestBaseSetup]]>
    </line>
    <line>
      <![CDATA[Completed Executing : TC004_PolicyMasterUploadData.setUp]]>
    </line>
    <line>
      <![CDATA[Completed Executing : TestBase.beforeMethod]]>
    </line>
    <line>
      <![CDATA[Test Case Name : Login]]>
    </line>
    <line>
      <![CDATA[Test Method Resides : Module.GeneralSetup.TC004_PolicyMasterUploadData]]>
    </line>
    <line>
      <![CDATA[Test Status : STARTED]]>
    </line>
    <line>
      <![CDATA[Completed Executing : TC004_PolicyMasterUploadData.Login]]>
    </line>
    <line>
      <![CDATA[Test Case Name : Login]]>
    </line>
    <line>
      <![CDATA[Test Method Resides : Module.GeneralSetup.TC004_PolicyMasterUploadData]]>
    </line>
    <line>
      <![CDATA[Test Status : PASSED]]>
    </line>
    <line>
      <![CDATA[Completed Executing : TestBase.afterMethod]]>
    </line>
    <line>
      <![CDATA[Completed Executing : TestBase.beforeMethod]]>
    </line>
    <line>
      <![CDATA[Test Case Name : Target_Page]]>
    </line>
    <line>
      <![CDATA[Test Method Resides : Module.GeneralSetup.TC004_PolicyMasterUploadData]]>
    </line>
    <line>
      <![CDATA[Test Status : STARTED]]>
    </line>
    <line>
      <![CDATA[TEST FAILED : Target page not open : page crashed]]>
    </line>
    <line>
      <![CDATA[Completed Executing : TC004_PolicyMasterUploadData.Target_Page]]>
    </line>
    <line>
      <![CDATA[Test Method Resides : Module.GeneralSetup.TC004_PolicyMasterUploadData]]>
    </line>
    <line>
      <![CDATA[Test Status : FAILED]]>
    </line>
    <line>
      <![CDATA[Completed Executing : TestBase.afterMethod]]>
    </line>
    <line>
      <![CDATA[Test Case Name : AddNew_Button]]>
    </line>
    <line>
      <![CDATA[Test Method Resides : Module.GeneralSetup.TC004_PolicyMasterUploadData]]>
    </line>
    <line>
      <![CDATA[Test Status : SKIPPED]]>
    </line>
    <line>
      <![CDATA[Test Case Name : Data_Upload]]>
    </line>
    <line>
      <![CDATA[Test Method Resides : Module.GeneralSetup.TC004_PolicyMasterUploadData]]>
    </line>
    <line>
      <![CDATA[Test Status : SKIPPED]]>
    </line>
    <line>
      <![CDATA[Completed Executing : TestBase.endTest]]>
    </line>
    <line>
      <![CDATA[Test finished : Policy Master]]>
    </line>
    <line>
      <![CDATA[Test started :  Policy Master Access]]>
    </line>
    <line>
      <![CDATA[Completed Executing : TestBase.initializeTestBaseSetup]]>
    </line>
    <line>
      <![CDATA[Completed Executing : TC005_PolicyMasterAccessUploadData.setUp]]>
    </line>
    <line>
      <![CDATA[Completed Executing : TestBase.beforeMethod]]>
    </line>
    <line>
      <![CDATA[Test Case Name : Login]]>
    </line>
    <line>
      <![CDATA[Test Method Resides : Module.GeneralSetup.TC005_PolicyMasterAccessUploadData]]>
    </line>
    <line>
      <![CDATA[Test Status : STARTED]]>
    </line>
    <line>
      <![CDATA[Completed Executing : TC005_PolicyMasterAccessUploadData.Login]]>
    </line>
    <line>
      <![CDATA[Test Case Name : Login]]>
    </line>
    <line>
      <![CDATA[Test Method Resides : Module.GeneralSetup.TC005_PolicyMasterAccessUploadData]]>
    </line>
    <line>
      <![CDATA[Test Status : PASSED]]>
    </line>
    <line>
      <![CDATA[Completed Executing : TestBase.afterMethod]]>
    </line>
    <line>
      <![CDATA[Completed Executing : TestBase.beforeMethod]]>
    </line>
    <line>
      <![CDATA[Test Case Name : Target_Page]]>
    </line>
    <line>
      <![CDATA[Test Method Resides : Module.GeneralSetup.TC005_PolicyMasterAccessUploadData]]>
    </line>
    <line>
      <![CDATA[Test Status : STARTED]]>
    </line>
    <line>
      <![CDATA[Target page is open successfully]]>
    </line>
    <line>
      <![CDATA[Completed Executing : TC005_PolicyMasterAccessUploadData.Target_Page]]>
    </line>
    <line>
      <![CDATA[Test Case Name : Target_Page]]>
    </line>
    <line>
      <![CDATA[Test Method Resides : Module.GeneralSetup.TC005_PolicyMasterAccessUploadData]]>
    </line>
    <line>
      <![CDATA[Test Status : PASSED]]>
    </line>
    <line>
      <![CDATA[Completed Executing : TestBase.afterMethod]]>
    </line>
    <line>
      <![CDATA[Completed Executing : TestBase.beforeMethod]]>
    </line>
    <line>
      <![CDATA[Test Case Name : AddNew_Button]]>
    </line>
    <line>
      <![CDATA[Test Method Resides : Module.GeneralSetup.TC005_PolicyMasterAccessUploadData]]>
    </line>
    <line>
      <![CDATA[Test Status : STARTED]]>
    </line>
    <line>
      <![CDATA[Add New Button is working properly]]>
    </line>
    <line>
      <![CDATA[Completed Executing : TC005_PolicyMasterAccessUploadData.AddNew_Button]]>
    </line>
    <line>
      <![CDATA[Test Case Name : AddNew_Button]]>
    </line>
    <line>
      <![CDATA[Test Method Resides : Module.GeneralSetup.TC005_PolicyMasterAccessUploadData]]>
    </line>
    <line>
      <![CDATA[Test Status : PASSED]]>
    </line>
    <line>
      <![CDATA[Completed Executing : TestBase.afterMethod]]>
    </line>
    <line>
      <![CDATA[Completed Executing : TestBase.beforeMethod]]>
    </line>
    <line>
      <![CDATA[Test Case Name : Data_Upload]]>
    </line>
    <line>
      <![CDATA[Test Method Resides : Module.GeneralSetup.TC005_PolicyMasterAccessUploadData]]>
    </line>
    <line>
      <![CDATA[Test Method had the following parameters : nullHR Policy,]]>
    </line>
    <line>
      <![CDATA[Test Status : STARTED]]>
    </line>
    <line>
      <![CDATA[Policy Master Access Data added successfully]]>
    </line>
    <line>
      <![CDATA[Completed Executing : TC005_PolicyMasterAccessUploadData.Data_Upload]]>
    </line>
    <line>
      <![CDATA[Test Case Name : Data_Upload]]>
    </line>
    <line>
      <![CDATA[Test Method Resides : Module.GeneralSetup.TC005_PolicyMasterAccessUploadData]]>
    </line>
    <line>
      <![CDATA[Test Method had the following parameters : nullHR Policy,]]>
    </line>
    <line>
      <![CDATA[Test Status : PASSED]]>
    </line>
    <line>
      <![CDATA[Completed Executing : TestBase.afterMethod]]>
    </line>
    <line>
      <![CDATA[Completed Executing : TestBase.endTest]]>
    </line>
    <line>
      <![CDATA[Test finished : Policy Master Access]]>
    </line>
    <line>
      <![CDATA[Test started :  Poll Quiz Setup]]>
    </line>
    <line>
      <![CDATA[Completed Executing : TestBase.initializeTestBaseSetup]]>
    </line>
    <line>
      <![CDATA[Completed Executing : TC006_PollQuizSetupUploadData.setUp]]>
    </line>
    <line>
      <![CDATA[Completed Executing : TestBase.beforeMethod]]>
    </line>
    <line>
      <![CDATA[Test Case Name : Login]]>
    </line>
    <line>
      <![CDATA[Test Method Resides : Module.GeneralSetup.TC006_PollQuizSetupUploadData]]>
    </line>
    <line>
      <![CDATA[Test Status : STARTED]]>
    </line>
    <line>
      <![CDATA[Completed Executing : TC006_PollQuizSetupUploadData.Login]]>
    </line>
    <line>
      <![CDATA[Test Case Name : Login]]>
    </line>
    <line>
      <![CDATA[Test Method Resides : Module.GeneralSetup.TC006_PollQuizSetupUploadData]]>
    </line>
    <line>
      <![CDATA[Test Status : PASSED]]>
    </line>
    <line>
      <![CDATA[Completed Executing : TestBase.afterMethod]]>
    </line>
    <line>
      <![CDATA[Completed Executing : TestBase.beforeMethod]]>
    </line>
    <line>
      <![CDATA[Test Case Name : Target_Page]]>
    </line>
    <line>
      <![CDATA[Test Method Resides : Module.GeneralSetup.TC006_PollQuizSetupUploadData]]>
    </line>
    <line>
      <![CDATA[Test Status : STARTED]]>
    </line>
    <line>
      <![CDATA[Target page is open successfully]]>
    </line>
    <line>
      <![CDATA[Completed Executing : TC006_PollQuizSetupUploadData.Target_Page]]>
    </line>
    <line>
      <![CDATA[Test Case Name : Target_Page]]>
    </line>
    <line>
      <![CDATA[Test Method Resides : Module.GeneralSetup.TC006_PollQuizSetupUploadData]]>
    </line>
    <line>
      <![CDATA[Test Status : PASSED]]>
    </line>
    <line>
      <![CDATA[Completed Executing : TestBase.afterMethod]]>
    </line>
    <line>
      <![CDATA[Completed Executing : TestBase.beforeMethod]]>
    </line>
    <line>
      <![CDATA[Test Case Name : AddNew_Button]]>
    </line>
    <line>
      <![CDATA[Test Method Resides : Module.GeneralSetup.TC006_PollQuizSetupUploadData]]>
    </line>
    <line>
      <![CDATA[Test Status : STARTED]]>
    </line>
    <line>
      <![CDATA[Add New Button is working properly]]>
    </line>
    <line>
      <![CDATA[Completed Executing : TC006_PollQuizSetupUploadData.AddNew_Button]]>
    </line>
    <line>
      <![CDATA[Test Case Name : AddNew_Button]]>
    </line>
    <line>
      <![CDATA[Test Method Resides : Module.GeneralSetup.TC006_PollQuizSetupUploadData]]>
    </line>
    <line>
      <![CDATA[Test Status : PASSED]]>
    </line>
    <line>
      <![CDATA[Completed Executing : TestBase.afterMethod]]>
    </line>
    <line>
      <![CDATA[Completed Executing : TestBase.beforeMethod]]>
    </line>
    <line>
      <![CDATA[Test Case Name : Poll_Quiz_Setup_Data_Upload]]>
    </line>
    <line>
      <![CDATA[Test Method Resides : Module.GeneralSetup.TC006_PollQuizSetupUploadData]]>
    </line>
    <line>
      <![CDATA[Test Method had the following parameters : nullPoll,OS4569,poll,Objective,Yes,13/09/2017,20/09/2017,Company,Yes,WHAT IS TESTING,]]>
    </line>
    <line>
      <![CDATA[Test Status : STARTED]]>
    </line>
    <line>
      <![CDATA[Completed Executing : TC006_PollQuizSetupUploadData.Poll_Quiz_Setup_Data_Upload]]>
    </line>
    <line>
      <![CDATA[Test Method Resides : Module.GeneralSetup.TC006_PollQuizSetupUploadData]]>
    </line>
    <line>
      <![CDATA[Test Method had the following parameters : nullPoll,OS4569,poll,Objective,Yes,13/09/2017,20/09/2017,Company,Yes,WHAT IS TESTING,]]>
    </line>
    <line>
      <![CDATA[Test Status : FAILED]]>
    </line>
    <line>
      <![CDATA[Completed Executing : TestBase.afterMethod]]>
    </line>
    <line>
      <![CDATA[Completed Executing : TestBase.beforeMethod]]>
    </line>
    <line>
      <![CDATA[Test Case Name : Poll_Quiz_Setup_Data_Upload]]>
    </line>
    <line>
      <![CDATA[Test Method Resides : Module.GeneralSetup.TC006_PollQuizSetupUploadData]]>
    </line>
    <line>
      <![CDATA[Test Method had the following parameters : nullPoll,OS4570,poll,Objective,Yes,15/09/2018,22/09/2018,Company,Yes,WHAT IS TESTING,]]>
    </line>
    <line>
      <![CDATA[Test Status : STARTED]]>
    </line>
    <line>
      <![CDATA[Completed Executing : TC006_PollQuizSetupUploadData.Poll_Quiz_Setup_Data_Upload]]>
    </line>
    <line>
      <![CDATA[Test Case Name : Poll_Quiz_Setup_Data_Upload]]>
    </line>
    <line>
      <![CDATA[Test Method Resides : Module.GeneralSetup.TC006_PollQuizSetupUploadData]]>
    </line>
    <line>
      <![CDATA[Test Method had the following parameters : nullPoll,OS4570,poll,Objective,Yes,15/09/2018,22/09/2018,Company,Yes,WHAT IS TESTING,]]>
    </line>
    <line>
      <![CDATA[Test Status : SKIPPED]]>
    </line>
    <line>
      <![CDATA[Completed Executing : TestBase.afterMethod]]>
    </line>
    <line>
      <![CDATA[Completed Executing : TestBase.endTest]]>
    </line>
    <line>
      <![CDATA[Test finished : Poll Quiz Setup]]>
    </line>
    <line>
      <![CDATA[Test started :  Country Master]]>
    </line>
    <line>
      <![CDATA[Completed Executing : TestBase.initializeTestBaseSetup]]>
    </line>
    <line>
      <![CDATA[Completed Executing : TC007_CountryMasterUploadData.setUp]]>
    </line>
    <line>
      <![CDATA[Completed Executing : TestBase.beforeMethod]]>
    </line>
    <line>
      <![CDATA[Test Case Name : Login]]>
    </line>
    <line>
      <![CDATA[Test Method Resides : Module.RegionalSetup.TC007_CountryMasterUploadData]]>
    </line>
    <line>
      <![CDATA[Test Status : STARTED]]>
    </line>
    <line>
      <![CDATA[Completed Executing : TC007_CountryMasterUploadData.Login]]>
    </line>
    <line>
      <![CDATA[Test Case Name : Login]]>
    </line>
    <line>
      <![CDATA[Test Method Resides : Module.RegionalSetup.TC007_CountryMasterUploadData]]>
    </line>
    <line>
      <![CDATA[Test Status : PASSED]]>
    </line>
    <line>
      <![CDATA[Completed Executing : TestBase.afterMethod]]>
    </line>
    <line>
      <![CDATA[Completed Executing : TestBase.beforeMethod]]>
    </line>
    <line>
      <![CDATA[Test Case Name : Target_Page]]>
    </line>
    <line>
      <![CDATA[Test Method Resides : Module.RegionalSetup.TC007_CountryMasterUploadData]]>
    </line>
    <line>
      <![CDATA[Test Status : STARTED]]>
    </line>
    <line>
      <![CDATA[Target page is open successfully]]>
    </line>
    <line>
      <![CDATA[Completed Executing : TC007_CountryMasterUploadData.Target_Page]]>
    </line>
    <line>
      <![CDATA[Test Case Name : Target_Page]]>
    </line>
    <line>
      <![CDATA[Test Method Resides : Module.RegionalSetup.TC007_CountryMasterUploadData]]>
    </line>
    <line>
      <![CDATA[Test Status : PASSED]]>
    </line>
    <line>
      <![CDATA[Completed Executing : TestBase.afterMethod]]>
    </line>
    <line>
      <![CDATA[Completed Executing : TestBase.beforeMethod]]>
    </line>
    <line>
      <![CDATA[Test Case Name : AddNew_Button]]>
    </line>
    <line>
      <![CDATA[Test Method Resides : Module.RegionalSetup.TC007_CountryMasterUploadData]]>
    </line>
    <line>
      <![CDATA[Test Status : STARTED]]>
    </line>
    <line>
      <![CDATA[Add New Button is working properly]]>
    </line>
    <line>
      <![CDATA[Completed Executing : TC007_CountryMasterUploadData.AddNew_Button]]>
    </line>
    <line>
      <![CDATA[Test Case Name : AddNew_Button]]>
    </line>
    <line>
      <![CDATA[Test Method Resides : Module.RegionalSetup.TC007_CountryMasterUploadData]]>
    </line>
    <line>
      <![CDATA[Test Status : PASSED]]>
    </line>
    <line>
      <![CDATA[Completed Executing : TestBase.afterMethod]]>
    </line>
    <line>
      <![CDATA[Completed Executing : TestBase.beforeMethod]]>
    </line>
    <line>
      <![CDATA[Test Case Name : Data_Upload]]>
    </line>
    <line>
      <![CDATA[Test Method Resides : Module.RegionalSetup.TC007_CountryMasterUploadData]]>
    </line>
    <line>
      <![CDATA[Test Method had the following parameters : null95626,Indiagk,13,Yes,]]>
    </line>
    <line>
      <![CDATA[Test Status : STARTED]]>
    </line>
    <line>
      <![CDATA[Country Master Data added successfully]]>
    </line>
    <line>
      <![CDATA[Completed Executing : TC007_CountryMasterUploadData.Data_Upload]]>
    </line>
    <line>
      <![CDATA[Test Case Name : Data_Upload]]>
    </line>
    <line>
      <![CDATA[Test Method Resides : Module.RegionalSetup.TC007_CountryMasterUploadData]]>
    </line>
    <line>
      <![CDATA[Test Method had the following parameters : null95626,Indiagk,13,Yes,]]>
    </line>
    <line>
      <![CDATA[Test Status : PASSED]]>
    </line>
    <line>
      <![CDATA[Completed Executing : TestBase.afterMethod]]>
    </line>
    <line>
      <![CDATA[Completed Executing : TestBase.beforeMethod]]>
    </line>
    <line>
      <![CDATA[Test Case Name : Data_Upload]]>
    </line>
    <line>
      <![CDATA[Test Method Resides : Module.RegionalSetup.TC007_CountryMasterUploadData]]>
    </line>
    <line>
      <![CDATA[Test Method had the following parameters : null95627,Indiahk,14,Yes,]]>
    </line>
    <line>
      <![CDATA[Test Status : STARTED]]>
    </line>
    <line>
      <![CDATA[Country Master Data added successfully]]>
    </line>
    <line>
      <![CDATA[Completed Executing : TC007_CountryMasterUploadData.Data_Upload]]>
    </line>
    <line>
      <![CDATA[Test Case Name : Data_Upload]]>
    </line>
    <line>
      <![CDATA[Test Method Resides : Module.RegionalSetup.TC007_CountryMasterUploadData]]>
    </line>
    <line>
      <![CDATA[Test Method had the following parameters : null95627,Indiahk,14,Yes,]]>
    </line>
    <line>
      <![CDATA[Test Status : PASSED]]>
    </line>
    <line>
      <![CDATA[Completed Executing : TestBase.afterMethod]]>
    </line>
    <line>
      <![CDATA[Completed Executing : TestBase.endTest]]>
    </line>
    <line>
      <![CDATA[Test finished : Country Master]]>
    </line>
    <line>
      <![CDATA[Test started :  State Master]]>
    </line>
    <line>
      <![CDATA[Completed Executing : TestBase.initializeTestBaseSetup]]>
    </line>
    <line>
      <![CDATA[Completed Executing : TC008_StateMasterUploadData.setUp]]>
    </line>
    <line>
      <![CDATA[Completed Executing : TestBase.beforeMethod]]>
    </line>
    <line>
      <![CDATA[Test Case Name : Login]]>
    </line>
    <line>
      <![CDATA[Test Method Resides : Module.RegionalSetup.TC008_StateMasterUploadData]]>
    </line>
    <line>
      <![CDATA[Test Status : STARTED]]>
    </line>
    <line>
      <![CDATA[Completed Executing : TC008_StateMasterUploadData.Login]]>
    </line>
    <line>
      <![CDATA[Test Case Name : Login]]>
    </line>
    <line>
      <![CDATA[Test Method Resides : Module.RegionalSetup.TC008_StateMasterUploadData]]>
    </line>
    <line>
      <![CDATA[Test Status : PASSED]]>
    </line>
    <line>
      <![CDATA[Completed Executing : TestBase.afterMethod]]>
    </line>
    <line>
      <![CDATA[Completed Executing : TestBase.beforeMethod]]>
    </line>
    <line>
      <![CDATA[Test Case Name : Target_Page]]>
    </line>
    <line>
      <![CDATA[Test Method Resides : Module.RegionalSetup.TC008_StateMasterUploadData]]>
    </line>
    <line>
      <![CDATA[Test Status : STARTED]]>
    </line>
    <line>
      <![CDATA[Target page is open successfully]]>
    </line>
    <line>
      <![CDATA[Completed Executing : TC008_StateMasterUploadData.Target_Page]]>
    </line>
    <line>
      <![CDATA[Test Case Name : Target_Page]]>
    </line>
    <line>
      <![CDATA[Test Method Resides : Module.RegionalSetup.TC008_StateMasterUploadData]]>
    </line>
    <line>
      <![CDATA[Test Status : PASSED]]>
    </line>
    <line>
      <![CDATA[Completed Executing : TestBase.afterMethod]]>
    </line>
    <line>
      <![CDATA[Completed Executing : TestBase.beforeMethod]]>
    </line>
    <line>
      <![CDATA[Test Case Name : AddNew_Button]]>
    </line>
    <line>
      <![CDATA[Test Method Resides : Module.RegionalSetup.TC008_StateMasterUploadData]]>
    </line>
    <line>
      <![CDATA[Test Status : STARTED]]>
    </line>
    <line>
      <![CDATA[Add New Button is working properly]]>
    </line>
    <line>
      <![CDATA[Completed Executing : TC008_StateMasterUploadData.AddNew_Button]]>
    </line>
    <line>
      <![CDATA[Test Case Name : AddNew_Button]]>
    </line>
    <line>
      <![CDATA[Test Method Resides : Module.RegionalSetup.TC008_StateMasterUploadData]]>
    </line>
    <line>
      <![CDATA[Test Status : PASSED]]>
    </line>
    <line>
      <![CDATA[Completed Executing : TestBase.afterMethod]]>
    </line>
    <line>
      <![CDATA[Completed Executing : TestBase.beforeMethod]]>
    </line>
    <line>
      <![CDATA[Test Case Name : Data_Upload]]>
    </line>
    <line>
      <![CDATA[Test Method Resides : Module.RegionalSetup.TC008_StateMasterUploadData]]>
    </line>
    <line>
      <![CDATA[Test Method had the following parameters : nullindia,387,DHM,Yes,No,]]>
    </line>
    <line>
      <![CDATA[Test Status : STARTED]]>
    </line>
    <line>
      <![CDATA[State Master Data Not Added successfully : page crashed]]>
    </line>
    <line>
      <![CDATA[Completed Executing : TC008_StateMasterUploadData.Data_Upload]]>
    </line>
    <line>
      <![CDATA[Test Method Resides : Module.RegionalSetup.TC008_StateMasterUploadData]]>
    </line>
    <line>
      <![CDATA[Test Method had the following parameters : nullindia,387,DHM,Yes,No,]]>
    </line>
    <line>
      <![CDATA[Test Status : FAILED]]>
    </line>
    <line>
      <![CDATA[Completed Executing : TestBase.afterMethod]]>
    </line>
    <line>
      <![CDATA[Completed Executing : TestBase.beforeMethod]]>
    </line>
    <line>
      <![CDATA[Test Case Name : Data_Upload]]>
    </line>
    <line>
      <![CDATA[Test Method Resides : Module.RegionalSetup.TC008_StateMasterUploadData]]>
    </line>
    <line>
      <![CDATA[Test Method had the following parameters : nullindia,388,DHJ,No,Yes,]]>
    </line>
    <line>
      <![CDATA[Test Status : STARTED]]>
    </line>
    <line>
      <![CDATA[Completed Executing : TC008_StateMasterUploadData.Data_Upload]]>
    </line>
    <line>
      <![CDATA[Test Method Resides : Module.RegionalSetup.TC008_StateMasterUploadData]]>
    </line>
    <line>
      <![CDATA[Test Method had the following parameters : nullindia,388,DHJ,No,Yes,]]>
    </line>
    <line>
      <![CDATA[Test Status : FAILED]]>
    </line>
    <line>
      <![CDATA[Completed Executing : TestBase.afterMethod]]>
    </line>
    <line>
      <![CDATA[Completed Executing : TestBase.endTest]]>
    </line>
    <line>
      <![CDATA[Test finished : State Master]]>
    </line>
    <line>
      <![CDATA[Test started :  City Master]]>
    </line>
    <line>
      <![CDATA[Completed Executing : TestBase.initializeTestBaseSetup]]>
    </line>
    <line>
      <![CDATA[Completed Executing : TC009_CityMasterUploadData.setUp]]>
    </line>
    <line>
      <![CDATA[Completed Executing : TestBase.beforeMethod]]>
    </line>
    <line>
      <![CDATA[Test Case Name : Login]]>
    </line>
    <line>
      <![CDATA[Test Method Resides : Module.RegionalSetup.TC009_CityMasterUploadData]]>
    </line>
    <line>
      <![CDATA[Test Status : STARTED]]>
    </line>
    <line>
      <![CDATA[Completed Executing : TC009_CityMasterUploadData.Login]]>
    </line>
    <line>
      <![CDATA[Test Case Name : Login]]>
    </line>
    <line>
      <![CDATA[Test Method Resides : Module.RegionalSetup.TC009_CityMasterUploadData]]>
    </line>
    <line>
      <![CDATA[Test Status : PASSED]]>
    </line>
    <line>
      <![CDATA[Completed Executing : TestBase.afterMethod]]>
    </line>
    <line>
      <![CDATA[Completed Executing : TestBase.beforeMethod]]>
    </line>
    <line>
      <![CDATA[Test Case Name : Target_Page]]>
    </line>
    <line>
      <![CDATA[Test Method Resides : Module.RegionalSetup.TC009_CityMasterUploadData]]>
    </line>
    <line>
      <![CDATA[Test Status : STARTED]]>
    </line>
    <line>
      <![CDATA[Target page is open successfully]]>
    </line>
    <line>
      <![CDATA[Completed Executing : TC009_CityMasterUploadData.Target_Page]]>
    </line>
    <line>
      <![CDATA[Test Case Name : Target_Page]]>
    </line>
    <line>
      <![CDATA[Test Method Resides : Module.RegionalSetup.TC009_CityMasterUploadData]]>
    </line>
    <line>
      <![CDATA[Test Status : PASSED]]>
    </line>
    <line>
      <![CDATA[Completed Executing : TestBase.afterMethod]]>
    </line>
    <line>
      <![CDATA[Completed Executing : TestBase.beforeMethod]]>
    </line>
    <line>
      <![CDATA[Test Case Name : AddNew_Button]]>
    </line>
    <line>
      <![CDATA[Test Method Resides : Module.RegionalSetup.TC009_CityMasterUploadData]]>
    </line>
    <line>
      <![CDATA[Test Status : STARTED]]>
    </line>
    <line>
      <![CDATA[Add New Button is working properly]]>
    </line>
    <line>
      <![CDATA[Completed Executing : TC009_CityMasterUploadData.AddNew_Button]]>
    </line>
    <line>
      <![CDATA[Test Case Name : AddNew_Button]]>
    </line>
    <line>
      <![CDATA[Test Method Resides : Module.RegionalSetup.TC009_CityMasterUploadData]]>
    </line>
    <line>
      <![CDATA[Test Status : PASSED]]>
    </line>
    <line>
      <![CDATA[Completed Executing : TestBase.afterMethod]]>
    </line>
    <line>
      <![CDATA[Completed Executing : TestBase.beforeMethod]]>
    </line>
    <line>
      <![CDATA[Test Case Name : Data_Upload]]>
    </line>
    <line>
      <![CDATA[Test Method Resides : Module.RegionalSetup.TC009_CityMasterUploadData]]>
    </line>
    <line>
      <![CDATA[Test Method had the following parameters : nullAAALEKA,aamazon,GLWZ,anceghhGZ,Yes,]]>
    </line>
    <line>
      <![CDATA[Test Status : STARTED]]>
    </line>
    <line>
      <![CDATA[City Master Data Not Added successfully : page crashed]]>
    </line>
    <line>
      <![CDATA[Completed Executing : TC009_CityMasterUploadData.Data_Upload]]>
    </line>
    <line>
      <![CDATA[Test Method Resides : Module.RegionalSetup.TC009_CityMasterUploadData]]>
    </line>
    <line>
      <![CDATA[Test Method had the following parameters : nullAAALEKA,aamazon,GLWZ,anceghhGZ,Yes,]]>
    </line>
    <line>
      <![CDATA[Test Status : FAILED]]>
    </line>
    <line>
      <![CDATA[Completed Executing : TestBase.afterMethod]]>
    </line>
    <line>
      <![CDATA[Completed Executing : TestBase.endTest]]>
    </line>
    <line>
      <![CDATA[Test finished : City Master]]>
    </line>
    <line>
      <![CDATA[Test started :  Nationality Master]]>
    </line>
    <line>
      <![CDATA[Completed Executing : TestBase.initializeTestBaseSetup]]>
    </line>
    <line>
      <![CDATA[Completed Executing : TC010_NationalityMasterUploadData.setUp]]>
    </line>
    <line>
      <![CDATA[Completed Executing : TestBase.beforeMethod]]>
    </line>
    <line>
      <![CDATA[Test Case Name : Login]]>
    </line>
    <line>
      <![CDATA[Test Method Resides : Module.RegionalSetup.TC010_NationalityMasterUploadData]]>
    </line>
    <line>
      <![CDATA[Test Status : STARTED]]>
    </line>
    <line>
      <![CDATA[Completed Executing : TC010_NationalityMasterUploadData.Login]]>
    </line>
    <line>
      <![CDATA[Test Case Name : Login]]>
    </line>
    <line>
      <![CDATA[Test Method Resides : Module.RegionalSetup.TC010_NationalityMasterUploadData]]>
    </line>
    <line>
      <![CDATA[Test Status : PASSED]]>
    </line>
    <line>
      <![CDATA[Completed Executing : TestBase.afterMethod]]>
    </line>
    <line>
      <![CDATA[Completed Executing : TestBase.beforeMethod]]>
    </line>
    <line>
      <![CDATA[Test Case Name : Target_Page]]>
    </line>
    <line>
      <![CDATA[Test Method Resides : Module.RegionalSetup.TC010_NationalityMasterUploadData]]>
    </line>
    <line>
      <![CDATA[Test Status : STARTED]]>
    </line>
    <line>
      <![CDATA[Target page is open successfully]]>
    </line>
    <line>
      <![CDATA[Completed Executing : TC010_NationalityMasterUploadData.Target_Page]]>
    </line>
    <line>
      <![CDATA[Test Case Name : Target_Page]]>
    </line>
    <line>
      <![CDATA[Test Method Resides : Module.RegionalSetup.TC010_NationalityMasterUploadData]]>
    </line>
    <line>
      <![CDATA[Test Status : PASSED]]>
    </line>
    <line>
      <![CDATA[Completed Executing : TestBase.afterMethod]]>
    </line>
    <line>
      <![CDATA[Completed Executing : TestBase.beforeMethod]]>
    </line>
    <line>
      <![CDATA[Test Case Name : AddNew_Button]]>
    </line>
    <line>
      <![CDATA[Test Method Resides : Module.RegionalSetup.TC010_NationalityMasterUploadData]]>
    </line>
    <line>
      <![CDATA[Test Status : STARTED]]>
    </line>
    <line>
      <![CDATA[Add New Button is working properly]]>
    </line>
    <line>
      <![CDATA[Completed Executing : TC010_NationalityMasterUploadData.AddNew_Button]]>
    </line>
    <line>
      <![CDATA[Test Case Name : AddNew_Button]]>
    </line>
    <line>
      <![CDATA[Test Method Resides : Module.RegionalSetup.TC010_NationalityMasterUploadData]]>
    </line>
    <line>
      <![CDATA[Test Status : PASSED]]>
    </line>
    <line>
      <![CDATA[Completed Executing : TestBase.afterMethod]]>
    </line>
    <line>
      <![CDATA[Completed Executing : TestBase.beforeMethod]]>
    </line>
    <line>
      <![CDATA[Test Case Name : Data_Upload]]>
    </line>
    <line>
      <![CDATA[Test Method Resides : Module.RegionalSetup.TC010_NationalityMasterUploadData]]>
    </line>
    <line>
      <![CDATA[Test Method had the following parameters : null761.0,SPT,]]>
    </line>
    <line>
      <![CDATA[Test Status : STARTED]]>
    </line>
    <line>
      <![CDATA[Nationality Master Data Not Added successfully : page crashed]]>
    </line>
    <line>
      <![CDATA[Completed Executing : TC010_NationalityMasterUploadData.Data_Upload]]>
    </line>
    <line>
      <![CDATA[Test Method Resides : Module.RegionalSetup.TC010_NationalityMasterUploadData]]>
    </line>
    <line>
      <![CDATA[Test Method had the following parameters : null761.0,SPT,]]>
    </line>
    <line>
      <![CDATA[Test Status : FAILED]]>
    </line>
    <line>
      <![CDATA[Completed Executing : TestBase.afterMethod]]>
    </line>
    <line>
      <![CDATA[Completed Executing : TestBase.endTest]]>
    </line>
    <line>
      <![CDATA[Test finished : Nationality Master]]>
    </line>
    <line>
      <![CDATA[Test started :  Currency Master]]>
    </line>
    <line>
      <![CDATA[Completed Executing : TestBase.initializeTestBaseSetup]]>
    </line>
    <line>
      <![CDATA[Completed Executing : TC011_CurrencyMasterUploadData.setUp]]>
    </line>
    <line>
      <![CDATA[Completed Executing : TestBase.beforeMethod]]>
    </line>
    <line>
      <![CDATA[Test Case Name : Login]]>
    </line>
    <line>
      <![CDATA[Test Method Resides : Module.RegionalSetup.TC011_CurrencyMasterUploadData]]>
    </line>
    <line>
      <![CDATA[Test Status : STARTED]]>
    </line>
    <line>
      <![CDATA[Completed Executing : TC011_CurrencyMasterUploadData.Login]]>
    </line>
    <line>
      <![CDATA[Test Case Name : Login]]>
    </line>
    <line>
      <![CDATA[Test Method Resides : Module.RegionalSetup.TC011_CurrencyMasterUploadData]]>
    </line>
    <line>
      <![CDATA[Test Status : PASSED]]>
    </line>
    <line>
      <![CDATA[Completed Executing : TestBase.afterMethod]]>
    </line>
    <line>
      <![CDATA[Completed Executing : TestBase.beforeMethod]]>
    </line>
    <line>
      <![CDATA[Test Case Name : Target_Page]]>
    </line>
    <line>
      <![CDATA[Test Method Resides : Module.RegionalSetup.TC011_CurrencyMasterUploadData]]>
    </line>
    <line>
      <![CDATA[Test Status : STARTED]]>
    </line>
    <line>
      <![CDATA[Target page is open successfully]]>
    </line>
    <line>
      <![CDATA[Completed Executing : TC011_CurrencyMasterUploadData.Target_Page]]>
    </line>
    <line>
      <![CDATA[Test Case Name : Target_Page]]>
    </line>
    <line>
      <![CDATA[Test Method Resides : Module.RegionalSetup.TC011_CurrencyMasterUploadData]]>
    </line>
    <line>
      <![CDATA[Test Status : PASSED]]>
    </line>
    <line>
      <![CDATA[Completed Executing : TestBase.afterMethod]]>
    </line>
    <line>
      <![CDATA[Completed Executing : TestBase.beforeMethod]]>
    </line>
    <line>
      <![CDATA[Test Case Name : AddNew_Button]]>
    </line>
    <line>
      <![CDATA[Test Method Resides : Module.RegionalSetup.TC011_CurrencyMasterUploadData]]>
    </line>
    <line>
      <![CDATA[Test Status : STARTED]]>
    </line>
    <line>
      <![CDATA[Add New Button is working properly]]>
    </line>
    <line>
      <![CDATA[Completed Executing : TC011_CurrencyMasterUploadData.AddNew_Button]]>
    </line>
    <line>
      <![CDATA[Test Case Name : AddNew_Button]]>
    </line>
    <line>
      <![CDATA[Test Method Resides : Module.RegionalSetup.TC011_CurrencyMasterUploadData]]>
    </line>
    <line>
      <![CDATA[Test Status : PASSED]]>
    </line>
    <line>
      <![CDATA[Completed Executing : TestBase.afterMethod]]>
    </line>
    <line>
      <![CDATA[Completed Executing : TestBase.beforeMethod]]>
    </line>
    <line>
      <![CDATA[Test Case Name : Data_Upload]]>
    </line>
    <line>
      <![CDATA[Test Method Resides : Module.RegionalSetup.TC011_CurrencyMasterUploadData]]>
    </line>
    <line>
      <![CDATA[Test Method had the following parameters : nullAUEW,SDUS,USD,Yes,]]>
    </line>
    <line>
      <![CDATA[Test Status : STARTED]]>
    </line>
    <line>
      <![CDATA[Currency Master Data added successfully]]>
    </line>
    <line>
      <![CDATA[Completed Executing : TC011_CurrencyMasterUploadData.Data_Upload]]>
    </line>
    <line>
      <![CDATA[Test Case Name : Data_Upload]]>
    </line>
    <line>
      <![CDATA[Test Method Resides : Module.RegionalSetup.TC011_CurrencyMasterUploadData]]>
    </line>
    <line>
      <![CDATA[Test Method had the following parameters : nullAUEW,SDUS,USD,Yes,]]>
    </line>
    <line>
      <![CDATA[Test Status : PASSED]]>
    </line>
    <line>
      <![CDATA[Completed Executing : TestBase.afterMethod]]>
    </line>
    <line>
      <![CDATA[Completed Executing : TestBase.beforeMethod]]>
    </line>
    <line>
      <![CDATA[Test Case Name : Data_Upload]]>
    </line>
    <line>
      <![CDATA[Test Method Resides : Module.RegionalSetup.TC011_CurrencyMasterUploadData]]>
    </line>
    <line>
      <![CDATA[Test Method had the following parameters : nullAUSK,FFF,USD,Yes,]]>
    </line>
    <line>
      <![CDATA[Test Status : STARTED]]>
    </line>
    <line>
      <![CDATA[Currency Master Data added successfully]]>
    </line>
    <line>
      <![CDATA[Completed Executing : TC011_CurrencyMasterUploadData.Data_Upload]]>
    </line>
    <line>
      <![CDATA[Test Case Name : Data_Upload]]>
    </line>
    <line>
      <![CDATA[Test Method Resides : Module.RegionalSetup.TC011_CurrencyMasterUploadData]]>
    </line>
    <line>
      <![CDATA[Test Method had the following parameters : nullAUSK,FFF,USD,Yes,]]>
    </line>
    <line>
      <![CDATA[Test Status : PASSED]]>
    </line>
    <line>
      <![CDATA[Completed Executing : TestBase.afterMethod]]>
    </line>
    <line>
      <![CDATA[Completed Executing : TestBase.endTest]]>
    </line>
    <line>
      <![CDATA[Test finished : Currency Master]]>
    </line>
    <line>
      <![CDATA[Test started :  Currency rate Master]]>
    </line>
    <line>
      <![CDATA[Completed Executing : TestBase.initializeTestBaseSetup]]>
    </line>
    <line>
      <![CDATA[Completed Executing : TC012_CurrencyRateMasterUploadData.setUp]]>
    </line>
    <line>
      <![CDATA[Completed Executing : TestBase.beforeMethod]]>
    </line>
    <line>
      <![CDATA[Test Case Name : Login]]>
    </line>
    <line>
      <![CDATA[Test Method Resides : Module.RegionalSetup.TC012_CurrencyRateMasterUploadData]]>
    </line>
    <line>
      <![CDATA[Test Status : STARTED]]>
    </line>
    <line>
      <![CDATA[Completed Executing : TC012_CurrencyRateMasterUploadData.Login]]>
    </line>
    <line>
      <![CDATA[Test Case Name : Login]]>
    </line>
    <line>
      <![CDATA[Test Method Resides : Module.RegionalSetup.TC012_CurrencyRateMasterUploadData]]>
    </line>
    <line>
      <![CDATA[Test Status : PASSED]]>
    </line>
    <line>
      <![CDATA[Completed Executing : TestBase.afterMethod]]>
    </line>
    <line>
      <![CDATA[Completed Executing : TestBase.beforeMethod]]>
    </line>
    <line>
      <![CDATA[Test Case Name : Target_Page]]>
    </line>
    <line>
      <![CDATA[Test Method Resides : Module.RegionalSetup.TC012_CurrencyRateMasterUploadData]]>
    </line>
    <line>
      <![CDATA[Test Status : STARTED]]>
    </line>
    <line>
      <![CDATA[Target page is open successfully]]>
    </line>
    <line>
      <![CDATA[Completed Executing : TC012_CurrencyRateMasterUploadData.Target_Page]]>
    </line>
    <line>
      <![CDATA[Test Case Name : Target_Page]]>
    </line>
    <line>
      <![CDATA[Test Method Resides : Module.RegionalSetup.TC012_CurrencyRateMasterUploadData]]>
    </line>
    <line>
      <![CDATA[Test Status : PASSED]]>
    </line>
    <line>
      <![CDATA[Completed Executing : TestBase.afterMethod]]>
    </line>
    <line>
      <![CDATA[Completed Executing : TestBase.beforeMethod]]>
    </line>
    <line>
      <![CDATA[Test Case Name : AddNew_Button]]>
    </line>
    <line>
      <![CDATA[Test Method Resides : Module.RegionalSetup.TC012_CurrencyRateMasterUploadData]]>
    </line>
    <line>
      <![CDATA[Test Status : STARTED]]>
    </line>
    <line>
      <![CDATA[Add New Button is working properly]]>
    </line>
    <line>
      <![CDATA[Completed Executing : TC012_CurrencyRateMasterUploadData.AddNew_Button]]>
    </line>
    <line>
      <![CDATA[Test Case Name : AddNew_Button]]>
    </line>
    <line>
      <![CDATA[Test Method Resides : Module.RegionalSetup.TC012_CurrencyRateMasterUploadData]]>
    </line>
    <line>
      <![CDATA[Test Status : PASSED]]>
    </line>
    <line>
      <![CDATA[Completed Executing : TestBase.afterMethod]]>
    </line>
    <line>
      <![CDATA[Completed Executing : TestBase.beforeMethod]]>
    </line>
    <line>
      <![CDATA[Test Case Name : Data_Upload]]>
    </line>
    <line>
      <![CDATA[Test Method Resides : Module.RegionalSetup.TC012_CurrencyRateMasterUploadData]]>
    </line>
    <line>
      <![CDATA[Test Method had the following parameters : nullEUR1,EUR1,15/09/2017,20/09/2017,1,Yes,]]>
    </line>
    <line>
      <![CDATA[Test Status : STARTED]]>
    </line>
    <line>
      <![CDATA[Currency Rate Master Data added successfully]]>
    </line>
    <line>
      <![CDATA[Completed Executing : TC012_CurrencyRateMasterUploadData.Data_Upload]]>
    </line>
    <line>
      <![CDATA[Test Case Name : Data_Upload]]>
    </line>
    <line>
      <![CDATA[Test Method Resides : Module.RegionalSetup.TC012_CurrencyRateMasterUploadData]]>
    </line>
    <line>
      <![CDATA[Test Method had the following parameters : nullEUR1,EUR1,15/09/2017,20/09/2017,1,Yes,]]>
    </line>
    <line>
      <![CDATA[Test Status : PASSED]]>
    </line>
    <line>
      <![CDATA[Completed Executing : TestBase.afterMethod]]>
    </line>
    <line>
      <![CDATA[Completed Executing : TestBase.endTest]]>
    </line>
    <line>
      <![CDATA[Test finished : Currency rate Master]]>
    </line>
    <line>
      <![CDATA[Test started :  Branch Master]]>
    </line>
    <line>
      <![CDATA[Completed Executing : TestBase.initializeTestBaseSetup]]>
    </line>
    <line>
      <![CDATA[Completed Executing : TC013_BranchMasterUploadData.setUp]]>
    </line>
    <line>
      <![CDATA[Completed Executing : TestBase.beforeMethod]]>
    </line>
    <line>
      <![CDATA[Test Case Name : Login]]>
    </line>
    <line>
      <![CDATA[Test Method Resides : Module.OrganizationalSetup.TC013_BranchMasterUploadData]]>
    </line>
    <line>
      <![CDATA[Test Status : STARTED]]>
    </line>
    <line>
      <![CDATA[Completed Executing : TC013_BranchMasterUploadData.Login]]>
    </line>
    <line>
      <![CDATA[Test Case Name : Login]]>
    </line>
    <line>
      <![CDATA[Test Method Resides : Module.OrganizationalSetup.TC013_BranchMasterUploadData]]>
    </line>
    <line>
      <![CDATA[Test Status : PASSED]]>
    </line>
    <line>
      <![CDATA[Completed Executing : TestBase.afterMethod]]>
    </line>
    <line>
      <![CDATA[Completed Executing : TestBase.beforeMethod]]>
    </line>
    <line>
      <![CDATA[Test Case Name : Target_Page]]>
    </line>
    <line>
      <![CDATA[Test Method Resides : Module.OrganizationalSetup.TC013_BranchMasterUploadData]]>
    </line>
    <line>
      <![CDATA[Test Status : STARTED]]>
    </line>
    <line>
      <![CDATA[Target page is open successfully]]>
    </line>
    <line>
      <![CDATA[Completed Executing : TC013_BranchMasterUploadData.Target_Page]]>
    </line>
    <line>
      <![CDATA[Test Case Name : Target_Page]]>
    </line>
    <line>
      <![CDATA[Test Method Resides : Module.OrganizationalSetup.TC013_BranchMasterUploadData]]>
    </line>
    <line>
      <![CDATA[Test Status : PASSED]]>
    </line>
    <line>
      <![CDATA[Completed Executing : TestBase.afterMethod]]>
    </line>
    <line>
      <![CDATA[Completed Executing : TestBase.beforeMethod]]>
    </line>
    <line>
      <![CDATA[Test Case Name : AddNew_Button]]>
    </line>
    <line>
      <![CDATA[Test Method Resides : Module.OrganizationalSetup.TC013_BranchMasterUploadData]]>
    </line>
    <line>
      <![CDATA[Test Status : STARTED]]>
    </line>
    <line>
      <![CDATA[Add New Button is working properly]]>
    </line>
    <line>
      <![CDATA[Completed Executing : TC013_BranchMasterUploadData.AddNew_Button]]>
    </line>
    <line>
      <![CDATA[Test Case Name : AddNew_Button]]>
    </line>
    <line>
      <![CDATA[Test Method Resides : Module.OrganizationalSetup.TC013_BranchMasterUploadData]]>
    </line>
    <line>
      <![CDATA[Test Status : PASSED]]>
    </line>
    <line>
      <![CDATA[Completed Executing : TestBase.afterMethod]]>
    </line>
    <line>
      <![CDATA[Completed Executing : TestBase.beforeMethod]]>
    </line>
    <line>
      <![CDATA[Test Case Name : Data_Upload]]>
    </line>
    <line>
      <![CDATA[Test Method Resides : Module.OrganizationalSetup.TC013_BranchMasterUploadData]]>
    </line>
    <line>
      <![CDATA[Test Method had the following parameters : nullABR535,NewyorwDf,nkdf,Bihar,Adagg,Test Data,Yes,]]>
    </line>
    <line>
      <![CDATA[Test Status : STARTED]]>
    </line>
    <line>
      <![CDATA[Branch Master Data added successfully]]>
    </line>
    <line>
      <![CDATA[Completed Executing : TC013_BranchMasterUploadData.Data_Upload]]>
    </line>
    <line>
      <![CDATA[Test Case Name : Data_Upload]]>
    </line>
    <line>
      <![CDATA[Test Method Resides : Module.OrganizationalSetup.TC013_BranchMasterUploadData]]>
    </line>
    <line>
      <![CDATA[Test Method had the following parameters : nullABR535,NewyorwDf,nkdf,Bihar,Adagg,Test Data,Yes,]]>
    </line>
    <line>
      <![CDATA[Test Status : PASSED]]>
    </line>
    <line>
      <![CDATA[Completed Executing : TestBase.afterMethod]]>
    </line>
    <line>
      <![CDATA[Completed Executing : TestBase.beforeMethod]]>
    </line>
    <line>
      <![CDATA[Test Case Name : Data_Upload]]>
    </line>
    <line>
      <![CDATA[Test Method Resides : Module.OrganizationalSetup.TC013_BranchMasterUploadData]]>
    </line>
    <line>
      <![CDATA[Test Method had the following parameters : nullABR625,NewyorqFf,nkgf,Bihar,dfdsdd,Test Data,Yes,]]>
    </line>
    <line>
      <![CDATA[Test Status : STARTED]]>
    </line>
    <line>
      <![CDATA[Branch Master Data added successfully]]>
    </line>
    <line>
      <![CDATA[Completed Executing : TC013_BranchMasterUploadData.Data_Upload]]>
    </line>
    <line>
      <![CDATA[Test Case Name : Data_Upload]]>
    </line>
    <line>
      <![CDATA[Test Method Resides : Module.OrganizationalSetup.TC013_BranchMasterUploadData]]>
    </line>
    <line>
      <![CDATA[Test Method had the following parameters : nullABR625,NewyorqFf,nkgf,Bihar,dfdsdd,Test Data,Yes,]]>
    </line>
    <line>
      <![CDATA[Test Status : PASSED]]>
    </line>
    <line>
      <![CDATA[Completed Executing : TestBase.afterMethod]]>
    </line>
    <line>
      <![CDATA[Completed Executing : TestBase.endTest]]>
    </line>
    <line>
      <![CDATA[Test finished : Branch Master]]>
    </line>
    <line>
      <![CDATA[Test started :  Division Master]]>
    </line>
    <line>
      <![CDATA[Completed Executing : TestBase.initializeTestBaseSetup]]>
    </line>
    <line>
      <![CDATA[Completed Executing : TC014_DivisionMasterUploadData.setUp]]>
    </line>
    <line>
      <![CDATA[Completed Executing : TestBase.beforeMethod]]>
    </line>
    <line>
      <![CDATA[Test Case Name : Login]]>
    </line>
    <line>
      <![CDATA[Test Method Resides : Module.OrganizationalSetup.TC014_DivisionMasterUploadData]]>
    </line>
    <line>
      <![CDATA[Test Status : STARTED]]>
    </line>
    <line>
      <![CDATA[Completed Executing : TC014_DivisionMasterUploadData.Login]]>
    </line>
    <line>
      <![CDATA[Test Case Name : Login]]>
    </line>
    <line>
      <![CDATA[Test Method Resides : Module.OrganizationalSetup.TC014_DivisionMasterUploadData]]>
    </line>
    <line>
      <![CDATA[Test Status : SKIPPED]]>
    </line>
    <line>
      <![CDATA[Completed Executing : TestBase.afterMethod]]>
    </line>
    <line>
      <![CDATA[Test Case Name : Target_Page]]>
    </line>
    <line>
      <![CDATA[Test Method Resides : Module.OrganizationalSetup.TC014_DivisionMasterUploadData]]>
    </line>
    <line>
      <![CDATA[Test Status : SKIPPED]]>
    </line>
    <line>
      <![CDATA[Test Case Name : AddNew_Button]]>
    </line>
    <line>
      <![CDATA[Test Method Resides : Module.OrganizationalSetup.TC014_DivisionMasterUploadData]]>
    </line>
    <line>
      <![CDATA[Test Status : SKIPPED]]>
    </line>
    <line>
      <![CDATA[Test Case Name : Data_Upload]]>
    </line>
    <line>
      <![CDATA[Test Method Resides : Module.OrganizationalSetup.TC014_DivisionMasterUploadData]]>
    </line>
    <line>
      <![CDATA[Test Status : SKIPPED]]>
    </line>
    <line>
      <![CDATA[Completed Executing : TestBase.endTest]]>
    </line>
    <line>
      <![CDATA[Test finished : Division Master]]>
    </line>
    <line>
      <![CDATA[Test started :  Department Master]]>
    </line>
    <line>
      <![CDATA[Completed Executing : TestBase.initializeTestBaseSetup]]>
    </line>
    <line>
      <![CDATA[Completed Executing : TC015_DepartmentMasterUploadData.setUp]]>
    </line>
    <line>
      <![CDATA[Completed Executing : TestBase.beforeMethod]]>
    </line>
    <line>
      <![CDATA[Test Case Name : Login]]>
    </line>
    <line>
      <![CDATA[Test Method Resides : Module.OrganizationalSetup.TC015_DepartmentMasterUploadData]]>
    </line>
    <line>
      <![CDATA[Test Status : STARTED]]>
    </line>
    <line>
      <![CDATA[Completed Executing : TC015_DepartmentMasterUploadData.Login]]>
    </line>
    <line>
      <![CDATA[Test Case Name : Login]]>
    </line>
    <line>
      <![CDATA[Test Method Resides : Module.OrganizationalSetup.TC015_DepartmentMasterUploadData]]>
    </line>
    <line>
      <![CDATA[Test Status : SKIPPED]]>
    </line>
    <line>
      <![CDATA[Completed Executing : TestBase.afterMethod]]>
    </line>
    <line>
      <![CDATA[Test Case Name : Target_Page]]>
    </line>
    <line>
      <![CDATA[Test Method Resides : Module.OrganizationalSetup.TC015_DepartmentMasterUploadData]]>
    </line>
    <line>
      <![CDATA[Test Status : SKIPPED]]>
    </line>
    <line>
      <![CDATA[Test Case Name : AddNew_Button]]>
    </line>
    <line>
      <![CDATA[Test Method Resides : Module.OrganizationalSetup.TC015_DepartmentMasterUploadData]]>
    </line>
    <line>
      <![CDATA[Test Status : SKIPPED]]>
    </line>
    <line>
      <![CDATA[Test Case Name : Data_Upload]]>
    </line>
    <line>
      <![CDATA[Test Method Resides : Module.OrganizationalSetup.TC015_DepartmentMasterUploadData]]>
    </line>
    <line>
      <![CDATA[Test Status : SKIPPED]]>
    </line>
    <line>
      <![CDATA[Test Case Name : Edit_Record]]>
    </line>
    <line>
      <![CDATA[Test Method Resides : Module.OrganizationalSetup.TC015_DepartmentMasterUploadData]]>
    </line>
    <line>
      <![CDATA[Test Status : SKIPPED]]>
    </line>
    <line>
      <![CDATA[Completed Executing : TestBase.endTest]]>
    </line>
    <line>
      <![CDATA[Test finished : Department Master]]>
    </line>
    <line>
      <![CDATA[Test started :  Sub Department Master]]>
    </line>
    <line>
      <![CDATA[Completed Executing : TestBase.initializeTestBaseSetup]]>
    </line>
    <line>
      <![CDATA[Completed Executing : TC016_SubDepartmentMasterUploadData.setUp]]>
    </line>
    <line>
      <![CDATA[Completed Executing : TestBase.beforeMethod]]>
    </line>
    <line>
      <![CDATA[Test Case Name : Login]]>
    </line>
    <line>
      <![CDATA[Test Method Resides : Module.OrganizationalSetup.TC016_SubDepartmentMasterUploadData]]>
    </line>
    <line>
      <![CDATA[Test Status : STARTED]]>
    </line>
    <line>
      <![CDATA[Completed Executing : TC016_SubDepartmentMasterUploadData.Login]]>
    </line>
    <line>
      <![CDATA[Test Case Name : Login]]>
    </line>
    <line>
      <![CDATA[Test Method Resides : Module.OrganizationalSetup.TC016_SubDepartmentMasterUploadData]]>
    </line>
    <line>
      <![CDATA[Test Status : PASSED]]>
    </line>
    <line>
      <![CDATA[Completed Executing : TestBase.afterMethod]]>
    </line>
    <line>
      <![CDATA[Completed Executing : TestBase.beforeMethod]]>
    </line>
    <line>
      <![CDATA[Test Case Name : Target_Page]]>
    </line>
    <line>
      <![CDATA[Test Method Resides : Module.OrganizationalSetup.TC016_SubDepartmentMasterUploadData]]>
    </line>
    <line>
      <![CDATA[Test Status : STARTED]]>
    </line>
    <line>
      <![CDATA[Target page is open successfully]]>
    </line>
    <line>
      <![CDATA[Completed Executing : TC016_SubDepartmentMasterUploadData.Target_Page]]>
    </line>
    <line>
      <![CDATA[Test Case Name : Target_Page]]>
    </line>
    <line>
      <![CDATA[Test Method Resides : Module.OrganizationalSetup.TC016_SubDepartmentMasterUploadData]]>
    </line>
    <line>
      <![CDATA[Test Status : PASSED]]>
    </line>
    <line>
      <![CDATA[Completed Executing : TestBase.afterMethod]]>
    </line>
    <line>
      <![CDATA[Completed Executing : TestBase.beforeMethod]]>
    </line>
    <line>
      <![CDATA[Test Case Name : AddNew_Button]]>
    </line>
    <line>
      <![CDATA[Test Method Resides : Module.OrganizationalSetup.TC016_SubDepartmentMasterUploadData]]>
    </line>
    <line>
      <![CDATA[Test Status : STARTED]]>
    </line>
    <line>
      <![CDATA[Add New Button is working properly]]>
    </line>
    <line>
      <![CDATA[Completed Executing : TC016_SubDepartmentMasterUploadData.AddNew_Button]]>
    </line>
    <line>
      <![CDATA[Test Case Name : AddNew_Button]]>
    </line>
    <line>
      <![CDATA[Test Method Resides : Module.OrganizationalSetup.TC016_SubDepartmentMasterUploadData]]>
    </line>
    <line>
      <![CDATA[Test Status : PASSED]]>
    </line>
    <line>
      <![CDATA[Completed Executing : TestBase.afterMethod]]>
    </line>
    <line>
      <![CDATA[Completed Executing : TestBase.beforeMethod]]>
    </line>
    <line>
      <![CDATA[Test Case Name : Data_Upload]]>
    </line>
    <line>
      <![CDATA[Test Method Resides : Module.OrganizationalSetup.TC016_SubDepartmentMasterUploadData]]>
    </line>
    <line>
      <![CDATA[Test Method had the following parameters : null17,qa testing,qat,software,Test Data,Yes,]]>
    </line>
    <line>
      <![CDATA[Test Status : STARTED]]>
    </line>
    <line>
      <![CDATA[Department Master Data added successfully]]>
    </line>
    <line>
      <![CDATA[Record Added successfully]]>
    </line>
    <line>
      <![CDATA[Completed Executing : TC016_SubDepartmentMasterUploadData.Data_Upload]]>
    </line>
    <line>
      <![CDATA[Test Case Name : Data_Upload]]>
    </line>
    <line>
      <![CDATA[Test Method Resides : Module.OrganizationalSetup.TC016_SubDepartmentMasterUploadData]]>
    </line>
    <line>
      <![CDATA[Test Method had the following parameters : null17,qa testing,qat,software,Test Data,Yes,]]>
    </line>
    <line>
      <![CDATA[Test Status : PASSED]]>
    </line>
    <line>
      <![CDATA[Completed Executing : TestBase.afterMethod]]>
    </line>
    <line>
      <![CDATA[Completed Executing : TestBase.beforeMethod]]>
    </line>
    <line>
      <![CDATA[Test Case Name : Data_Upload]]>
    </line>
    <line>
      <![CDATA[Test Method Resides : Module.OrganizationalSetup.TC016_SubDepartmentMasterUploadData]]>
    </line>
    <line>
      <![CDATA[Test Method had the following parameters : null18,dv development,dvd,software,Test Data,No,]]>
    </line>
    <line>
      <![CDATA[Test Status : STARTED]]>
    </line>
    <line>
      <![CDATA[Department Master Data added successfully]]>
    </line>
    <line>
      <![CDATA[Record Added successfully]]>
    </line>
    <line>
      <![CDATA[Completed Executing : TC016_SubDepartmentMasterUploadData.Data_Upload]]>
    </line>
    <line>
      <![CDATA[Test Case Name : Data_Upload]]>
    </line>
    <line>
      <![CDATA[Test Method Resides : Module.OrganizationalSetup.TC016_SubDepartmentMasterUploadData]]>
    </line>
    <line>
      <![CDATA[Test Method had the following parameters : null18,dv development,dvd,software,Test Data,No,]]>
    </line>
    <line>
      <![CDATA[Test Status : PASSED]]>
    </line>
    <line>
      <![CDATA[Completed Executing : TestBase.afterMethod]]>
    </line>
    <line>
      <![CDATA[Completed Executing : TestBase.beforeMethod]]>
    </line>
    <line>
      <![CDATA[Test Case Name : Edit_Record]]>
    </line>
    <line>
      <![CDATA[Test Method Resides : Module.OrganizationalSetup.TC016_SubDepartmentMasterUploadData]]>
    </line>
    <line>
      <![CDATA[Test Status : STARTED]]>
    </line>
    <line>
      <![CDATA[Record Not Added]]>
    </line>
    <line>
      <![CDATA[Completed Executing : TC016_SubDepartmentMasterUploadData.Edit_Record]]>
    </line>
    <line>
      <![CDATA[Test Method Resides : Module.OrganizationalSetup.TC016_SubDepartmentMasterUploadData]]>
    </line>
    <line>
      <![CDATA[Test Status : FAILED]]>
    </line>
    <line>
      <![CDATA[Completed Executing : TestBase.afterMethod]]>
    </line>
    <line>
      <![CDATA[Completed Executing : TestBase.endTest]]>
    </line>
    <line>
      <![CDATA[Test finished : Sub Department Master]]>
    </line>
    <line>
      <![CDATA[Test started :  Cost Center Master]]>
    </line>
    <line>
      <![CDATA[Completed Executing : TestBase.initializeTestBaseSetup]]>
    </line>
    <line>
      <![CDATA[Completed Executing : TC017_CostCenterMasterUploadData.setUp]]>
    </line>
    <line>
      <![CDATA[Completed Executing : TestBase.beforeMethod]]>
    </line>
    <line>
      <![CDATA[Test Case Name : Login]]>
    </line>
    <line>
      <![CDATA[Test Method Resides : Module.OrganizationalSetup.TC017_CostCenterMasterUploadData]]>
    </line>
    <line>
      <![CDATA[Test Status : STARTED]]>
    </line>
    <line>
      <![CDATA[Completed Executing : TC017_CostCenterMasterUploadData.Login]]>
    </line>
    <line>
      <![CDATA[Test Case Name : Login]]>
    </line>
    <line>
      <![CDATA[Test Method Resides : Module.OrganizationalSetup.TC017_CostCenterMasterUploadData]]>
    </line>
    <line>
      <![CDATA[Test Status : SKIPPED]]>
    </line>
    <line>
      <![CDATA[Completed Executing : TestBase.afterMethod]]>
    </line>
    <line>
      <![CDATA[Test Case Name : Target_Page]]>
    </line>
    <line>
      <![CDATA[Test Method Resides : Module.OrganizationalSetup.TC017_CostCenterMasterUploadData]]>
    </line>
    <line>
      <![CDATA[Test Status : SKIPPED]]>
    </line>
    <line>
      <![CDATA[Test Case Name : AddNew_Button]]>
    </line>
    <line>
      <![CDATA[Test Method Resides : Module.OrganizationalSetup.TC017_CostCenterMasterUploadData]]>
    </line>
    <line>
      <![CDATA[Test Status : SKIPPED]]>
    </line>
    <line>
      <![CDATA[Test Case Name : Data_Upload]]>
    </line>
    <line>
      <![CDATA[Test Method Resides : Module.OrganizationalSetup.TC017_CostCenterMasterUploadData]]>
    </line>
    <line>
      <![CDATA[Test Status : SKIPPED]]>
    </line>
    <line>
      <![CDATA[Test Case Name : Edit_Record]]>
    </line>
    <line>
      <![CDATA[Test Method Resides : Module.OrganizationalSetup.TC017_CostCenterMasterUploadData]]>
    </line>
    <line>
      <![CDATA[Test Status : SKIPPED]]>
    </line>
    <line>
      <![CDATA[Completed Executing : TestBase.endTest]]>
    </line>
    <line>
      <![CDATA[Test finished : Cost Center Master]]>
    </line>
    <line>
      <![CDATA[Test started :  Position Master]]>
    </line>
    <line>
      <![CDATA[Completed Executing : TestBase.initializeTestBaseSetup]]>
    </line>
    <line>
      <![CDATA[Completed Executing : TC018_PositionMasterUploadData.setUp]]>
    </line>
    <line>
      <![CDATA[Completed Executing : TestBase.beforeMethod]]>
    </line>
    <line>
      <![CDATA[Test Case Name : Login]]>
    </line>
    <line>
      <![CDATA[Test Method Resides : Module.OrganizationalSetup.TC018_PositionMasterUploadData]]>
    </line>
    <line>
      <![CDATA[Test Status : STARTED]]>
    </line>
    <line>
      <![CDATA[Completed Executing : TC018_PositionMasterUploadData.Login]]>
    </line>
    <line>
      <![CDATA[Test Case Name : Login]]>
    </line>
    <line>
      <![CDATA[Test Method Resides : Module.OrganizationalSetup.TC018_PositionMasterUploadData]]>
    </line>
    <line>
      <![CDATA[Test Status : PASSED]]>
    </line>
    <line>
      <![CDATA[Completed Executing : TestBase.afterMethod]]>
    </line>
    <line>
      <![CDATA[Completed Executing : TestBase.beforeMethod]]>
    </line>
    <line>
      <![CDATA[Test Case Name : Target_Page]]>
    </line>
    <line>
      <![CDATA[Test Method Resides : Module.OrganizationalSetup.TC018_PositionMasterUploadData]]>
    </line>
    <line>
      <![CDATA[Test Status : STARTED]]>
    </line>
    <line>
      <![CDATA[Target page is open successfully]]>
    </line>
    <line>
      <![CDATA[Completed Executing : TC018_PositionMasterUploadData.Target_Page]]>
    </line>
    <line>
      <![CDATA[Test Case Name : Target_Page]]>
    </line>
    <line>
      <![CDATA[Test Method Resides : Module.OrganizationalSetup.TC018_PositionMasterUploadData]]>
    </line>
    <line>
      <![CDATA[Test Status : PASSED]]>
    </line>
    <line>
      <![CDATA[Completed Executing : TestBase.afterMethod]]>
    </line>
    <line>
      <![CDATA[Completed Executing : TestBase.beforeMethod]]>
    </line>
    <line>
      <![CDATA[Test Case Name : AddNew_Button]]>
    </line>
    <line>
      <![CDATA[Test Method Resides : Module.OrganizationalSetup.TC018_PositionMasterUploadData]]>
    </line>
    <line>
      <![CDATA[Test Status : STARTED]]>
    </line>
    <line>
      <![CDATA[Add New Button is working properly]]>
    </line>
    <line>
      <![CDATA[Completed Executing : TC018_PositionMasterUploadData.AddNew_Button]]>
    </line>
    <line>
      <![CDATA[Test Case Name : AddNew_Button]]>
    </line>
    <line>
      <![CDATA[Test Method Resides : Module.OrganizationalSetup.TC018_PositionMasterUploadData]]>
    </line>
    <line>
      <![CDATA[Test Status : PASSED]]>
    </line>
    <line>
      <![CDATA[Completed Executing : TestBase.afterMethod]]>
    </line>
    <line>
      <![CDATA[Completed Executing : TestBase.beforeMethod]]>
    </line>
    <line>
      <![CDATA[Test Case Name : Data_Upload]]>
    </line>
    <line>
      <![CDATA[Test Method Resides : Module.OrganizationalSetup.TC018_PositionMasterUploadData]]>
    </line>
    <line>
      <![CDATA[Test Method had the following parameters : null457.0,Soft IT B,SIF,Administration,Test Data,Yes,Yes,No,Yes,]]>
    </line>
    <line>
      <![CDATA[Test Status : STARTED]]>
    </line>
    <line>
      <![CDATA[Position Master Data added successfully]]>
    </line>
    <line>
      <![CDATA[Record Added successfully]]>
    </line>
    <line>
      <![CDATA[Completed Executing : TC018_PositionMasterUploadData.Data_Upload]]>
    </line>
    <line>
      <![CDATA[Test Case Name : Data_Upload]]>
    </line>
    <line>
      <![CDATA[Test Method Resides : Module.OrganizationalSetup.TC018_PositionMasterUploadData]]>
    </line>
    <line>
      <![CDATA[Test Method had the following parameters : null457.0,Soft IT B,SIF,Administration,Test Data,Yes,Yes,No,Yes,]]>
    </line>
    <line>
      <![CDATA[Test Status : PASSED]]>
    </line>
    <line>
      <![CDATA[Completed Executing : TestBase.afterMethod]]>
    </line>
    <line>
      <![CDATA[Completed Executing : TestBase.beforeMethod]]>
    </line>
    <line>
      <![CDATA[Test Case Name : Edit_Record]]>
    </line>
    <line>
      <![CDATA[Test Method Resides : Module.OrganizationalSetup.TC018_PositionMasterUploadData]]>
    </line>
    <line>
      <![CDATA[Test Status : STARTED]]>
    </line>
    <line>
      <![CDATA[Record Added Successfully]]>
    </line>
    <line>
      <![CDATA[Completed Executing : TC018_PositionMasterUploadData.Edit_Record]]>
    </line>
    <line>
      <![CDATA[Test Case Name : Edit_Record]]>
    </line>
    <line>
      <![CDATA[Test Method Resides : Module.OrganizationalSetup.TC018_PositionMasterUploadData]]>
    </line>
    <line>
      <![CDATA[Test Status : PASSED]]>
    </line>
    <line>
      <![CDATA[Completed Executing : TestBase.afterMethod]]>
    </line>
    <line>
      <![CDATA[Completed Executing : TestBase.endTest]]>
    </line>
    <line>
      <![CDATA[Test finished : Position Master]]>
    </line>
    <line>
      <![CDATA[Test started :  Level Master]]>
    </line>
    <line>
      <![CDATA[Completed Executing : TestBase.initializeTestBaseSetup]]>
    </line>
    <line>
      <![CDATA[Completed Executing : TC019_LevelMasterUploadData.setUp]]>
    </line>
    <line>
      <![CDATA[Completed Executing : TestBase.beforeMethod]]>
    </line>
    <line>
      <![CDATA[Test Case Name : Login]]>
    </line>
    <line>
      <![CDATA[Test Method Resides : Module.OrganizationalSetup.TC019_LevelMasterUploadData]]>
    </line>
    <line>
      <![CDATA[Test Status : STARTED]]>
    </line>
    <line>
      <![CDATA[Completed Executing : TC019_LevelMasterUploadData.Login]]>
    </line>
    <line>
      <![CDATA[Test Case Name : Login]]>
    </line>
    <line>
      <![CDATA[Test Method Resides : Module.OrganizationalSetup.TC019_LevelMasterUploadData]]>
    </line>
    <line>
      <![CDATA[Test Status : PASSED]]>
    </line>
    <line>
      <![CDATA[Completed Executing : TestBase.afterMethod]]>
    </line>
    <line>
      <![CDATA[Completed Executing : TestBase.beforeMethod]]>
    </line>
    <line>
      <![CDATA[Test Case Name : Target_Page]]>
    </line>
    <line>
      <![CDATA[Test Method Resides : Module.OrganizationalSetup.TC019_LevelMasterUploadData]]>
    </line>
    <line>
      <![CDATA[Test Status : STARTED]]>
    </line>
    <line>
      <![CDATA[Target page is open successfully]]>
    </line>
    <line>
      <![CDATA[Completed Executing : TC019_LevelMasterUploadData.Target_Page]]>
    </line>
    <line>
      <![CDATA[Test Case Name : Target_Page]]>
    </line>
    <line>
      <![CDATA[Test Method Resides : Module.OrganizationalSetup.TC019_LevelMasterUploadData]]>
    </line>
    <line>
      <![CDATA[Test Status : PASSED]]>
    </line>
    <line>
      <![CDATA[Completed Executing : TestBase.afterMethod]]>
    </line>
    <line>
      <![CDATA[Completed Executing : TestBase.beforeMethod]]>
    </line>
    <line>
      <![CDATA[Test Case Name : AddNew_Button]]>
    </line>
    <line>
      <![CDATA[Test Method Resides : Module.OrganizationalSetup.TC019_LevelMasterUploadData]]>
    </line>
    <line>
      <![CDATA[Test Status : STARTED]]>
    </line>
    <line>
      <![CDATA[Add New Button is working properly]]>
    </line>
    <line>
      <![CDATA[Completed Executing : TC019_LevelMasterUploadData.AddNew_Button]]>
    </line>
    <line>
      <![CDATA[Test Case Name : AddNew_Button]]>
    </line>
    <line>
      <![CDATA[Test Method Resides : Module.OrganizationalSetup.TC019_LevelMasterUploadData]]>
    </line>
    <line>
      <![CDATA[Test Status : PASSED]]>
    </line>
    <line>
      <![CDATA[Completed Executing : TestBase.afterMethod]]>
    </line>
    <line>
      <![CDATA[Completed Executing : TestBase.beforeMethod]]>
    </line>
    <line>
      <![CDATA[Test Case Name : Data_Upload]]>
    </line>
    <line>
      <![CDATA[Test Method Resides : Module.OrganizationalSetup.TC019_LevelMasterUploadData]]>
    </line>
    <line>
      <![CDATA[Test Method had the following parameters : nullOsource India Pvt Ltd,HG88,Level31,Test level,Yes,]]>
    </line>
    <line>
      <![CDATA[Test Status : STARTED]]>
    </line>
    <line>
      <![CDATA[Level Master Data added successfully]]>
    </line>
    <line>
      <![CDATA[Record Added successfully]]>
    </line>
    <line>
      <![CDATA[Completed Executing : TC019_LevelMasterUploadData.Data_Upload]]>
    </line>
    <line>
      <![CDATA[Test Case Name : Data_Upload]]>
    </line>
    <line>
      <![CDATA[Test Method Resides : Module.OrganizationalSetup.TC019_LevelMasterUploadData]]>
    </line>
    <line>
      <![CDATA[Test Method had the following parameters : nullOsource India Pvt Ltd,HG88,Level31,Test level,Yes,]]>
    </line>
    <line>
      <![CDATA[Test Status : PASSED]]>
    </line>
    <line>
      <![CDATA[Completed Executing : TestBase.afterMethod]]>
    </line>
    <line>
[...]
          <reporter-output>
            <line>
              <![CDATA[Completed Executing : TestBase.endTest]]>
            </line>
          </reporter-output>
        </test-method> <!-- endTest -->
      </class> <!-- Module.ApplicationMonitor.TC026_ParameterGroupMasterUploadData -->
    </test> <!-- Parameter Group Master -->
    <test name="Application Usage" duration-ms="159740" started-at="2017-11-16T05:46:48Z" finished-at="2017-11-16T05:49:28Z">
      <class name="Module.ApplicationMonitor.TC027_ApplicationUsageUploadData">
        <test-method status="PASS" signature="initializeTestBaseSetup(java.lang.String)[pri:0, instance:Module.ApplicationMonitor.TC027_ApplicationUsageUploadData@8d971b]" name="initializeTestBaseSetup" is-config="true" duration-ms="39425" started-at="2017-11-16T11:16:48Z" finished-at="2017-11-16T11:17:28Z">
          <params>
            <param index="0">
              <value>
                <![CDATA[firefox]]>
              </value>
            </param>
          </params>
          <reporter-output>
            <line>
              <![CDATA[Completed Executing : TestBase.initializeTestBaseSetup]]>
            </line>
          </reporter-output>
        </test-method> <!-- initializeTestBaseSetup -->
        <test-method status="PASS" signature="setUp()[pri:0, instance:Module.ApplicationMonitor.TC027_ApplicationUsageUploadData@8d971b]" name="setUp" is-config="true" duration-ms="1" started-at="2017-11-16T11:17:28Z" finished-at="2017-11-16T11:17:28Z">
          <reporter-output>
            <line>
              <![CDATA[Completed Executing : TC027_ApplicationUsageUploadData.setUp]]>
            </line>
          </reporter-output>
        </test-method> <!-- setUp -->
        <test-method status="PASS" signature="Login()[pri:0, instance:Module.ApplicationMonitor.TC027_ApplicationUsageUploadData@8d971b]" name="Login" duration-ms="1296" started-at="2017-11-16T11:17:28Z" finished-at="2017-11-16T11:17:29Z">
          <reporter-output>
            <line>
              <![CDATA[Completed Executing : TC027_ApplicationUsageUploadData.Login]]>
            </line>
            <line>
              <![CDATA[Test Case Name : Login]]>
            </line>
            <line>
              <![CDATA[Test Method Resides : Module.ApplicationMonitor.TC027_ApplicationUsageUploadData]]>
            </line>
            <line>
              <![CDATA[Test Status : PASSED]]>
            </line>
          </reporter-output>
        </test-method> <!-- Login -->
        <test-method status="PASS" signature="beforeMethod(java.lang.reflect.Method)[pri:0, instance:Module.ApplicationMonitor.TC027_ApplicationUsageUploadData@8d971b]" name="beforeMethod" is-config="true" duration-ms="0" started-at="2017-11-16T11:17:28Z" finished-at="2017-11-16T11:17:28Z">
          <params>
            <param index="0">
              <value>
                <![CDATA[public void Module.ApplicationMonitor.TC027_ApplicationUsageUploadData.Login() throws java.lang.Exception]]>
              </value>
            </param>
          </params>
          <reporter-output>
            <line>
              <![CDATA[Completed Executing : TestBase.beforeMethod]]>
            </line>
          </reporter-output>
        </test-method> <!-- beforeMethod -->
        <test-method status="PASS" signature="afterMethod(org.testng.ITestResult)[pri:0, instance:Module.ApplicationMonitor.TC027_ApplicationUsageUploadData@8d971b]" name="afterMethod" is-config="true" duration-ms="2203" started-at="2017-11-16T11:17:29Z" finished-at="2017-11-16T11:17:31Z">
          <params>
            <param index="0">
              <value>
                <![CDATA[[TestResult name=Login status=SUCCESS method=TC027_ApplicationUsageUploadData.Login()[pri:0, instance:Module.ApplicationMonitor.TC027_ApplicationUsageUploadData@8d971b] output=Completed Executing : TC027_ApplicationUsageUploadData.Login]]]>
              </value>
            </param>
          </params>
          <reporter-output>
            <line>
              <![CDATA[Completed Executing : TestBase.afterMethod]]>
            </line>
          </reporter-output>
        </test-method> <!-- afterMethod -->
        <test-method status="PASS" signature="beforeMethod(java.lang.reflect.Method)[pri:0, instance:Module.ApplicationMonitor.TC027_ApplicationUsageUploadData@8d971b]" name="beforeMethod" is-config="true" duration-ms="1" started-at="2017-11-16T11:17:31Z" finished-at="2017-11-16T11:17:31Z">
          <params>
            <param index="0">
              <value>
                <![CDATA[public void Module.ApplicationMonitor.TC027_ApplicationUsageUploadData.Target_Page() throws java.lang.Exception]]>
              </value>
            </param>
          </params>
          <reporter-output>
            <line>
              <![CDATA[Completed Executing : TestBase.beforeMethod]]>
            </line>
          </reporter-output>
        </test-method> <!-- beforeMethod -->
        <test-method status="PASS" signature="Target_Page()[pri:0, instance:Module.ApplicationMonitor.TC027_ApplicationUsageUploadData@8d971b]" name="Target_Page" duration-ms="67893" depends-on-groups="pgmLogin" started-at="2017-11-16T11:17:31Z" finished-at="2017-11-16T11:18:39Z">
          <reporter-output>
            <line>
              <![CDATA[Target page is open successfully]]>
            </line>
            <line>
              <![CDATA[Completed Executing : TC027_ApplicationUsageUploadData.Target_Page]]>
            </line>
            <line>
              <![CDATA[Test Case Name : Target_Page]]>
            </line>
            <line>
              <![CDATA[Test Method Resides : Module.ApplicationMonitor.TC027_ApplicationUsageUploadData]]>
            </line>
            <line>
              <![CDATA[Test Status : PASSED]]>
            </line>
          </reporter-output>
        </test-method> <!-- Target_Page -->
        <test-method status="PASS" signature="afterMethod(org.testng.ITestResult)[pri:0, instance:Module.ApplicationMonitor.TC027_ApplicationUsageUploadData@8d971b]" name="afterMethod" is-config="true" duration-ms="2191" started-at="2017-11-16T11:18:39Z" finished-at="2017-11-16T11:18:41Z">
          <params>
            <param index="0">
              <value>
                <![CDATA[[TestResult name=Target_Page status=SUCCESS method=TC027_ApplicationUsageUploadData.Target_Page()[pri:0, instance:Module.ApplicationMonitor.TC027_ApplicationUsageUploadData@8d971b] output=Target page is open successfully]]]>
              </value>
            </param>
          </params>
          <reporter-output>
            <line>
              <![CDATA[Completed Executing : TestBase.afterMethod]]>
            </line>
          </reporter-output>
        </test-method> <!-- afterMethod -->
        <test-method status="PASS" signature="beforeMethod(java.lang.reflect.Method)[pri:0, instance:Module.ApplicationMonitor.TC027_ApplicationUsageUploadData@8d971b]" name="beforeMethod" is-config="true" duration-ms="1" started-at="2017-11-16T11:18:41Z" finished-at="2017-11-16T11:18:41Z">
          <params>
            <param index="0">
              <value>
                <![CDATA[public void Module.ApplicationMonitor.TC027_ApplicationUsageUploadData.AddNew_Button()]]>
              </value>
            </param>
          </params>
          <reporter-output>
            <line>
              <![CDATA[Completed Executing : TestBase.beforeMethod]]>
            </line>
          </reporter-output>
        </test-method> <!-- beforeMethod -->
        <test-method status="PASS" signature="AddNew_Button()[pri:0, instance:Module.ApplicationMonitor.TC027_ApplicationUsageUploadData@8d971b]" name="AddNew_Button" duration-ms="7591" depends-on-groups="pgmTargetPage" started-at="2017-11-16T11:18:41Z" finished-at="2017-11-16T11:18:49Z">
          <reporter-output>
            <line>
              <![CDATA[Add New Button is working properly]]>
            </line>
            <line>
              <![CDATA[Completed Executing : TC027_ApplicationUsageUploadData.AddNew_Button]]>
            </line>
            <line>
              <![CDATA[Test Case Name : AddNew_Button]]>
            </line>
            <line>
              <![CDATA[Test Method Resides : Module.ApplicationMonitor.TC027_ApplicationUsageUploadData]]>
            </line>
            <line>
              <![CDATA[Test Status : PASSED]]>
            </line>
          </reporter-output>
        </test-method> <!-- AddNew_Button -->
        <test-method status="PASS" signature="afterMethod(org.testng.ITestResult)[pri:0, instance:Module.ApplicationMonitor.TC027_ApplicationUsageUploadData@8d971b]" name="afterMethod" is-config="true" duration-ms="2164" started-at="2017-11-16T11:18:49Z" finished-at="2017-11-16T11:18:51Z">
          <params>
            <param index="0">
              <value>
                <![CDATA[[TestResult name=AddNew_Button status=SUCCESS method=TC027_ApplicationUsageUploadData.AddNew_Button()[pri:0, instance:Module.ApplicationMonitor.TC027_ApplicationUsageUploadData@8d971b] output=Add New Button is working properly]]]>
              </value>
            </param>
          </params>
          <reporter-output>
            <line>
              <![CDATA[Completed Executing : TestBase.afterMethod]]>
            </line>
          </reporter-output>
        </test-method> <!-- afterMethod -->
        <test-method status="PASS" signature="beforeMethod(java.lang.reflect.Method)[pri:0, instance:Module.ApplicationMonitor.TC027_ApplicationUsageUploadData@8d971b]" name="beforeMethod" is-config="true" duration-ms="1" started-at="2017-11-16T11:18:51Z" finished-at="2017-11-16T11:18:51Z">
          <params>
            <param index="0">
              <value>
                <![CDATA[public void Module.ApplicationMonitor.TC027_ApplicationUsageUploadData.Data_Upload(java.lang.String,java.lang.String,java.lang.String,java.lang.String) throws java.lang.Exception]]>
              </value>
            </param>
          </params>
          <reporter-output>
            <line>
              <![CDATA[Completed Executing : TestBase.beforeMethod]]>
            </line>
          </reporter-output>
        </test-method> <!-- beforeMethod -->
        <test-method status="SKIP" signature="Data_Upload(java.lang.String, java.lang.String, java.lang.String, java.lang.String)[pri:0, instance:Module.ApplicationMonitor.TC027_ApplicationUsageUploadData@8d971b]" name="Data_Upload" duration-ms="32009" depends-on-groups="pgmAddNewStatusTypeButton" started-at="2017-11-16T11:18:51Z" data-provider="ApplicationUsageData" finished-at="2017-11-16T11:19:23Z">
          <params>
            <param index="0">
              <value>
                <![CDATA[test status]]>
              </value>
            </param>
            <param index="1">
              <value>
                <![CDATA[test1]]>
              </value>
            </param>
            <param index="2">
              <value>
                <![CDATA[data tested]]>
              </value>
            </param>
            <param index="3">
              <value>
                <![CDATA[Yes]]>
              </value>
            </param>
          </params>
          <exception class="org.testng.SkipException">
            <message>
              <![CDATA[Not Found Element : Status Type]]>
            </message>
            <full-stacktrace>
              <![CDATA[org.testng.SkipException: Not Found Element : Status Type
	at pom.TestBase.BaseClass.click(BaseClass.java:122)
	at pom.ObjectPages.uiActions.ApplicationUsage.Test_AddNewDataUpload(ApplicationUsage.java:142)
	at Module.ApplicationMonitor.TC027_ApplicationUsageUploadData.Data_Upload(TC027_ApplicationUsageUploadData.java:80)
	at sun.reflect.NativeMethodAccessorImpl.invoke0(Native Method)
	at sun.reflect.NativeMethodAccessorImpl.invoke(Unknown Source)
	at sun.reflect.DelegatingMethodAccessorImpl.invoke(Unknown Source)
	at java.lang.reflect.Method.invoke(Unknown Source)
	at org.testng.internal.MethodInvocationHelper.invokeMethod(MethodInvocationHelper.java:85)
	at org.testng.internal.Invoker.invokeMethod(Invoker.java:639)
	at org.testng.internal.Invoker.invokeTestMethod(Invoker.java:821)
	at org.testng.internal.Invoker.invokeTestMethods(Invoker.java:1131)
	at org.testng.internal.TestMethodWorker.invokeTestMethods(TestMethodWorker.java:124)
	at org.testng.internal.TestMethodWorker.run(TestMethodWorker.java:108)
	at org.testng.TestRunner.privateRun(TestRunner.java:773)
	at org.testng.TestRunner.run(TestRunner.java:623)
	at org.testng.SuiteRunner.runTest(SuiteRunner.java:357)
	at org.testng.SuiteRunner.access$000(SuiteRunner.java:39)
	at org.testng.SuiteRunner$SuiteWorker.run(SuiteRunner.java:391)
	at org.testng.internal.thread.ThreadUtil$2.call(ThreadUtil.java:64)
	at java.util.concurrent.FutureTask.run(Unknown Source)
	at java.util.concurrent.ThreadPoolExecutor.runWorker(Unknown Source)
	at java.util.concurrent.ThreadPoolExecutor$Worker.run(Unknown Source)
	at java.lang.Thread.run(Unknown Source)
]]>
            </full-stacktrace>
          </exception> <!-- org.testng.SkipException -->
          <reporter-output>
            <line>
              <![CDATA[Completed Executing : TC027_ApplicationUsageUploadData.Data_Upload]]>
            </line>
            <line>
              <![CDATA[Test Case Name : Data_Upload]]>
            </line>
            <line>
              <![CDATA[Test Method Resides : Module.ApplicationMonitor.TC027_ApplicationUsageUploadData]]>
            </line>
            <line>
              <![CDATA[Test Method had the following parameters : nulltest status,test1,data tested,Yes,]]>
            </line>
            <line>
              <![CDATA[Test Status : SKIPPED]]>
            </line>
          </reporter-output>
        </test-method> <!-- Data_Upload -->
        <test-method status="PASS" signature="afterMethod(org.testng.ITestResult)[pri:0, instance:Module.ApplicationMonitor.TC027_ApplicationUsageUploadData@8d971b]" name="afterMethod" is-config="true" duration-ms="2137" started-at="2017-11-16T11:19:23Z" finished-at="2017-11-16T11:19:25Z">
          <params>
            <param index="0">
              <value>
                <![CDATA[[TestResult name=Data_Upload status=SKIP method=TC027_ApplicationUsageUploadData.Data_Upload(java.lang.String, java.lang.String, java.lang.String, java.lang.String)[pri:0, instance:Module.ApplicationMonitor.TC027_ApplicationUsageUploadData@8d971b] output=Completed Executing : TC027_ApplicationUsageUploadData.Data_Upload]]]>
              </value>
            </param>
          </params>
          <reporter-output>
            <line>
              <![CDATA[Completed Executing : TestBase.afterMethod]]>
            </line>
          </reporter-output>
        </test-method> <!-- afterMethod -->
        <test-method status="PASS" signature="beforeMethod(java.lang.reflect.Method)[pri:0, instance:Module.ApplicationMonitor.TC027_ApplicationUsageUploadData@8d971b]" name="beforeMethod" is-config="true" duration-ms="0" started-at="2017-11-16T11:19:25Z" finished-at="2017-11-16T11:19:25Z">
          <params>
            <param index="0">
              <value>
                <![CDATA[public void Module.ApplicationMonitor.TC027_ApplicationUsageUploadData.Edit_Record()]]>
              </value>
            </param>
          </params>
          <reporter-output>
            <line>
              <![CDATA[Completed Executing : TestBase.beforeMethod]]>
            </line>
          </reporter-output>
        </test-method> <!-- beforeMethod -->
        <test-method status="FAIL" signature="Edit_Record()[pri:0, instance:Module.ApplicationMonitor.TC027_ApplicationUsageUploadData@8d971b]" name="Edit_Record" duration-ms="8" depends-on-groups="pgmAddNewStatusTypeButton" started-at="2017-11-16T11:19:25Z" finished-at="2017-11-16T11:19:25Z">
          <exception class="java.lang.NullPointerException">
            <full-stacktrace>
              <![CDATA[java.lang.NullPointerException
	at pom.ObjectPages.uiActions.ApplicationUsage.Test_EditRecord(ApplicationUsage.java:172)
	at Module.ApplicationMonitor.TC027_ApplicationUsageUploadData.Edit_Record(TC027_ApplicationUsageUploadData.java:102)
	at sun.reflect.NativeMethodAccessorImpl.invoke0(Native Method)
	at sun.reflect.NativeMethodAccessorImpl.invoke(Unknown Source)
	at sun.reflect.DelegatingMethodAccessorImpl.invoke(Unknown Source)
	at java.lang.reflect.Method.invoke(Unknown Source)
	at org.testng.internal.MethodInvocationHelper.invokeMethod(MethodInvocationHelper.java:85)
	at org.testng.internal.Invoker.invokeMethod(Invoker.java:639)
	at org.testng.internal.Invoker.invokeTestMethod(Invoker.java:821)
	at org.testng.internal.Invoker.invokeTestMethods(Invoker.java:1131)
	at org.testng.internal.TestMethodWorker.invokeTestMethods(TestMethodWorker.java:124)
	at org.testng.internal.TestMethodWorker.run(TestMethodWorker.java:108)
	at org.testng.TestRunner.privateRun(TestRunner.java:773)
	at org.testng.TestRunner.run(TestRunner.java:623)
	at org.testng.SuiteRunner.runTest(SuiteRunner.java:357)
	at org.testng.SuiteRunner.access$000(SuiteRunner.java:39)
	at org.testng.SuiteRunner$SuiteWorker.run(SuiteRunner.java:391)
	at org.testng.internal.thread.ThreadUtil$2.call(ThreadUtil.java:64)
	at java.util.concurrent.FutureTask.run(Unknown Source)
	at java.util.concurrent.ThreadPoolExecutor.runWorker(Unknown Source)
	at java.util.concurrent.ThreadPoolExecutor$Worker.run(Unknown Source)
	at java.lang.Thread.run(Unknown Source)
]]>
            </full-stacktrace>
          </exception> <!-- java.lang.NullPointerException -->
          <reporter-output>
            <line>
              <![CDATA[Completed Executing : TC027_ApplicationUsageUploadData.Edit_Record]]>
            </line>
            <line>
              <![CDATA[Test Method Resides : Module.ApplicationMonitor.TC027_ApplicationUsageUploadData]]>
            </line>
            <line>
              <![CDATA[Test Status : FAILED]]>
            </line>
          </reporter-output>
        </test-method> <!-- Edit_Record -->
        <test-method status="PASS" signature="afterMethod(org.testng.ITestResult)[pri:0, instance:Module.ApplicationMonitor.TC027_ApplicationUsageUploadData@8d971b]" name="afterMethod" is-config="true" duration-ms="2535" started-at="2017-11-16T11:19:25Z" finished-at="2017-11-16T11:19:28Z">
          <params>
            <param index="0">
              <value>
                <![CDATA[[TestResult name=Edit_Record status=FAILURE method=TC027_ApplicationUsageUploadData.Edit_Record()[pri:0, instance:Module.ApplicationMonitor.TC027_ApplicationUsageUploadData@8d971b] output=Completed Executing : TC027_ApplicationUsageUploadData.Edit_Record]]]>
              </value>
            </param>
          </params>
          <reporter-output>
            <line>
              <![CDATA[Completed Executing : TestBase.afterMethod]]>
            </line>
          </reporter-output>
        </test-method> <!-- afterMethod -->
        <test-method status="PASS" signature="endTest()[pri:0, instance:Module.ApplicationMonitor.TC027_ApplicationUsageUploadData@8d971b]" name="endTest" is-config="true" duration-ms="184" started-at="2017-11-16T11:19:28Z" finished-at="2017-11-16T11:19:28Z">
          <reporter-output>
            <line>
              <![CDATA[Completed Executing : TestBase.endTest]]>
            </line>
          </reporter-output>
        </test-method> <!-- endTest -->
      </class> <!-- Module.ApplicationMonitor.TC027_ApplicationUsageUploadData -->
    </test> <!-- Application Usage -->
  </suite> <!-- Regression Testing -->
</testng-results>
