<?xml version="1.0" encoding="UTF-8"?>
<testsuite name="Application Usage"
           tests="5"
           failures="1"
           errors="0"
           skipped="1"
           time="108.797">
  <properties />
            <testcase name="Edit_Record" time="0.008" classname="Module.ApplicationMonitor.TC027_ApplicationUsageUploadData">
                <failure type="java.lang.NullPointerException"
                  message="(null)"
              >
<![CDATA[java.lang.NullPointerException
  pom.ObjectPages.uiActions.ApplicationUsage.Test_EditRecord(ApplicationUsage.java:172)
  Module.ApplicationMonitor.TC027_ApplicationUsageUploadData.Edit_Record(TC027_ApplicationUsageUploadData.java:102)
  sun.reflect.NativeMethodAccessorImpl.invoke0(Native Method)
  sun.reflect.NativeMethodAccessorImpl.invoke(Unknown Source)
  sun.reflect.DelegatingMethodAccessorImpl.invoke(Unknown Source)
  java.lang.reflect.Method.invoke(Unknown Source)
  org.testng.internal.MethodInvocationHelper.invokeMethod(MethodInvocationHelper.java:85)
  org.testng.internal.Invoker.invokeMethod(Invoker.java:639)
  org.testng.internal.Invoker.invokeTestMethod(Invoker.java:821)
  org.testng.internal.Invoker.invokeTestMethods(Invoker.java:1131)
  org.testng.internal.TestMethodWorker.invokeTestMethods(TestMethodWorker.java:124)
  org.testng.internal.TestMethodWorker.run(TestMethodWorker.java:108)
  org.testng.TestRunner.privateRun(TestRunner.java:773)
  org.testng.TestRunner.run(TestRunner.java:623)
  org.testng.SuiteRunner.runTest(SuiteRunner.java:357)
  org.testng.SuiteRunner.access$000(SuiteRunner.java:39)
  org.testng.SuiteRunner$SuiteWorker.run(SuiteRunner.java:391)
  org.testng.internal.thread.ThreadUtil$2.call(ThreadUtil.java:64)
  java.util.concurrent.FutureTask.run(Unknown Source)
  java.util.concurrent.ThreadPoolExecutor.runWorker(Unknown Source)
  java.util.concurrent.ThreadPoolExecutor$Worker.run(Unknown Source)
  java.lang.Thread.run(Unknown Source)
]]>
      </failure>

          </testcase>
  
            <testcase name="Data_Upload" time="0.0" classname="Module.ApplicationMonitor.TC027_ApplicationUsageUploadData">
          <skipped />
    </testcase>
  
            <testcase name="Login" time="1.296" classname="Module.ApplicationMonitor.TC027_ApplicationUsageUploadData" />
                <testcase name="AddNew_Button" time="7.591" classname="Module.ApplicationMonitor.TC027_ApplicationUsageUploadData" />
                <testcase name="Target_Page" time="67.893" classname="Module.ApplicationMonitor.TC027_ApplicationUsageUploadData" />
      
</testsuite>
