<?xml version="1.0" encoding="UTF-8"?>
<!-- Generated by org.testng.reporters.JUnitXMLReporter -->
<testsuite hostname="OSO-DTP-057" name="Application Usage" tests="5" failures="1" timestamp="16 Nov 2017 05:49:28 GMT" time="159.74" errors="0">
  <testcase name="Login" time="1.296" classname="Module.ApplicationMonitor.TC027_ApplicationUsageUploadData"/>
  <testcase name="Target_Page" time="67.893" classname="Module.ApplicationMonitor.TC027_ApplicationUsageUploadData"/>
  <testcase name="AddNew_Button" time="7.591" classname="Module.ApplicationMonitor.TC027_ApplicationUsageUploadData"/>
  <testcase name="Data_Upload" time="32.009" classname="Module.ApplicationMonitor.TC027_ApplicationUsageUploadData">
    <skipped/>
  </testcase> <!-- Data_Upload -->
  <testcase name="Edit_Record" time="0.008" classname="Module.ApplicationMonitor.TC027_ApplicationUsageUploadData">
    <failure type="java.lang.NullPointerException">
      <![CDATA[java.lang.NullPointerException
	at pom.ObjectPages.uiActions.ApplicationUsage.Test_EditRecord(ApplicationUsage.java:172)
	at Module.ApplicationMonitor.TC027_ApplicationUsageUploadData.Edit_Record(TC027_ApplicationUsageUploadData.java:102)
	at java.util.concurrent.FutureTask.run(Unknown Source)
	at java.util.concurrent.ThreadPoolExecutor.runWorker(Unknown Source)
	at java.util.concurrent.ThreadPoolExecutor$Worker.run(Unknown Source)
	at java.lang.Thread.run(Unknown Source)
... Removed 16 stack frames]]>
    </failure>
  </testcase> <!-- Edit_Record -->
</testsuite> <!-- Application Usage -->
