<?xml version="1.0" encoding="UTF-8"?>
<!-- Generated by org.testng.reporters.JUnitXMLReporter -->
<testsuite hostname="OSO-DTP-057" name="Cost Center Master" tests="5" failures="0" timestamp="16 Nov 2017 05:18:32 GMT" time="47.335" errors="0">
  <testcase name="Login" time="0.215" classname="Module.OrganizationalSetup.TC017_CostCenterMasterUploadData">
    <skipped/>
  </testcase> <!-- Login -->
  <testcase name="Target_Page" time="0.0" classname="Module.OrganizationalSetup.TC017_CostCenterMasterUploadData">
    <skipped/>
  </testcase> <!-- Target_Page -->
  <testcase name="AddNew_Button" time="0.0" classname="Module.OrganizationalSetup.TC017_CostCenterMasterUploadData">
    <skipped/>
  </testcase> <!-- AddNew_Button -->
  <testcase name="Data_Upload" time="0.0" classname="Module.OrganizationalSetup.TC017_CostCenterMasterUploadData">
    <skipped/>
  </testcase> <!-- Data_Upload -->
  <testcase name="Edit_Record" time="0.0" classname="Module.OrganizationalSetup.TC017_CostCenterMasterUploadData">
    <skipped/>
  </testcase> <!-- Edit_Record -->
</testsuite> <!-- Cost Center Master -->
