<?xml version="1.0" encoding="UTF-8"?>
<!-- Generated by org.testng.reporters.JUnitXMLReporter -->
<testsuite hostname="OSO-DTP-057" name="Country Master" tests="5" failures="0" timestamp="16 Nov 2017 04:55:20 GMT" time="168.763" errors="0">
  <testcase name="Login" time="1.273" classname="Module.RegionalSetup.TC007_CountryMasterUploadData"/>
  <testcase name="Target_Page" time="80.552" classname="Module.RegionalSetup.TC007_CountryMasterUploadData"/>
  <testcase name="AddNew_Button" time="5.54" classname="Module.RegionalSetup.TC007_CountryMasterUploadData"/>
  <testcase name="Data_Upload" time="8.629" classname="Module.RegionalSetup.TC007_CountryMasterUploadData"/>
  <testcase name="Data_Upload" time="6.153" classname="Module.RegionalSetup.TC007_CountryMasterUploadData"/>
</testsuite> <!-- Country Master -->
