<?xml version="1.0" encoding="UTF-8"?>
<!-- Generated by org.testng.reporters.JUnitXMLReporter -->
<testsuite hostname="OSO-DTP-057" name="Department Master" tests="5" failures="0" timestamp="16 Nov 2017 05:15:05 GMT" time="47.262" errors="0">
  <testcase name="Login" time="0.218" classname="Module.OrganizationalSetup.TC015_DepartmentMasterUploadData">
    <skipped/>
  </testcase> <!-- Login -->
  <testcase name="Target_Page" time="0.0" classname="Module.OrganizationalSetup.TC015_DepartmentMasterUploadData">
    <skipped/>
  </testcase> <!-- Target_Page -->
  <testcase name="AddNew_Button" time="0.0" classname="Module.OrganizationalSetup.TC015_DepartmentMasterUploadData">
    <skipped/>
  </testcase> <!-- AddNew_Button -->
  <testcase name="Data_Upload" time="0.0" classname="Module.OrganizationalSetup.TC015_DepartmentMasterUploadData">
    <skipped/>
  </testcase> <!-- Data_Upload -->
  <testcase name="Edit_Record" time="0.0" classname="Module.OrganizationalSetup.TC015_DepartmentMasterUploadData">
    <skipped/>
  </testcase> <!-- Edit_Record -->
</testsuite> <!-- Department Master -->
