<?xml version="1.0" encoding="UTF-8"?>
<!-- Generated by org.testng.reporters.JUnitXMLReporter -->
<testsuite hostname="OSO-DTP-057" name="Device Master" tests="5" failures="0" timestamp="16 Nov 2017 05:40:19 GMT" time="265.967" errors="0">
  <testcase name="Login" time="1.351" classname="Module.OrganizationalSetup.TC024_DeviceMasterUploadData"/>
  <testcase name="Target_Page" time="193.955" classname="Module.OrganizationalSetup.TC024_DeviceMasterUploadData"/>
  <testcase name="AddNew_Button" time="3.199" classname="Module.OrganizationalSetup.TC024_DeviceMasterUploadData"/>
  <testcase name="Data_Upload" time="10.434" classname="Module.OrganizationalSetup.TC024_DeviceMasterUploadData"/>
  <testcase name="Edit_Record" time="8.014" classname="Module.OrganizationalSetup.TC024_DeviceMasterUploadData"/>
</testsuite> <!-- Device Master -->
