<?xml version="1.0" encoding="UTF-8"?>
<!-- Generated by org.testng.reporters.JUnitXMLReporter -->
<testsuite hostname="OSO-DTP-057" name="Position Master" tests="5" failures="0" timestamp="16 Nov 2017 05:21:03 GMT" time="151.802" errors="0">
  <testcase name="Login" time="1.303" classname="Module.OrganizationalSetup.TC018_PositionMasterUploadData"/>
  <testcase name="Target_Page" time="60.329" classname="Module.OrganizationalSetup.TC018_PositionMasterUploadData"/>
  <testcase name="AddNew_Button" time="3.759" classname="Module.OrganizationalSetup.TC018_PositionMasterUploadData"/>
  <testcase name="Data_Upload" time="11.439" classname="Module.OrganizationalSetup.TC018_PositionMasterUploadData"/>
  <testcase name="Edit_Record" time="8.009" classname="Module.OrganizationalSetup.TC018_PositionMasterUploadData"/>
</testsuite> <!-- Position Master -->
