<?xml version="1.0" encoding="UTF-8"?>
<!-- Generated by org.testng.reporters.JUnitXMLReporter -->
<testsuite hostname="OSO-DTP-057" name="State Master" tests="5" failures="2" timestamp="16 Nov 2017 05:00:13 GMT" time="292.223" errors="0">
  <testcase name="Login" time="1.332" classname="Module.RegionalSetup.TC008_StateMasterUploadData"/>
  <testcase name="Target_Page" time="170.386" classname="Module.RegionalSetup.TC008_StateMasterUploadData"/>
  <testcase name="AddNew_Button" time="3.387" classname="Module.RegionalSetup.TC008_StateMasterUploadData"/>
  <testcase name="Data_Upload" time="13.787" classname="Module.RegionalSetup.TC008_StateMasterUploadData">
    <failure type="java.lang.AssertionError" message="Expected : [Record Saved Successfully.] But Found : [Enter State Code .]">
      <![CDATA[java.lang.AssertionError: Expected : [Record Saved Successfully.] But Found : [Enter State Code .]
	at Module.RegionalSetup.TC008_StateMasterUploadData.Data_Upload(TC008_StateMasterUploadData.java:88)
	at java.util.concurrent.FutureTask.run(Unknown Source)
	at java.util.concurrent.ThreadPoolExecutor.runWorker(Unknown Source)
	at java.util.concurrent.ThreadPoolExecutor$Worker.run(Unknown Source)
	at java.lang.Thread.run(Unknown Source)
... Removed 17 stack frames]]>
    </failure>
  </testcase> <!-- Data_Upload -->
  <testcase name="Data_Upload" time="13.824" classname="Module.RegionalSetup.TC008_StateMasterUploadData">
    <failure type="org.openqa.selenium.NoAlertPresentException" message="No alert is present (WARNING: The server did not provide any stacktrace information)
Command duration or timeout: 2.21 seconds
Build info: version: &amp;apos;2.48.2&amp;apos;, revision: &amp;apos;41bccdd&amp;apos;, time: &amp;apos;2015-10-09 19:55:52&amp;apos;
System info: host: &amp;apos;OSO-DTP-057&amp;apos;, ip: &amp;apos;192.168.32.37&amp;apos;, os.name: &amp;apos;Windows 8.1&amp;apos;, os.arch: &amp;apos;x86&amp;apos;, os.version: &amp;apos;6.3&amp;apos;, java.version: &amp;apos;1.8.0_25&amp;apos;
Driver info: org.openqa.selenium.firefox.FirefoxDriver
Capabilities [{applicationCacheEnabled=true, rotatable=false, handlesAlerts=true, databaseEnabled=true, version=36.0.1, platform=WINDOWS, nativeEvents=false, acceptSslCerts=true, webStorageEnabled=true, locationContextEnabled=true, browserName=firefox, takesScreenshot=true, javascriptEnabled=true, cssSelectorsEnabled=true}]
Session ID: 6d61b8be-5026-412a-8bba-391afd49096c">
      <![CDATA[org.openqa.selenium.NoAlertPresentException: No alert is present (WARNING: The server did not provide any stacktrace information)
Command duration or timeout: 2.21 seconds
Build info: version: '2.48.2', revision: '41bccdd', time: '2015-10-09 19:55:52'
System info: host: 'OSO-DTP-057', ip: '192.168.32.37', os.name: 'Windows 8.1', os.arch: 'x86', os.version: '6.3', java.version: '1.8.0_25'
Driver info: org.openqa.selenium.firefox.FirefoxDriver
Capabilities [{applicationCacheEnabled=true, rotatable=false, handlesAlerts=true, databaseEnabled=true, version=36.0.1, platform=WINDOWS, nativeEvents=false, acceptSslCerts=true, webStorageEnabled=true, locationContextEnabled=true, browserName=firefox, takesScreenshot=true, javascriptEnabled=true, cssSelectorsEnabled=true}]
Session ID: 6d61b8be-5026-412a-8bba-391afd49096c
	at org.openqa.selenium.remote.ErrorHandler.createThrowable(ErrorHandler.java:206)
	at org.openqa.selenium.remote.ErrorHandler.throwIfResponseFailed(ErrorHandler.java:158)
	at org.openqa.selenium.remote.RemoteWebDriver.execute(RemoteWebDriver.java:647)
	at org.openqa.selenium.remote.RemoteWebDriver.execute(RemoteWebDriver.java:670)
	at org.openqa.selenium.remote.RemoteWebDriver$RemoteTargetLocator.alert(RemoteWebDriver.java:1007)
	at pom.TestBase.BaseClass.AlertBoxText(BaseClass.java:249)
	at pom.ObjectPages.uiActions.StateMaster.Test_AddNewDataUpload(StateMaster.java:94)
	at Module.RegionalSetup.TC008_StateMasterUploadData.Data_Upload(TC008_StateMasterUploadData.java:76)
	at java.util.concurrent.FutureTask.run(Unknown Source)
	at java.util.concurrent.ThreadPoolExecutor.runWorker(Unknown Source)
	at java.util.concurrent.ThreadPoolExecutor$Worker.run(Unknown Source)
	at java.lang.Thread.run(Unknown Source)
... Removed 19 stack frames]]>
    </failure>
  </testcase> <!-- Data_Upload -->
</testsuite> <!-- State Master -->
