<h2>Reporter output</h2><table><tr><td>Test started :  Entity Master</td></tr>
<tr><td>Completed Executing : TestBase.initializeTestBaseSetup</td></tr>
<tr><td>Completed Executing : TC001_EntityMasterUploadData.setUp</td></tr>
<tr><td>Completed Executing : TestBase.beforeMethod</td></tr>
<tr><td>Test Case Name : Login</td></tr>
<tr><td>Test Method Resides : Module.GeneralSetup.TC001_EntityMasterUploadData</td></tr>
<tr><td>Test Status : STARTED</td></tr>
<tr><td>Completed Executing : TC001_EntityMasterUploadData.Login</td></tr>
<tr><td>Test Case Name : Login</td></tr>
<tr><td>Test Method Resides : Module.GeneralSetup.TC001_EntityMasterUploadData</td></tr>
<tr><td>Test Status : PASSED</td></tr>
<tr><td>Completed Executing : TestBase.afterMethod</td></tr>
<tr><td>Completed Executing : TestBase.beforeMethod</td></tr>
<tr><td>Test Case Name : Target_Page</td></tr>
<tr><td>Test Method Resides : Module.GeneralSetup.TC001_EntityMasterUploadData</td></tr>
<tr><td>Test Status : STARTED</td></tr>
<tr><td>Target page is open successfully</td></tr>
<tr><td>Completed Executing : TC001_EntityMasterUploadData.Target_Page</td></tr>
<tr><td>Test Case Name : Target_Page</td></tr>
<tr><td>Test Method Resides : Module.GeneralSetup.TC001_EntityMasterUploadData</td></tr>
<tr><td>Test Status : PASSED</td></tr>
<tr><td>Completed Executing : TestBase.afterMethod</td></tr>
<tr><td>Completed Executing : TestBase.beforeMethod</td></tr>
<tr><td>Test Case Name : AddNew_Button</td></tr>
<tr><td>Test Method Resides : Module.GeneralSetup.TC001_EntityMasterUploadData</td></tr>
<tr><td>Test Status : STARTED</td></tr>
<tr><td>Add New Button is working properly</td></tr>
<tr><td>Completed Executing : TC001_EntityMasterUploadData.AddNew_Button</td></tr>
<tr><td>Test Case Name : AddNew_Button</td></tr>
<tr><td>Test Method Resides : Module.GeneralSetup.TC001_EntityMasterUploadData</td></tr>
<tr><td>Test Status : PASSED</td></tr>
<tr><td>Completed Executing : TestBase.afterMethod</td></tr>
<tr><td>Completed Executing : TestBase.beforeMethod</td></tr>
<tr><td>Test Case Name : Data_Upload</td></tr>
<tr><td>Test Method Resides : Module.GeneralSetup.TC001_EntityMasterUploadData</td></tr>
<tr><td>Test Method had the following parameters : nullCCWH,OrganizD,Organization level Entry5,Group Level Entry,12/09/2017,No,Yes,</td></tr>
<tr><td>Test Status : STARTED</td></tr>
<tr><td>Entity Master Data added successfully</td></tr>
<tr><td>Completed Executing : TC001_EntityMasterUploadData.Data_Upload</td></tr>
<tr><td>Test Case Name : Data_Upload</td></tr>
<tr><td>Test Method Resides : Module.GeneralSetup.TC001_EntityMasterUploadData</td></tr>
<tr><td>Test Method had the following parameters : nullCCWH,OrganizD,Organization level Entry5,Group Level Entry,12/09/2017,No,Yes,</td></tr>
<tr><td>Test Status : PASSED</td></tr>
<tr><td>Completed Executing : TestBase.afterMethod</td></tr>
<tr><td>Completed Executing : TestBase.endTest</td></tr>
<tr><td>Test finished : Entity Master</td></tr>
<tr><td>Test started :  Organizational Unit Master</td></tr>
<tr><td>Completed Executing : TestBase.initializeTestBaseSetup</td></tr>
<tr><td>Completed Executing : TC002_OrganizationalUnitUploadData.setUp</td></tr>
<tr><td>Completed Executing : TestBase.beforeMethod</td></tr>
<tr><td>Test Case Name : Login</td></tr>
<tr><td>Test Method Resides : Module.GeneralSetup.TC002_OrganizationalUnitUploadData</td></tr>
<tr><td>Test Status : STARTED</td></tr>
<tr><td>Completed Executing : TC002_OrganizationalUnitUploadData.Login</td></tr>
<tr><td>Test Case Name : Login</td></tr>
<tr><td>Test Method Resides : Module.GeneralSetup.TC002_OrganizationalUnitUploadData</td></tr>
<tr><td>Test Status : PASSED</td></tr>
<tr><td>Completed Executing : TestBase.afterMethod</td></tr>
<tr><td>Completed Executing : TestBase.beforeMethod</td></tr>
<tr><td>Test Case Name : Target_Page</td></tr>
<tr><td>Test Method Resides : Module.GeneralSetup.TC002_OrganizationalUnitUploadData</td></tr>
<tr><td>Test Status : STARTED</td></tr>
<tr><td>Target page is open successfully</td></tr>
<tr><td>Completed Executing : TC002_OrganizationalUnitUploadData.Target_Page</td></tr>
<tr><td>Test Case Name : Target_Page</td></tr>
<tr><td>Test Method Resides : Module.GeneralSetup.TC002_OrganizationalUnitUploadData</td></tr>
<tr><td>Test Status : PASSED</td></tr>
<tr><td>Completed Executing : TestBase.afterMethod</td></tr>
<tr><td>Completed Executing : TestBase.beforeMethod</td></tr>
<tr><td>Test Case Name : AddNew_Button</td></tr>
<tr><td>Test Method Resides : Module.GeneralSetup.TC002_OrganizationalUnitUploadData</td></tr>
<tr><td>Test Status : STARTED</td></tr>
<tr><td>Add New Button is working properly</td></tr>
<tr><td>Completed Executing : TC002_OrganizationalUnitUploadData.AddNew_Button</td></tr>
<tr><td>Test Case Name : AddNew_Button</td></tr>
<tr><td>Test Method Resides : Module.GeneralSetup.TC002_OrganizationalUnitUploadData</td></tr>
<tr><td>Test Status : PASSED</td></tr>
<tr><td>Completed Executing : TestBase.afterMethod</td></tr>
<tr><td>Completed Executing : TestBase.beforeMethod</td></tr>
<tr><td>Test Case Name : Data_Upload</td></tr>
<tr><td>Test Method Resides : Module.GeneralSetup.TC002_OrganizationalUnitUploadData</td></tr>
<tr><td>Test Method had the following parameters : nullOrganizb,Orgbb,Organizati level Entryb,Test Data Group Level,Osource,13/09/2017,Yes,10.0,hrms,h,</td></tr>
<tr><td>Test Status : STARTED</td></tr>
<tr><td>Organizational Unit Master Data added successfully</td></tr>
<tr><td>Completed Executing : TC002_OrganizationalUnitUploadData.Data_Upload</td></tr>
<tr><td>Test Case Name : Data_Upload</td></tr>
<tr><td>Test Method Resides : Module.GeneralSetup.TC002_OrganizationalUnitUploadData</td></tr>
<tr><td>Test Method had the following parameters : nullOrganizb,Orgbb,Organizati level Entryb,Test Data Group Level,Osource,13/09/2017,Yes,10.0,hrms,h,</td></tr>
<tr><td>Test Status : PASSED</td></tr>
<tr><td>Completed Executing : TestBase.afterMethod</td></tr>
<tr><td>Completed Executing : TestBase.beforeMethod</td></tr>
<tr><td>Test Case Name : Data_Upload</td></tr>
<tr><td>Test Method Resides : Module.GeneralSetup.TC002_OrganizationalUnitUploadData</td></tr>
<tr><td>Test Method had the following parameters : nullIndustry,hgfbb,Organizati level Egrsb,Test Data level,Osource,19/09/2018,No,17.0,crm,c,</td></tr>
<tr><td>Test Status : STARTED</td></tr>
<tr><td>Organizational Unit Master Data added successfully</td></tr>
<tr><td>Completed Executing : TC002_OrganizationalUnitUploadData.Data_Upload</td></tr>
<tr><td>Test Case Name : Data_Upload</td></tr>
<tr><td>Test Method Resides : Module.GeneralSetup.TC002_OrganizationalUnitUploadData</td></tr>
<tr><td>Test Method had the following parameters : nullIndustry,hgfbb,Organizati level Egrsb,Test Data level,Osource,19/09/2018,No,17.0,crm,c,</td></tr>
<tr><td>Test Status : PASSED</td></tr>
<tr><td>Completed Executing : TestBase.afterMethod</td></tr>
<tr><td>Completed Executing : TestBase.endTest</td></tr>
<tr><td>Test finished : Organizational Unit Master</td></tr>
<tr><td>Test started :  Upload Master</td></tr>
<tr><td>Completed Executing : TestBase.initializeTestBaseSetup</td></tr>
<tr><td>Completed Executing : TC003_UploadMaster.setUp</td></tr>
<tr><td>Completed Executing : TestBase.beforeMethod</td></tr>
<tr><td>Test Case Name : Login</td></tr>
<tr><td>Test Method Resides : Module.GeneralSetup.TC003_UploadMaster</td></tr>
<tr><td>Test Status : STARTED</td></tr>
<tr><td>Completed Executing : TC003_UploadMaster.Login</td></tr>
<tr><td>Test Case Name : Login</td></tr>
<tr><td>Test Method Resides : Module.GeneralSetup.TC003_UploadMaster</td></tr>
<tr><td>Test Status : PASSED</td></tr>
<tr><td>Completed Executing : TestBase.afterMethod</td></tr>
<tr><td>Completed Executing : TestBase.beforeMethod</td></tr>
<tr><td>Test Case Name : Target_Page</td></tr>
<tr><td>Test Method Resides : Module.GeneralSetup.TC003_UploadMaster</td></tr>
<tr><td>Test Status : STARTED</td></tr>
<tr><td>Target page is open successfully</td></tr>
<tr><td>Completed Executing : TC003_UploadMaster.Target_Page</td></tr>
<tr><td>Test Case Name : Target_Page</td></tr>
<tr><td>Test Method Resides : Module.GeneralSetup.TC003_UploadMaster</td></tr>
<tr><td>Test Status : PASSED</td></tr>
<tr><td>Completed Executing : TestBase.afterMethod</td></tr>
<tr><td>Completed Executing : TestBase.beforeMethod</td></tr>
<tr><td>Test Case Name : Data_Upload</td></tr>
<tr><td>Test Method Resides : Module.GeneralSetup.TC003_UploadMaster</td></tr>
<tr><td>Test Method had the following parameters : nullUpload Name,Country Master,ADD,D:\\SVN\\QA-Testing-Doc\\Quality Assurance\\AutomationTestScript\\EnterpriseSetup_Regression\\src\\pom\\UploadMasterEXEFiles\\CountryMaster.exe,y,</td></tr>
<tr><td>Test Status : STARTED</td></tr>
<tr><td>Completed Executing : TC003_UploadMaster.Data_Upload</td></tr>
<tr><td>Test Method Resides : Module.GeneralSetup.TC003_UploadMaster</td></tr>
<tr><td>Test Method had the following parameters : nullUpload Name,Country Master,ADD,D:\\SVN\\QA-Testing-Doc\\Quality Assurance\\AutomationTestScript\\EnterpriseSetup_Regression\\src\\pom\\UploadMasterEXEFiles\\CountryMaster.exe,y,</td></tr>
<tr><td>Test Status : FAILED</td></tr>
<tr><td>Completed Executing : TestBase.afterMethod</td></tr>
<tr><td>Completed Executing : TestBase.endTest</td></tr>
<tr><td>Test finished : Upload Master</td></tr>
<tr><td>Test started :  Policy Master</td></tr>
<tr><td>Completed Executing : TestBase.initializeTestBaseSetup</td></tr>
<tr><td>Completed Executing : TC004_PolicyMasterUploadData.setUp</td></tr>
<tr><td>Completed Executing : TestBase.beforeMethod</td></tr>
<tr><td>Test Case Name : Login</td></tr>
<tr><td>Test Method Resides : Module.GeneralSetup.TC004_PolicyMasterUploadData</td></tr>
<tr><td>Test Status : STARTED</td></tr>
<tr><td>Completed Executing : TC004_PolicyMasterUploadData.Login</td></tr>
<tr><td>Test Case Name : Login</td></tr>
<tr><td>Test Method Resides : Module.GeneralSetup.TC004_PolicyMasterUploadData</td></tr>
<tr><td>Test Status : PASSED</td></tr>
<tr><td>Completed Executing : TestBase.afterMethod</td></tr>
<tr><td>Completed Executing : TestBase.beforeMethod</td></tr>
<tr><td>Test Case Name : Target_Page</td></tr>
<tr><td>Test Method Resides : Module.GeneralSetup.TC004_PolicyMasterUploadData</td></tr>
<tr><td>Test Status : STARTED</td></tr>
<tr><td>TEST FAILED : Target page not open : page crashed</td></tr>
<tr><td>Completed Executing : TC004_PolicyMasterUploadData.Target_Page</td></tr>
<tr><td>Test Method Resides : Module.GeneralSetup.TC004_PolicyMasterUploadData</td></tr>
<tr><td>Test Status : FAILED</td></tr>
<tr><td>Completed Executing : TestBase.afterMethod</td></tr>
<tr><td>Test Case Name : AddNew_Button</td></tr>
<tr><td>Test Method Resides : Module.GeneralSetup.TC004_PolicyMasterUploadData</td></tr>
<tr><td>Test Status : SKIPPED</td></tr>
<tr><td>Test Case Name : Data_Upload</td></tr>
<tr><td>Test Method Resides : Module.GeneralSetup.TC004_PolicyMasterUploadData</td></tr>
<tr><td>Test Status : SKIPPED</td></tr>
<tr><td>Completed Executing : TestBase.endTest</td></tr>
<tr><td>Test finished : Policy Master</td></tr>
<tr><td>Test started :  Policy Master Access</td></tr>
<tr><td>Completed Executing : TestBase.initializeTestBaseSetup</td></tr>
<tr><td>Completed Executing : TC005_PolicyMasterAccessUploadData.setUp</td></tr>
<tr><td>Completed Executing : TestBase.beforeMethod</td></tr>
<tr><td>Test Case Name : Login</td></tr>
<tr><td>Test Method Resides : Module.GeneralSetup.TC005_PolicyMasterAccessUploadData</td></tr>
<tr><td>Test Status : STARTED</td></tr>
<tr><td>Completed Executing : TC005_PolicyMasterAccessUploadData.Login</td></tr>
<tr><td>Test Case Name : Login</td></tr>
<tr><td>Test Method Resides : Module.GeneralSetup.TC005_PolicyMasterAccessUploadData</td></tr>
<tr><td>Test Status : PASSED</td></tr>
<tr><td>Completed Executing : TestBase.afterMethod</td></tr>
<tr><td>Completed Executing : TestBase.beforeMethod</td></tr>
<tr><td>Test Case Name : Target_Page</td></tr>
<tr><td>Test Method Resides : Module.GeneralSetup.TC005_PolicyMasterAccessUploadData</td></tr>
<tr><td>Test Status : STARTED</td></tr>
<tr><td>Target page is open successfully</td></tr>
<tr><td>Completed Executing : TC005_PolicyMasterAccessUploadData.Target_Page</td></tr>
<tr><td>Test Case Name : Target_Page</td></tr>
<tr><td>Test Method Resides : Module.GeneralSetup.TC005_PolicyMasterAccessUploadData</td></tr>
<tr><td>Test Status : PASSED</td></tr>
<tr><td>Completed Executing : TestBase.afterMethod</td></tr>
<tr><td>Completed Executing : TestBase.beforeMethod</td></tr>
<tr><td>Test Case Name : AddNew_Button</td></tr>
<tr><td>Test Method Resides : Module.GeneralSetup.TC005_PolicyMasterAccessUploadData</td></tr>
<tr><td>Test Status : STARTED</td></tr>
<tr><td>Add New Button is working properly</td></tr>
<tr><td>Completed Executing : TC005_PolicyMasterAccessUploadData.AddNew_Button</td></tr>
<tr><td>Test Case Name : AddNew_Button</td></tr>
<tr><td>Test Method Resides : Module.GeneralSetup.TC005_PolicyMasterAccessUploadData</td></tr>
<tr><td>Test Status : PASSED</td></tr>
<tr><td>Completed Executing : TestBase.afterMethod</td></tr>
<tr><td>Completed Executing : TestBase.beforeMethod</td></tr>
<tr><td>Test Case Name : Data_Upload</td></tr>
<tr><td>Test Method Resides : Module.GeneralSetup.TC005_PolicyMasterAccessUploadData</td></tr>
<tr><td>Test Method had the following parameters : nullHR Policy,</td></tr>
<tr><td>Test Status : STARTED</td></tr>
<tr><td>Policy Master Access Data added successfully</td></tr>
<tr><td>Completed Executing : TC005_PolicyMasterAccessUploadData.Data_Upload</td></tr>
<tr><td>Test Case Name : Data_Upload</td></tr>
<tr><td>Test Method Resides : Module.GeneralSetup.TC005_PolicyMasterAccessUploadData</td></tr>
<tr><td>Test Method had the following parameters : nullHR Policy,</td></tr>
<tr><td>Test Status : PASSED</td></tr>
<tr><td>Completed Executing : TestBase.afterMethod</td></tr>
<tr><td>Completed Executing : TestBase.endTest</td></tr>
<tr><td>Test finished : Policy Master Access</td></tr>
<tr><td>Test started :  Poll Quiz Setup</td></tr>
<tr><td>Completed Executing : TestBase.initializeTestBaseSetup</td></tr>
<tr><td>Completed Executing : TC006_PollQuizSetupUploadData.setUp</td></tr>
<tr><td>Completed Executing : TestBase.beforeMethod</td></tr>
<tr><td>Test Case Name : Login</td></tr>
<tr><td>Test Method Resides : Module.GeneralSetup.TC006_PollQuizSetupUploadData</td></tr>
<tr><td>Test Status : STARTED</td></tr>
<tr><td>Completed Executing : TC006_PollQuizSetupUploadData.Login</td></tr>
<tr><td>Test Case Name : Login</td></tr>
<tr><td>Test Method Resides : Module.GeneralSetup.TC006_PollQuizSetupUploadData</td></tr>
<tr><td>Test Status : PASSED</td></tr>
<tr><td>Completed Executing : TestBase.afterMethod</td></tr>
<tr><td>Completed Executing : TestBase.beforeMethod</td></tr>
<tr><td>Test Case Name : Target_Page</td></tr>
<tr><td>Test Method Resides : Module.GeneralSetup.TC006_PollQuizSetupUploadData</td></tr>
<tr><td>Test Status : STARTED</td></tr>
<tr><td>Target page is open successfully</td></tr>
<tr><td>Completed Executing : TC006_PollQuizSetupUploadData.Target_Page</td></tr>
<tr><td>Test Case Name : Target_Page</td></tr>
<tr><td>Test Method Resides : Module.GeneralSetup.TC006_PollQuizSetupUploadData</td></tr>
<tr><td>Test Status : PASSED</td></tr>
<tr><td>Completed Executing : TestBase.afterMethod</td></tr>
<tr><td>Completed Executing : TestBase.beforeMethod</td></tr>
<tr><td>Test Case Name : AddNew_Button</td></tr>
<tr><td>Test Method Resides : Module.GeneralSetup.TC006_PollQuizSetupUploadData</td></tr>
<tr><td>Test Status : STARTED</td></tr>
<tr><td>Add New Button is working properly</td></tr>
<tr><td>Completed Executing : TC006_PollQuizSetupUploadData.AddNew_Button</td></tr>
<tr><td>Test Case Name : AddNew_Button</td></tr>
<tr><td>Test Method Resides : Module.GeneralSetup.TC006_PollQuizSetupUploadData</td></tr>
<tr><td>Test Status : PASSED</td></tr>
<tr><td>Completed Executing : TestBase.afterMethod</td></tr>
<tr><td>Completed Executing : TestBase.beforeMethod</td></tr>
<tr><td>Test Case Name : Poll_Quiz_Setup_Data_Upload</td></tr>
<tr><td>Test Method Resides : Module.GeneralSetup.TC006_PollQuizSetupUploadData</td></tr>
<tr><td>Test Method had the following parameters : nullPoll,OS4569,poll,Objective,Yes,13/09/2017,20/09/2017,Company,Yes,WHAT IS TESTING,</td></tr>
<tr><td>Test Status : STARTED</td></tr>
<tr><td>Completed Executing : TC006_PollQuizSetupUploadData.Poll_Quiz_Setup_Data_Upload</td></tr>
<tr><td>Test Method Resides : Module.GeneralSetup.TC006_PollQuizSetupUploadData</td></tr>
<tr><td>Test Method had the following parameters : nullPoll,OS4569,poll,Objective,Yes,13/09/2017,20/09/2017,Company,Yes,WHAT IS TESTING,</td></tr>
<tr><td>Test Status : FAILED</td></tr>
<tr><td>Completed Executing : TestBase.afterMethod</td></tr>
<tr><td>Completed Executing : TestBase.beforeMethod</td></tr>
<tr><td>Test Case Name : Poll_Quiz_Setup_Data_Upload</td></tr>
<tr><td>Test Method Resides : Module.GeneralSetup.TC006_PollQuizSetupUploadData</td></tr>
<tr><td>Test Method had the following parameters : nullPoll,OS4570,poll,Objective,Yes,15/09/2018,22/09/2018,Company,Yes,WHAT IS TESTING,</td></tr>
<tr><td>Test Status : STARTED</td></tr>
<tr><td>Completed Executing : TC006_PollQuizSetupUploadData.Poll_Quiz_Setup_Data_Upload</td></tr>
<tr><td>Test Case Name : Poll_Quiz_Setup_Data_Upload</td></tr>
<tr><td>Test Method Resides : Module.GeneralSetup.TC006_PollQuizSetupUploadData</td></tr>
<tr><td>Test Method had the following parameters : nullPoll,OS4570,poll,Objective,Yes,15/09/2018,22/09/2018,Company,Yes,WHAT IS TESTING,</td></tr>
<tr><td>Test Status : SKIPPED</td></tr>
<tr><td>Completed Executing : TestBase.afterMethod</td></tr>
<tr><td>Completed Executing : TestBase.endTest</td></tr>
<tr><td>Test finished : Poll Quiz Setup</td></tr>
<tr><td>Test started :  Country Master</td></tr>
<tr><td>Completed Executing : TestBase.initializeTestBaseSetup</td></tr>
<tr><td>Completed Executing : TC007_CountryMasterUploadData.setUp</td></tr>
<tr><td>Completed Executing : TestBase.beforeMethod</td></tr>
<tr><td>Test Case Name : Login</td></tr>
<tr><td>Test Method Resides : Module.RegionalSetup.TC007_CountryMasterUploadData</td></tr>
<tr><td>Test Status : STARTED</td></tr>
<tr><td>Completed Executing : TC007_CountryMasterUploadData.Login</td></tr>
<tr><td>Test Case Name : Login</td></tr>
<tr><td>Test Method Resides : Module.RegionalSetup.TC007_CountryMasterUploadData</td></tr>
<tr><td>Test Status : PASSED</td></tr>
<tr><td>Completed Executing : TestBase.afterMethod</td></tr>
<tr><td>Completed Executing : TestBase.beforeMethod</td></tr>
<tr><td>Test Case Name : Target_Page</td></tr>
<tr><td>Test Method Resides : Module.RegionalSetup.TC007_CountryMasterUploadData</td></tr>
<tr><td>Test Status : STARTED</td></tr>
<tr><td>Target page is open successfully</td></tr>
<tr><td>Completed Executing : TC007_CountryMasterUploadData.Target_Page</td></tr>
<tr><td>Test Case Name : Target_Page</td></tr>
<tr><td>Test Method Resides : Module.RegionalSetup.TC007_CountryMasterUploadData</td></tr>
<tr><td>Test Status : PASSED</td></tr>
<tr><td>Completed Executing : TestBase.afterMethod</td></tr>
<tr><td>Completed Executing : TestBase.beforeMethod</td></tr>
<tr><td>Test Case Name : AddNew_Button</td></tr>
<tr><td>Test Method Resides : Module.RegionalSetup.TC007_CountryMasterUploadData</td></tr>
<tr><td>Test Status : STARTED</td></tr>
<tr><td>Add New Button is working properly</td></tr>
<tr><td>Completed Executing : TC007_CountryMasterUploadData.AddNew_Button</td></tr>
<tr><td>Test Case Name : AddNew_Button</td></tr>
<tr><td>Test Method Resides : Module.RegionalSetup.TC007_CountryMasterUploadData</td></tr>
<tr><td>Test Status : PASSED</td></tr>
<tr><td>Completed Executing : TestBase.afterMethod</td></tr>
<tr><td>Completed Executing : TestBase.beforeMethod</td></tr>
<tr><td>Test Case Name : Data_Upload</td></tr>
<tr><td>Test Method Resides : Module.RegionalSetup.TC007_CountryMasterUploadData</td></tr>
<tr><td>Test Method had the following parameters : null95626,Indiagk,13,Yes,</td></tr>
<tr><td>Test Status : STARTED</td></tr>
<tr><td>Country Master Data added successfully</td></tr>
<tr><td>Completed Executing : TC007_CountryMasterUploadData.Data_Upload</td></tr>
<tr><td>Test Case Name : Data_Upload</td></tr>
<tr><td>Test Method Resides : Module.RegionalSetup.TC007_CountryMasterUploadData</td></tr>
<tr><td>Test Method had the following parameters : null95626,Indiagk,13,Yes,</td></tr>
<tr><td>Test Status : PASSED</td></tr>
<tr><td>Completed Executing : TestBase.afterMethod</td></tr>
<tr><td>Completed Executing : TestBase.beforeMethod</td></tr>
<tr><td>Test Case Name : Data_Upload</td></tr>
<tr><td>Test Method Resides : Module.RegionalSetup.TC007_CountryMasterUploadData</td></tr>
<tr><td>Test Method had the following parameters : null95627,Indiahk,14,Yes,</td></tr>
<tr><td>Test Status : STARTED</td></tr>
<tr><td>Country Master Data added successfully</td></tr>
<tr><td>Completed Executing : TC007_CountryMasterUploadData.Data_Upload</td></tr>
<tr><td>Test Case Name : Data_Upload</td></tr>
<tr><td>Test Method Resides : Module.RegionalSetup.TC007_CountryMasterUploadData</td></tr>
<tr><td>Test Method had the following parameters : null95627,Indiahk,14,Yes,</td></tr>
<tr><td>Test Status : PASSED</td></tr>
<tr><td>Completed Executing : TestBase.afterMethod</td></tr>
<tr><td>Completed Executing : TestBase.endTest</td></tr>
<tr><td>Test finished : Country Master</td></tr>
<tr><td>Test started :  State Master</td></tr>
<tr><td>Completed Executing : TestBase.initializeTestBaseSetup</td></tr>
<tr><td>Completed Executing : TC008_StateMasterUploadData.setUp</td></tr>
<tr><td>Completed Executing : TestBase.beforeMethod</td></tr>
<tr><td>Test Case Name : Login</td></tr>
<tr><td>Test Method Resides : Module.RegionalSetup.TC008_StateMasterUploadData</td></tr>
<tr><td>Test Status : STARTED</td></tr>
<tr><td>Completed Executing : TC008_StateMasterUploadData.Login</td></tr>
<tr><td>Test Case Name : Login</td></tr>
<tr><td>Test Method Resides : Module.RegionalSetup.TC008_StateMasterUploadData</td></tr>
<tr><td>Test Status : PASSED</td></tr>
<tr><td>Completed Executing : TestBase.afterMethod</td></tr>
<tr><td>Completed Executing : TestBase.beforeMethod</td></tr>
<tr><td>Test Case Name : Target_Page</td></tr>
<tr><td>Test Method Resides : Module.RegionalSetup.TC008_StateMasterUploadData</td></tr>
<tr><td>Test Status : STARTED</td></tr>
<tr><td>Target page is open successfully</td></tr>
<tr><td>Completed Executing : TC008_StateMasterUploadData.Target_Page</td></tr>
<tr><td>Test Case Name : Target_Page</td></tr>
<tr><td>Test Method Resides : Module.RegionalSetup.TC008_StateMasterUploadData</td></tr>
<tr><td>Test Status : PASSED</td></tr>
<tr><td>Completed Executing : TestBase.afterMethod</td></tr>
<tr><td>Completed Executing : TestBase.beforeMethod</td></tr>
<tr><td>Test Case Name : AddNew_Button</td></tr>
<tr><td>Test Method Resides : Module.RegionalSetup.TC008_StateMasterUploadData</td></tr>
<tr><td>Test Status : STARTED</td></tr>
<tr><td>Add New Button is working properly</td></tr>
<tr><td>Completed Executing : TC008_StateMasterUploadData.AddNew_Button</td></tr>
<tr><td>Test Case Name : AddNew_Button</td></tr>
<tr><td>Test Method Resides : Module.RegionalSetup.TC008_StateMasterUploadData</td></tr>
<tr><td>Test Status : PASSED</td></tr>
<tr><td>Completed Executing : TestBase.afterMethod</td></tr>
<tr><td>Completed Executing : TestBase.beforeMethod</td></tr>
<tr><td>Test Case Name : Data_Upload</td></tr>
<tr><td>Test Method Resides : Module.RegionalSetup.TC008_StateMasterUploadData</td></tr>
<tr><td>Test Method had the following parameters : nullindia,387,DHM,Yes,No,</td></tr>
<tr><td>Test Status : STARTED</td></tr>
<tr><td>State Master Data Not Added successfully : page crashed</td></tr>
<tr><td>Completed Executing : TC008_StateMasterUploadData.Data_Upload</td></tr>
<tr><td>Test Method Resides : Module.RegionalSetup.TC008_StateMasterUploadData</td></tr>
<tr><td>Test Method had the following parameters : nullindia,387,DHM,Yes,No,</td></tr>
<tr><td>Test Status : FAILED</td></tr>
<tr><td>Completed Executing : TestBase.afterMethod</td></tr>
<tr><td>Completed Executing : TestBase.beforeMethod</td></tr>
<tr><td>Test Case Name : Data_Upload</td></tr>
<tr><td>Test Method Resides : Module.RegionalSetup.TC008_StateMasterUploadData</td></tr>
<tr><td>Test Method had the following parameters : nullindia,388,DHJ,No,Yes,</td></tr>
<tr><td>Test Status : STARTED</td></tr>
<tr><td>Completed Executing : TC008_StateMasterUploadData.Data_Upload</td></tr>
<tr><td>Test Method Resides : Module.RegionalSetup.TC008_StateMasterUploadData</td></tr>
<tr><td>Test Method had the following parameters : nullindia,388,DHJ,No,Yes,</td></tr>
<tr><td>Test Status : FAILED</td></tr>
<tr><td>Completed Executing : TestBase.afterMethod</td></tr>
<tr><td>Completed Executing : TestBase.endTest</td></tr>
<tr><td>Test finished : State Master</td></tr>
<tr><td>Test started :  City Master</td></tr>
<tr><td>Completed Executing : TestBase.initializeTestBaseSetup</td></tr>
<tr><td>Completed Executing : TC009_CityMasterUploadData.setUp</td></tr>
<tr><td>Completed Executing : TestBase.beforeMethod</td></tr>
<tr><td>Test Case Name : Login</td></tr>
<tr><td>Test Method Resides : Module.RegionalSetup.TC009_CityMasterUploadData</td></tr>
<tr><td>Test Status : STARTED</td></tr>
<tr><td>Completed Executing : TC009_CityMasterUploadData.Login</td></tr>
<tr><td>Test Case Name : Login</td></tr>
<tr><td>Test Method Resides : Module.RegionalSetup.TC009_CityMasterUploadData</td></tr>
<tr><td>Test Status : PASSED</td></tr>
<tr><td>Completed Executing : TestBase.afterMethod</td></tr>
<tr><td>Completed Executing : TestBase.beforeMethod</td></tr>
<tr><td>Test Case Name : Target_Page</td></tr>
<tr><td>Test Method Resides : Module.RegionalSetup.TC009_CityMasterUploadData</td></tr>
<tr><td>Test Status : STARTED</td></tr>
<tr><td>Target page is open successfully</td></tr>
<tr><td>Completed Executing : TC009_CityMasterUploadData.Target_Page</td></tr>
<tr><td>Test Case Name : Target_Page</td></tr>
<tr><td>Test Method Resides : Module.RegionalSetup.TC009_CityMasterUploadData</td></tr>
<tr><td>Test Status : PASSED</td></tr>
<tr><td>Completed Executing : TestBase.afterMethod</td></tr>
<tr><td>Completed Executing : TestBase.beforeMethod</td></tr>
<tr><td>Test Case Name : AddNew_Button</td></tr>
<tr><td>Test Method Resides : Module.RegionalSetup.TC009_CityMasterUploadData</td></tr>
<tr><td>Test Status : STARTED</td></tr>
<tr><td>Add New Button is working properly</td></tr>
<tr><td>Completed Executing : TC009_CityMasterUploadData.AddNew_Button</td></tr>
<tr><td>Test Case Name : AddNew_Button</td></tr>
<tr><td>Test Method Resides : Module.RegionalSetup.TC009_CityMasterUploadData</td></tr>
<tr><td>Test Status : PASSED</td></tr>
<tr><td>Completed Executing : TestBase.afterMethod</td></tr>
<tr><td>Completed Executing : TestBase.beforeMethod</td></tr>
<tr><td>Test Case Name : Data_Upload</td></tr>
<tr><td>Test Method Resides : Module.RegionalSetup.TC009_CityMasterUploadData</td></tr>
<tr><td>Test Method had the following parameters : nullAAALEKA,aamazon,GLWZ,anceghhGZ,Yes,</td></tr>
<tr><td>Test Status : STARTED</td></tr>
<tr><td>City Master Data Not Added successfully : page crashed</td></tr>
<tr><td>Completed Executing : TC009_CityMasterUploadData.Data_Upload</td></tr>
<tr><td>Test Method Resides : Module.RegionalSetup.TC009_CityMasterUploadData</td></tr>
<tr><td>Test Method had the following parameters : nullAAALEKA,aamazon,GLWZ,anceghhGZ,Yes,</td></tr>
<tr><td>Test Status : FAILED</td></tr>
<tr><td>Completed Executing : TestBase.afterMethod</td></tr>
<tr><td>Completed Executing : TestBase.endTest</td></tr>
<tr><td>Test finished : City Master</td></tr>
<tr><td>Test started :  Nationality Master</td></tr>
<tr><td>Completed Executing : TestBase.initializeTestBaseSetup</td></tr>
<tr><td>Completed Executing : TC010_NationalityMasterUploadData.setUp</td></tr>
<tr><td>Completed Executing : TestBase.beforeMethod</td></tr>
<tr><td>Test Case Name : Login</td></tr>
<tr><td>Test Method Resides : Module.RegionalSetup.TC010_NationalityMasterUploadData</td></tr>
<tr><td>Test Status : STARTED</td></tr>
<tr><td>Completed Executing : TC010_NationalityMasterUploadData.Login</td></tr>
<tr><td>Test Case Name : Login</td></tr>
<tr><td>Test Method Resides : Module.RegionalSetup.TC010_NationalityMasterUploadData</td></tr>
<tr><td>Test Status : PASSED</td></tr>
<tr><td>Completed Executing : TestBase.afterMethod</td></tr>
<tr><td>Completed Executing : TestBase.beforeMethod</td></tr>
<tr><td>Test Case Name : Target_Page</td></tr>
<tr><td>Test Method Resides : Module.RegionalSetup.TC010_NationalityMasterUploadData</td></tr>
<tr><td>Test Status : STARTED</td></tr>
<tr><td>Target page is open successfully</td></tr>
<tr><td>Completed Executing : TC010_NationalityMasterUploadData.Target_Page</td></tr>
<tr><td>Test Case Name : Target_Page</td></tr>
<tr><td>Test Method Resides : Module.RegionalSetup.TC010_NationalityMasterUploadData</td></tr>
<tr><td>Test Status : PASSED</td></tr>
<tr><td>Completed Executing : TestBase.afterMethod</td></tr>
<tr><td>Completed Executing : TestBase.beforeMethod</td></tr>
<tr><td>Test Case Name : AddNew_Button</td></tr>
<tr><td>Test Method Resides : Module.RegionalSetup.TC010_NationalityMasterUploadData</td></tr>
<tr><td>Test Status : STARTED</td></tr>
<tr><td>Add New Button is working properly</td></tr>
<tr><td>Completed Executing : TC010_NationalityMasterUploadData.AddNew_Button</td></tr>
<tr><td>Test Case Name : AddNew_Button</td></tr>
<tr><td>Test Method Resides : Module.RegionalSetup.TC010_NationalityMasterUploadData</td></tr>
<tr><td>Test Status : PASSED</td></tr>
<tr><td>Completed Executing : TestBase.afterMethod</td></tr>
<tr><td>Completed Executing : TestBase.beforeMethod</td></tr>
<tr><td>Test Case Name : Data_Upload</td></tr>
<tr><td>Test Method Resides : Module.RegionalSetup.TC010_NationalityMasterUploadData</td></tr>
<tr><td>Test Method had the following parameters : null761.0,SPT,</td></tr>
<tr><td>Test Status : STARTED</td></tr>
<tr><td>Nationality Master Data Not Added successfully : page crashed</td></tr>
<tr><td>Completed Executing : TC010_NationalityMasterUploadData.Data_Upload</td></tr>
<tr><td>Test Method Resides : Module.RegionalSetup.TC010_NationalityMasterUploadData</td></tr>
<tr><td>Test Method had the following parameters : null761.0,SPT,</td></tr>
<tr><td>Test Status : FAILED</td></tr>
<tr><td>Completed Executing : TestBase.afterMethod</td></tr>
<tr><td>Completed Executing : TestBase.endTest</td></tr>
<tr><td>Test finished : Nationality Master</td></tr>
<tr><td>Test started :  Currency Master</td></tr>
<tr><td>Completed Executing : TestBase.initializeTestBaseSetup</td></tr>
<tr><td>Completed Executing : TC011_CurrencyMasterUploadData.setUp</td></tr>
<tr><td>Completed Executing : TestBase.beforeMethod</td></tr>
<tr><td>Test Case Name : Login</td></tr>
<tr><td>Test Method Resides : Module.RegionalSetup.TC011_CurrencyMasterUploadData</td></tr>
<tr><td>Test Status : STARTED</td></tr>
<tr><td>Completed Executing : TC011_CurrencyMasterUploadData.Login</td></tr>
<tr><td>Test Case Name : Login</td></tr>
<tr><td>Test Method Resides : Module.RegionalSetup.TC011_CurrencyMasterUploadData</td></tr>
<tr><td>Test Status : PASSED</td></tr>
<tr><td>Completed Executing : TestBase.afterMethod</td></tr>
<tr><td>Completed Executing : TestBase.beforeMethod</td></tr>
<tr><td>Test Case Name : Target_Page</td></tr>
<tr><td>Test Method Resides : Module.RegionalSetup.TC011_CurrencyMasterUploadData</td></tr>
<tr><td>Test Status : STARTED</td></tr>
<tr><td>Target page is open successfully</td></tr>
<tr><td>Completed Executing : TC011_CurrencyMasterUploadData.Target_Page</td></tr>
<tr><td>Test Case Name : Target_Page</td></tr>
<tr><td>Test Method Resides : Module.RegionalSetup.TC011_CurrencyMasterUploadData</td></tr>
<tr><td>Test Status : PASSED</td></tr>
<tr><td>Completed Executing : TestBase.afterMethod</td></tr>
<tr><td>Completed Executing : TestBase.beforeMethod</td></tr>
<tr><td>Test Case Name : AddNew_Button</td></tr>
<tr><td>Test Method Resides : Module.RegionalSetup.TC011_CurrencyMasterUploadData</td></tr>
<tr><td>Test Status : STARTED</td></tr>
<tr><td>Add New Button is working properly</td></tr>
<tr><td>Completed Executing : TC011_CurrencyMasterUploadData.AddNew_Button</td></tr>
<tr><td>Test Case Name : AddNew_Button</td></tr>
<tr><td>Test Method Resides : Module.RegionalSetup.TC011_CurrencyMasterUploadData</td></tr>
<tr><td>Test Status : PASSED</td></tr>
<tr><td>Completed Executing : TestBase.afterMethod</td></tr>
<tr><td>Completed Executing : TestBase.beforeMethod</td></tr>
<tr><td>Test Case Name : Data_Upload</td></tr>
<tr><td>Test Method Resides : Module.RegionalSetup.TC011_CurrencyMasterUploadData</td></tr>
<tr><td>Test Method had the following parameters : nullAUEW,SDUS,USD,Yes,</td></tr>
<tr><td>Test Status : STARTED</td></tr>
<tr><td>Currency Master Data added successfully</td></tr>
<tr><td>Completed Executing : TC011_CurrencyMasterUploadData.Data_Upload</td></tr>
<tr><td>Test Case Name : Data_Upload</td></tr>
<tr><td>Test Method Resides : Module.RegionalSetup.TC011_CurrencyMasterUploadData</td></tr>
<tr><td>Test Method had the following parameters : nullAUEW,SDUS,USD,Yes,</td></tr>
<tr><td>Test Status : PASSED</td></tr>
<tr><td>Completed Executing : TestBase.afterMethod</td></tr>
<tr><td>Completed Executing : TestBase.beforeMethod</td></tr>
<tr><td>Test Case Name : Data_Upload</td></tr>
<tr><td>Test Method Resides : Module.RegionalSetup.TC011_CurrencyMasterUploadData</td></tr>
<tr><td>Test Method had the following parameters : nullAUSK,FFF,USD,Yes,</td></tr>
<tr><td>Test Status : STARTED</td></tr>
<tr><td>Currency Master Data added successfully</td></tr>
<tr><td>Completed Executing : TC011_CurrencyMasterUploadData.Data_Upload</td></tr>
<tr><td>Test Case Name : Data_Upload</td></tr>
<tr><td>Test Method Resides : Module.RegionalSetup.TC011_CurrencyMasterUploadData</td></tr>
<tr><td>Test Method had the following parameters : nullAUSK,FFF,USD,Yes,</td></tr>
<tr><td>Test Status : PASSED</td></tr>
<tr><td>Completed Executing : TestBase.afterMethod</td></tr>
<tr><td>Completed Executing : TestBase.endTest</td></tr>
<tr><td>Test finished : Currency Master</td></tr>
<tr><td>Test started :  Currency rate Master</td></tr>
<tr><td>Completed Executing : TestBase.initializeTestBaseSetup</td></tr>
<tr><td>Completed Executing : TC012_CurrencyRateMasterUploadData.setUp</td></tr>
<tr><td>Completed Executing : TestBase.beforeMethod</td></tr>
<tr><td>Test Case Name : Login</td></tr>
<tr><td>Test Method Resides : Module.RegionalSetup.TC012_CurrencyRateMasterUploadData</td></tr>
<tr><td>Test Status : STARTED</td></tr>
<tr><td>Completed Executing : TC012_CurrencyRateMasterUploadData.Login</td></tr>
<tr><td>Test Case Name : Login</td></tr>
<tr><td>Test Method Resides : Module.RegionalSetup.TC012_CurrencyRateMasterUploadData</td></tr>
<tr><td>Test Status : PASSED</td></tr>
<tr><td>Completed Executing : TestBase.afterMethod</td></tr>
<tr><td>Completed Executing : TestBase.beforeMethod</td></tr>
<tr><td>Test Case Name : Target_Page</td></tr>
<tr><td>Test Method Resides : Module.RegionalSetup.TC012_CurrencyRateMasterUploadData</td></tr>
<tr><td>Test Status : STARTED</td></tr>
<tr><td>Target page is open successfully</td></tr>
<tr><td>Completed Executing : TC012_CurrencyRateMasterUploadData.Target_Page</td></tr>
<tr><td>Test Case Name : Target_Page</td></tr>
<tr><td>Test Method Resides : Module.RegionalSetup.TC012_CurrencyRateMasterUploadData</td></tr>
<tr><td>Test Status : PASSED</td></tr>
<tr><td>Completed Executing : TestBase.afterMethod</td></tr>
<tr><td>Completed Executing : TestBase.beforeMethod</td></tr>
<tr><td>Test Case Name : AddNew_Button</td></tr>
<tr><td>Test Method Resides : Module.RegionalSetup.TC012_CurrencyRateMasterUploadData</td></tr>
<tr><td>Test Status : STARTED</td></tr>
<tr><td>Add New Button is working properly</td></tr>
<tr><td>Completed Executing : TC012_CurrencyRateMasterUploadData.AddNew_Button</td></tr>
<tr><td>Test Case Name : AddNew_Button</td></tr>
<tr><td>Test Method Resides : Module.RegionalSetup.TC012_CurrencyRateMasterUploadData</td></tr>
<tr><td>Test Status : PASSED</td></tr>
<tr><td>Completed Executing : TestBase.afterMethod</td></tr>
<tr><td>Completed Executing : TestBase.beforeMethod</td></tr>
<tr><td>Test Case Name : Data_Upload</td></tr>
<tr><td>Test Method Resides : Module.RegionalSetup.TC012_CurrencyRateMasterUploadData</td></tr>
<tr><td>Test Method had the following parameters : nullEUR1,EUR1,15/09/2017,20/09/2017,1,Yes,</td></tr>
<tr><td>Test Status : STARTED</td></tr>
<tr><td>Currency Rate Master Data added successfully</td></tr>
<tr><td>Completed Executing : TC012_CurrencyRateMasterUploadData.Data_Upload</td></tr>
<tr><td>Test Case Name : Data_Upload</td></tr>
<tr><td>Test Method Resides : Module.RegionalSetup.TC012_CurrencyRateMasterUploadData</td></tr>
<tr><td>Test Method had the following parameters : nullEUR1,EUR1,15/09/2017,20/09/2017,1,Yes,</td></tr>
<tr><td>Test Status : PASSED</td></tr>
<tr><td>Completed Executing : TestBase.afterMethod</td></tr>
<tr><td>Completed Executing : TestBase.endTest</td></tr>
<tr><td>Test finished : Currency rate Master</td></tr>
<tr><td>Test started :  Branch Master</td></tr>
<tr><td>Completed Executing : TestBase.initializeTestBaseSetup</td></tr>
<tr><td>Completed Executing : TC013_BranchMasterUploadData.setUp</td></tr>
<tr><td>Completed Executing : TestBase.beforeMethod</td></tr>
<tr><td>Test Case Name : Login</td></tr>
<tr><td>Test Method Resides : Module.OrganizationalSetup.TC013_BranchMasterUploadData</td></tr>
<tr><td>Test Status : STARTED</td></tr>
<tr><td>Completed Executing : TC013_BranchMasterUploadData.Login</td></tr>
<tr><td>Test Case Name : Login</td></tr>
<tr><td>Test Method Resides : Module.OrganizationalSetup.TC013_BranchMasterUploadData</td></tr>
<tr><td>Test Status : PASSED</td></tr>
<tr><td>Completed Executing : TestBase.afterMethod</td></tr>
<tr><td>Completed Executing : TestBase.beforeMethod</td></tr>
<tr><td>Test Case Name : Target_Page</td></tr>
<tr><td>Test Method Resides : Module.OrganizationalSetup.TC013_BranchMasterUploadData</td></tr>
<tr><td>Test Status : STARTED</td></tr>
<tr><td>Target page is open successfully</td></tr>
<tr><td>Completed Executing : TC013_BranchMasterUploadData.Target_Page</td></tr>
<tr><td>Test Case Name : Target_Page</td></tr>
<tr><td>Test Method Resides : Module.OrganizationalSetup.TC013_BranchMasterUploadData</td></tr>
<tr><td>Test Status : PASSED</td></tr>
<tr><td>Completed Executing : TestBase.afterMethod</td></tr>
<tr><td>Completed Executing : TestBase.beforeMethod</td></tr>
<tr><td>Test Case Name : AddNew_Button</td></tr>
<tr><td>Test Method Resides : Module.OrganizationalSetup.TC013_BranchMasterUploadData</td></tr>
<tr><td>Test Status : STARTED</td></tr>
<tr><td>Add New Button is working properly</td></tr>
<tr><td>Completed Executing : TC013_BranchMasterUploadData.AddNew_Button</td></tr>
<tr><td>Test Case Name : AddNew_Button</td></tr>
<tr><td>Test Method Resides : Module.OrganizationalSetup.TC013_BranchMasterUploadData</td></tr>
<tr><td>Test Status : PASSED</td></tr>
<tr><td>Completed Executing : TestBase.afterMethod</td></tr>
<tr><td>Completed Executing : TestBase.beforeMethod</td></tr>
<tr><td>Test Case Name : Data_Upload</td></tr>
<tr><td>Test Method Resides : Module.OrganizationalSetup.TC013_BranchMasterUploadData</td></tr>
<tr><td>Test Method had the following parameters : nullABR535,NewyorwDf,nkdf,Bihar,Adagg,Test Data,Yes,</td></tr>
<tr><td>Test Status : STARTED</td></tr>
<tr><td>Branch Master Data added successfully</td></tr>
<tr><td>Completed Executing : TC013_BranchMasterUploadData.Data_Upload</td></tr>
<tr><td>Test Case Name : Data_Upload</td></tr>
<tr><td>Test Method Resides : Module.OrganizationalSetup.TC013_BranchMasterUploadData</td></tr>
<tr><td>Test Method had the following parameters : nullABR535,NewyorwDf,nkdf,Bihar,Adagg,Test Data,Yes,</td></tr>
<tr><td>Test Status : PASSED</td></tr>
<tr><td>Completed Executing : TestBase.afterMethod</td></tr>
<tr><td>Completed Executing : TestBase.beforeMethod</td></tr>
<tr><td>Test Case Name : Data_Upload</td></tr>
<tr><td>Test Method Resides : Module.OrganizationalSetup.TC013_BranchMasterUploadData</td></tr>
<tr><td>Test Method had the following parameters : nullABR625,NewyorqFf,nkgf,Bihar,dfdsdd,Test Data,Yes,</td></tr>
<tr><td>Test Status : STARTED</td></tr>
<tr><td>Branch Master Data added successfully</td></tr>
<tr><td>Completed Executing : TC013_BranchMasterUploadData.Data_Upload</td></tr>
<tr><td>Test Case Name : Data_Upload</td></tr>
<tr><td>Test Method Resides : Module.OrganizationalSetup.TC013_BranchMasterUploadData</td></tr>
<tr><td>Test Method had the following parameters : nullABR625,NewyorqFf,nkgf,Bihar,dfdsdd,Test Data,Yes,</td></tr>
<tr><td>Test Status : PASSED</td></tr>
<tr><td>Completed Executing : TestBase.afterMethod</td></tr>
<tr><td>Completed Executing : TestBase.endTest</td></tr>
<tr><td>Test finished : Branch Master</td></tr>
<tr><td>Test started :  Division Master</td></tr>
<tr><td>Completed Executing : TestBase.initializeTestBaseSetup</td></tr>
<tr><td>Completed Executing : TC014_DivisionMasterUploadData.setUp</td></tr>
<tr><td>Completed Executing : TestBase.beforeMethod</td></tr>
<tr><td>Test Case Name : Login</td></tr>
<tr><td>Test Method Resides : Module.OrganizationalSetup.TC014_DivisionMasterUploadData</td></tr>
<tr><td>Test Status : STARTED</td></tr>
<tr><td>Completed Executing : TC014_DivisionMasterUploadData.Login</td></tr>
<tr><td>Test Case Name : Login</td></tr>
<tr><td>Test Method Resides : Module.OrganizationalSetup.TC014_DivisionMasterUploadData</td></tr>
<tr><td>Test Status : SKIPPED</td></tr>
<tr><td>Completed Executing : TestBase.afterMethod</td></tr>
<tr><td>Test Case Name : Target_Page</td></tr>
<tr><td>Test Method Resides : Module.OrganizationalSetup.TC014_DivisionMasterUploadData</td></tr>
<tr><td>Test Status : SKIPPED</td></tr>
<tr><td>Test Case Name : AddNew_Button</td></tr>
<tr><td>Test Method Resides : Module.OrganizationalSetup.TC014_DivisionMasterUploadData</td></tr>
<tr><td>Test Status : SKIPPED</td></tr>
<tr><td>Test Case Name : Data_Upload</td></tr>
<tr><td>Test Method Resides : Module.OrganizationalSetup.TC014_DivisionMasterUploadData</td></tr>
<tr><td>Test Status : SKIPPED</td></tr>
<tr><td>Completed Executing : TestBase.endTest</td></tr>
<tr><td>Test finished : Division Master</td></tr>
<tr><td>Test started :  Department Master</td></tr>
<tr><td>Completed Executing : TestBase.initializeTestBaseSetup</td></tr>
<tr><td>Completed Executing : TC015_DepartmentMasterUploadData.setUp</td></tr>
<tr><td>Completed Executing : TestBase.beforeMethod</td></tr>
<tr><td>Test Case Name : Login</td></tr>
<tr><td>Test Method Resides : Module.OrganizationalSetup.TC015_DepartmentMasterUploadData</td></tr>
<tr><td>Test Status : STARTED</td></tr>
<tr><td>Completed Executing : TC015_DepartmentMasterUploadData.Login</td></tr>
<tr><td>Test Case Name : Login</td></tr>
<tr><td>Test Method Resides : Module.OrganizationalSetup.TC015_DepartmentMasterUploadData</td></tr>
<tr><td>Test Status : SKIPPED</td></tr>
<tr><td>Completed Executing : TestBase.afterMethod</td></tr>
<tr><td>Test Case Name : Target_Page</td></tr>
<tr><td>Test Method Resides : Module.OrganizationalSetup.TC015_DepartmentMasterUploadData</td></tr>
<tr><td>Test Status : SKIPPED</td></tr>
<tr><td>Test Case Name : AddNew_Button</td></tr>
<tr><td>Test Method Resides : Module.OrganizationalSetup.TC015_DepartmentMasterUploadData</td></tr>
<tr><td>Test Status : SKIPPED</td></tr>
<tr><td>Test Case Name : Data_Upload</td></tr>
<tr><td>Test Method Resides : Module.OrganizationalSetup.TC015_DepartmentMasterUploadData</td></tr>
<tr><td>Test Status : SKIPPED</td></tr>
<tr><td>Test Case Name : Edit_Record</td></tr>
<tr><td>Test Method Resides : Module.OrganizationalSetup.TC015_DepartmentMasterUploadData</td></tr>
<tr><td>Test Status : SKIPPED</td></tr>
<tr><td>Completed Executing : TestBase.endTest</td></tr>
<tr><td>Test finished : Department Master</td></tr>
<tr><td>Test started :  Sub Department Master</td></tr>
<tr><td>Completed Executing : TestBase.initializeTestBaseSetup</td></tr>
<tr><td>Completed Executing : TC016_SubDepartmentMasterUploadData.setUp</td></tr>
<tr><td>Completed Executing : TestBase.beforeMethod</td></tr>
<tr><td>Test Case Name : Login</td></tr>
<tr><td>Test Method Resides : Module.OrganizationalSetup.TC016_SubDepartmentMasterUploadData</td></tr>
<tr><td>Test Status : STARTED</td></tr>
<tr><td>Completed Executing : TC016_SubDepartmentMasterUploadData.Login</td></tr>
<tr><td>Test Case Name : Login</td></tr>
<tr><td>Test Method Resides : Module.OrganizationalSetup.TC016_SubDepartmentMasterUploadData</td></tr>
<tr><td>Test Status : PASSED</td></tr>
<tr><td>Completed Executing : TestBase.afterMethod</td></tr>
<tr><td>Completed Executing : TestBase.beforeMethod</td></tr>
<tr><td>Test Case Name : Target_Page</td></tr>
<tr><td>Test Method Resides : Module.OrganizationalSetup.TC016_SubDepartmentMasterUploadData</td></tr>
<tr><td>Test Status : STARTED</td></tr>
<tr><td>Target page is open successfully</td></tr>
<tr><td>Completed Executing : TC016_SubDepartmentMasterUploadData.Target_Page</td></tr>
<tr><td>Test Case Name : Target_Page</td></tr>
<tr><td>Test Method Resides : Module.OrganizationalSetup.TC016_SubDepartmentMasterUploadData</td></tr>
<tr><td>Test Status : PASSED</td></tr>
<tr><td>Completed Executing : TestBase.afterMethod</td></tr>
<tr><td>Completed Executing : TestBase.beforeMethod</td></tr>
<tr><td>Test Case Name : AddNew_Button</td></tr>
<tr><td>Test Method Resides : Module.OrganizationalSetup.TC016_SubDepartmentMasterUploadData</td></tr>
<tr><td>Test Status : STARTED</td></tr>
<tr><td>Add New Button is working properly</td></tr>
<tr><td>Completed Executing : TC016_SubDepartmentMasterUploadData.AddNew_Button</td></tr>
<tr><td>Test Case Name : AddNew_Button</td></tr>
<tr><td>Test Method Resides : Module.OrganizationalSetup.TC016_SubDepartmentMasterUploadData</td></tr>
<tr><td>Test Status : PASSED</td></tr>
<tr><td>Completed Executing : TestBase.afterMethod</td></tr>
<tr><td>Completed Executing : TestBase.beforeMethod</td></tr>
<tr><td>Test Case Name : Data_Upload</td></tr>
<tr><td>Test Method Resides : Module.OrganizationalSetup.TC016_SubDepartmentMasterUploadData</td></tr>
<tr><td>Test Method had the following parameters : null17,qa testing,qat,software,Test Data,Yes,</td></tr>
<tr><td>Test Status : STARTED</td></tr>
<tr><td>Department Master Data added successfully</td></tr>
<tr><td>Record Added successfully</td></tr>
<tr><td>Completed Executing : TC016_SubDepartmentMasterUploadData.Data_Upload</td></tr>
<tr><td>Test Case Name : Data_Upload</td></tr>
<tr><td>Test Method Resides : Module.OrganizationalSetup.TC016_SubDepartmentMasterUploadData</td></tr>
<tr><td>Test Method had the following parameters : null17,qa testing,qat,software,Test Data,Yes,</td></tr>
<tr><td>Test Status : PASSED</td></tr>
<tr><td>Completed Executing : TestBase.afterMethod</td></tr>
<tr><td>Completed Executing : TestBase.beforeMethod</td></tr>
<tr><td>Test Case Name : Data_Upload</td></tr>
<tr><td>Test Method Resides : Module.OrganizationalSetup.TC016_SubDepartmentMasterUploadData</td></tr>
<tr><td>Test Method had the following parameters : null18,dv development,dvd,software,Test Data,No,</td></tr>
<tr><td>Test Status : STARTED</td></tr>
<tr><td>Department Master Data added successfully</td></tr>
<tr><td>Record Added successfully</td></tr>
<tr><td>Completed Executing : TC016_SubDepartmentMasterUploadData.Data_Upload</td></tr>
<tr><td>Test Case Name : Data_Upload</td></tr>
<tr><td>Test Method Resides : Module.OrganizationalSetup.TC016_SubDepartmentMasterUploadData</td></tr>
<tr><td>Test Method had the following parameters : null18,dv development,dvd,software,Test Data,No,</td></tr>
<tr><td>Test Status : PASSED</td></tr>
<tr><td>Completed Executing : TestBase.afterMethod</td></tr>
<tr><td>Completed Executing : TestBase.beforeMethod</td></tr>
<tr><td>Test Case Name : Edit_Record</td></tr>
<tr><td>Test Method Resides : Module.OrganizationalSetup.TC016_SubDepartmentMasterUploadData</td></tr>
<tr><td>Test Status : STARTED</td></tr>
<tr><td>Record Not Added</td></tr>
<tr><td>Completed Executing : TC016_SubDepartmentMasterUploadData.Edit_Record</td></tr>
<tr><td>Test Method Resides : Module.OrganizationalSetup.TC016_SubDepartmentMasterUploadData</td></tr>
<tr><td>Test Status : FAILED</td></tr>
<tr><td>Completed Executing : TestBase.afterMethod</td></tr>
<tr><td>Completed Executing : TestBase.endTest</td></tr>
<tr><td>Test finished : Sub Department Master</td></tr>
<tr><td>Test started :  Cost Center Master</td></tr>
<tr><td>Completed Executing : TestBase.initializeTestBaseSetup</td></tr>
<tr><td>Completed Executing : TC017_CostCenterMasterUploadData.setUp</td></tr>
<tr><td>Completed Executing : TestBase.beforeMethod</td></tr>
<tr><td>Test Case Name : Login</td></tr>
<tr><td>Test Method Resides : Module.OrganizationalSetup.TC017_CostCenterMasterUploadData</td></tr>
<tr><td>Test Status : STARTED</td></tr>
<tr><td>Completed Executing : TC017_CostCenterMasterUploadData.Login</td></tr>
<tr><td>Test Case Name : Login</td></tr>
<tr><td>Test Method Resides : Module.OrganizationalSetup.TC017_CostCenterMasterUploadData</td></tr>
<tr><td>Test Status : SKIPPED</td></tr>
<tr><td>Completed Executing : TestBase.afterMethod</td></tr>
<tr><td>Test Case Name : Target_Page</td></tr>
<tr><td>Test Method Resides : Module.OrganizationalSetup.TC017_CostCenterMasterUploadData</td></tr>
<tr><td>Test Status : SKIPPED</td></tr>
<tr><td>Test Case Name : AddNew_Button</td></tr>
<tr><td>Test Method Resides : Module.OrganizationalSetup.TC017_CostCenterMasterUploadData</td></tr>
<tr><td>Test Status : SKIPPED</td></tr>
<tr><td>Test Case Name : Data_Upload</td></tr>
<tr><td>Test Method Resides : Module.OrganizationalSetup.TC017_CostCenterMasterUploadData</td></tr>
<tr><td>Test Status : SKIPPED</td></tr>
<tr><td>Test Case Name : Edit_Record</td></tr>
<tr><td>Test Method Resides : Module.OrganizationalSetup.TC017_CostCenterMasterUploadData</td></tr>
<tr><td>Test Status : SKIPPED</td></tr>
<tr><td>Completed Executing : TestBase.endTest</td></tr>
<tr><td>Test finished : Cost Center Master</td></tr>
<tr><td>Test started :  Position Master</td></tr>
<tr><td>Completed Executing : TestBase.initializeTestBaseSetup</td></tr>
<tr><td>Completed Executing : TC018_PositionMasterUploadData.setUp</td></tr>
<tr><td>Completed Executing : TestBase.beforeMethod</td></tr>
<tr><td>Test Case Name : Login</td></tr>
<tr><td>Test Method Resides : Module.OrganizationalSetup.TC018_PositionMasterUploadData</td></tr>
<tr><td>Test Status : STARTED</td></tr>
<tr><td>Completed Executing : TC018_PositionMasterUploadData.Login</td></tr>
<tr><td>Test Case Name : Login</td></tr>
<tr><td>Test Method Resides : Module.OrganizationalSetup.TC018_PositionMasterUploadData</td></tr>
<tr><td>Test Status : PASSED</td></tr>
<tr><td>Completed Executing : TestBase.afterMethod</td></tr>
<tr><td>Completed Executing : TestBase.beforeMethod</td></tr>
<tr><td>Test Case Name : Target_Page</td></tr>
<tr><td>Test Method Resides : Module.OrganizationalSetup.TC018_PositionMasterUploadData</td></tr>
<tr><td>Test Status : STARTED</td></tr>
<tr><td>Target page is open successfully</td></tr>
<tr><td>Completed Executing : TC018_PositionMasterUploadData.Target_Page</td></tr>
<tr><td>Test Case Name : Target_Page</td></tr>
<tr><td>Test Method Resides : Module.OrganizationalSetup.TC018_PositionMasterUploadData</td></tr>
<tr><td>Test Status : PASSED</td></tr>
<tr><td>Completed Executing : TestBase.afterMethod</td></tr>
<tr><td>Completed Executing : TestBase.beforeMethod</td></tr>
<tr><td>Test Case Name : AddNew_Button</td></tr>
<tr><td>Test Method Resides : Module.OrganizationalSetup.TC018_PositionMasterUploadData</td></tr>
<tr><td>Test Status : STARTED</td></tr>
<tr><td>Add New Button is working properly</td></tr>
<tr><td>Completed Executing : TC018_PositionMasterUploadData.AddNew_Button</td></tr>
<tr><td>Test Case Name : AddNew_Button</td></tr>
<tr><td>Test Method Resides : Module.OrganizationalSetup.TC018_PositionMasterUploadData</td></tr>
<tr><td>Test Status : PASSED</td></tr>
<tr><td>Completed Executing : TestBase.afterMethod</td></tr>
<tr><td>Completed Executing : TestBase.beforeMethod</td></tr>
<tr><td>Test Case Name : Data_Upload</td></tr>
<tr><td>Test Method Resides : Module.OrganizationalSetup.TC018_PositionMasterUploadData</td></tr>
<tr><td>Test Method had the following parameters : null457.0,Soft IT B,SIF,Administration,Test Data,Yes,Yes,No,Yes,</td></tr>
<tr><td>Test Status : STARTED</td></tr>
<tr><td>Position Master Data added successfully</td></tr>
<tr><td>Record Added successfully</td></tr>
<tr><td>Completed Executing : TC018_PositionMasterUploadData.Data_Upload</td></tr>
<tr><td>Test Case Name : Data_Upload</td></tr>
<tr><td>Test Method Resides : Module.OrganizationalSetup.TC018_PositionMasterUploadData</td></tr>
<tr><td>Test Method had the following parameters : null457.0,Soft IT B,SIF,Administration,Test Data,Yes,Yes,No,Yes,</td></tr>
<tr><td>Test Status : PASSED</td></tr>
<tr><td>Completed Executing : TestBase.afterMethod</td></tr>
<tr><td>Completed Executing : TestBase.beforeMethod</td></tr>
<tr><td>Test Case Name : Edit_Record</td></tr>
<tr><td>Test Method Resides : Module.OrganizationalSetup.TC018_PositionMasterUploadData</td></tr>
<tr><td>Test Status : STARTED</td></tr>
<tr><td>Record Added Successfully</td></tr>
<tr><td>Completed Executing : TC018_PositionMasterUploadData.Edit_Record</td></tr>
<tr><td>Test Case Name : Edit_Record</td></tr>
<tr><td>Test Method Resides : Module.OrganizationalSetup.TC018_PositionMasterUploadData</td></tr>
<tr><td>Test Status : PASSED</td></tr>
<tr><td>Completed Executing : TestBase.afterMethod</td></tr>
<tr><td>Completed Executing : TestBase.endTest</td></tr>
<tr><td>Test finished : Position Master</td></tr>
<tr><td>Test started :  Level Master</td></tr>
<tr><td>Completed Executing : TestBase.initializeTestBaseSetup</td></tr>
<tr><td>Completed Executing : TC019_LevelMasterUploadData.setUp</td></tr>
<tr><td>Completed Executing : TestBase.beforeMethod</td></tr>
<tr><td>Test Case Name : Login</td></tr>
<tr><td>Test Method Resides : Module.OrganizationalSetup.TC019_LevelMasterUploadData</td></tr>
<tr><td>Test Status : STARTED</td></tr>
<tr><td>Completed Executing : TC019_LevelMasterUploadData.Login</td></tr>
<tr><td>Test Case Name : Login</td></tr>
<tr><td>Test Method Resides : Module.OrganizationalSetup.TC019_LevelMasterUploadData</td></tr>
<tr><td>Test Status : PASSED</td></tr>
<tr><td>Completed Executing : TestBase.afterMethod</td></tr>
<tr><td>Completed Executing : TestBase.beforeMethod</td></tr>
<tr><td>Test Case Name : Target_Page</td></tr>
<tr><td>Test Method Resides : Module.OrganizationalSetup.TC019_LevelMasterUploadData</td></tr>
<tr><td>Test Status : STARTED</td></tr>
<tr><td>Target page is open successfully</td></tr>
<tr><td>Completed Executing : TC019_LevelMasterUploadData.Target_Page</td></tr>
<tr><td>Test Case Name : Target_Page</td></tr>
<tr><td>Test Method Resides : Module.OrganizationalSetup.TC019_LevelMasterUploadData</td></tr>
<tr><td>Test Status : PASSED</td></tr>
<tr><td>Completed Executing : TestBase.afterMethod</td></tr>
<tr><td>Completed Executing : TestBase.beforeMethod</td></tr>
<tr><td>Test Case Name : AddNew_Button</td></tr>
<tr><td>Test Method Resides : Module.OrganizationalSetup.TC019_LevelMasterUploadData</td></tr>
<tr><td>Test Status : STARTED</td></tr>
<tr><td>Add New Button is working properly</td></tr>
<tr><td>Completed Executing : TC019_LevelMasterUploadData.AddNew_Button</td></tr>
<tr><td>Test Case Name : AddNew_Button</td></tr>
<tr><td>Test Method Resides : Module.OrganizationalSetup.TC019_LevelMasterUploadData</td></tr>
<tr><td>Test Status : PASSED</td></tr>
<tr><td>Completed Executing : TestBase.afterMethod</td></tr>
<tr><td>Completed Executing : TestBase.beforeMethod</td></tr>
<tr><td>Test Case Name : Data_Upload</td></tr>
<tr><td>Test Method Resides : Module.OrganizationalSetup.TC019_LevelMasterUploadData</td></tr>
<tr><td>Test Method had the following parameters : nullOsource India Pvt Ltd,HG88,Level31,Test level,Yes,</td></tr>
<tr><td>Test Status : STARTED</td></tr>
<tr><td>Level Master Data added successfully</td></tr>
<tr><td>Record Added successfully</td></tr>
<tr><td>Completed Executing : TC019_LevelMasterUploadData.Data_Upload</td></tr>
<tr><td>Test Case Name : Data_Upload</td></tr>
<tr><td>Test Method Resides : Module.OrganizationalSetup.TC019_LevelMasterUploadData</td></tr>
<tr><td>Test Method had the following parameters : nullOsource India Pvt Ltd,HG88,Level31,Test level,Yes,</td></tr>
<tr><td>Test Status : PASSED</td></tr>
<tr><td>Completed Executing : TestBase.afterMethod</td></tr>
<tr><td>Completed Executing : TestBase.beforeMethod</td></tr>
<tr><td>Test Case Name : Data_Upload</td></tr>
<tr><td>Test Method Resides : Module.OrganizationalSetup.TC019_LevelMasterUploadData</td></tr>
<tr><td>Test Method had the following parameters : nullOsource India Pvt Ltd,HG89,Level32,Test level,Yes,</td></tr>
<tr><td>Test Status : STARTED</td></tr>
<tr><td>Level Master Data added successfully</td></tr>
<tr><td>Record Added successfully</td></tr>
<tr><td>Completed Executing : TC019_LevelMasterUploadData.Data_Upload</td></tr>
<tr><td>Test Case Name : Data_Upload</td></tr>
<tr><td>Test Method Resides : Module.OrganizationalSetup.TC019_LevelMasterUploadData</td></tr>
<tr><td>Test Method had the following parameters : nullOsource India Pvt Ltd,HG89,Level32,Test level,Yes,</td></tr>
<tr><td>Test Status : PASSED</td></tr>
<tr><td>Completed Executing : TestBase.afterMethod</td></tr>
<tr><td>Completed Executing : TestBase.beforeMethod</td></tr>
<tr><td>Test Case Name : Edit_Record</td></tr>
<tr><td>Test Method Resides : Module.OrganizationalSetup.TC019_LevelMasterUploadData</td></tr>
<tr><td>Test Status : STARTED</td></tr>
<tr><td>Record Added Successfully</td></tr>
<tr><td>Completed Executing : TC019_LevelMasterUploadData.Edit_Record</td></tr>
<tr><td>Test Case Name : Edit_Record</td></tr>
<tr><td>Test Method Resides : Module.OrganizationalSetup.TC019_LevelMasterUploadData</td></tr>
<tr><td>Test Status : PASSED</td></tr>
<tr><td>Completed Executing : TestBase.afterMethod</td></tr>
<tr><td>Completed Executing : TestBase.endTest</td></tr>
<tr><td>Test finished : Level Master</td></tr>
<tr><td>Test started :  Band Master</td></tr>
<tr><td>Completed Executing : TestBase.initializeTestBaseSetup</td></tr>
<tr><td>Completed Executing : TC020_BandMasterUploadData.setUp</td></tr>
<tr><td>Completed Executing : TestBase.beforeMethod</td></tr>
<tr><td>Test Case Name : Login</td></tr>
<tr><td>Test Method Resides : Module.OrganizationalSetup.TC020_BandMasterUploadData</td></tr>
<tr><td>Test Status : STARTED</td></tr>
<tr><td>Completed Executing : TC020_BandMasterUploadData.Login</td></tr>
<tr><td>Test Case Name : Login</td></tr>
<tr><td>Test Method Resides : Module.OrganizationalSetup.TC020_BandMasterUploadData</td></tr>
<tr><td>Test Status : PASSED</td></tr>
<tr><td>Completed Executing : TestBase.afterMethod</td></tr>
<tr><td>Completed Executing : TestBase.beforeMethod</td></tr>
<tr><td>Test Case Name : Target_Page</td></tr>
<tr><td>Test Method Resides : Module.OrganizationalSetup.TC020_BandMasterUploadData</td></tr>
<tr><td>Test Status : STARTED</td></tr>
<tr><td>Target page is open successfully</td></tr>
<tr><td>Completed Executing : TC020_BandMasterUploadData.Target_Page</td></tr>
<tr><td>Test Case Name : Target_Page</td></tr>
<tr><td>Test Method Resides : Module.OrganizationalSetup.TC020_BandMasterUploadData</td></tr>
<tr><td>Test Status : PASSED</td></tr>
<tr><td>Completed Executing : TestBase.afterMethod</td></tr>
<tr><td>Completed Executing : TestBase.beforeMethod</td></tr>
<tr><td>Test Case Name : AddNew_Button</td></tr>
<tr><td>Test Method Resides : Module.OrganizationalSetup.TC020_BandMasterUploadData</td></tr>
<tr><td>Test Status : STARTED</td></tr>
<tr><td>Add New Button is working properly</td></tr>
<tr><td>Completed Executing : TC020_BandMasterUploadData.AddNew_Button</td></tr>
<tr><td>Test Case Name : AddNew_Button</td></tr>
<tr><td>Test Method Resides : Module.OrganizationalSetup.TC020_BandMasterUploadData</td></tr>
<tr><td>Test Status : PASSED</td></tr>
<tr><td>Completed Executing : TestBase.afterMethod</td></tr>
<tr><td>Completed Executing : TestBase.beforeMethod</td></tr>
<tr><td>Test Case Name : Data_Upload</td></tr>
<tr><td>Test Method Resides : Module.OrganizationalSetup.TC020_BandMasterUploadData</td></tr>
<tr><td>Test Method had the following parameters : null761,Band 468,BGHG,TEST band,Yes,</td></tr>
<tr><td>Test Status : STARTED</td></tr>
<tr><td>Band Master Data added successfully</td></tr>
<tr><td>Record Added successfully</td></tr>
<tr><td>Completed Executing : TC020_BandMasterUploadData.Data_Upload</td></tr>
<tr><td>Test Case Name : Data_Upload</td></tr>
<tr><td>Test Method Resides : Module.OrganizationalSetup.TC020_BandMasterUploadData</td></tr>
<tr><td>Test Method had the following parameters : null761,Band 468,BGHG,TEST band,Yes,</td></tr>
<tr><td>Test Status : PASSED</td></tr>
<tr><td>Completed Executing : TestBase.afterMethod</td></tr>
<tr><td>Completed Executing : TestBase.beforeMethod</td></tr>
<tr><td>Test Case Name : Data_Upload</td></tr>
<tr><td>Test Method Resides : Module.OrganizationalSetup.TC020_BandMasterUploadData</td></tr>
<tr><td>Test Method had the following parameters : null762,Band 469,BGHG,TEST band,Yes,</td></tr>
<tr><td>Test Status : STARTED</td></tr>
<tr><td>Band Master Data added successfully</td></tr>
<tr><td>Record Added successfully</td></tr>
<tr><td>Completed Executing : TC020_BandMasterUploadData.Data_Upload</td></tr>
<tr><td>Test Case Name : Data_Upload</td></tr>
<tr><td>Test Method Resides : Module.OrganizationalSetup.TC020_BandMasterUploadData</td></tr>
<tr><td>Test Method had the following parameters : null762,Band 469,BGHG,TEST band,Yes,</td></tr>
<tr><td>Test Status : PASSED</td></tr>
<tr><td>Completed Executing : TestBase.afterMethod</td></tr>
<tr><td>Completed Executing : TestBase.beforeMethod</td></tr>
<tr><td>Test Case Name : Edit_Record</td></tr>
<tr><td>Test Method Resides : Module.OrganizationalSetup.TC020_BandMasterUploadData</td></tr>
<tr><td>Test Status : STARTED</td></tr>
<tr><td>Record Added Successfully</td></tr>
<tr><td>Completed Executing : TC020_BandMasterUploadData.Edit_Record</td></tr>
<tr><td>Test Case Name : Edit_Record</td></tr>
<tr><td>Test Method Resides : Module.OrganizationalSetup.TC020_BandMasterUploadData</td></tr>
<tr><td>Test Status : PASSED</td></tr>
<tr><td>Completed Executing : TestBase.afterMethod</td></tr>
<tr><td>Completed Executing : TestBase.endTest</td></tr>
<tr><td>Test finished : Band Master</td></tr>
<tr><td>Test started :  Bank Master</td></tr>
<tr><td>Completed Executing : TestBase.initializeTestBaseSetup</td></tr>
<tr><td>Completed Executing : TC021_BankMasterUploadData.setUp</td></tr>
<tr><td>Completed Executing : TestBase.beforeMethod</td></tr>
<tr><td>Test Case Name : Login</td></tr>
<tr><td>Test Method Resides : Module.OrganizationalSetup.TC021_BankMasterUploadData</td></tr>
<tr><td>Test Status : STARTED</td></tr>
<tr><td>Completed Executing : TC021_BankMasterUploadData.Login</td></tr>
<tr><td>Test Case Name : Login</td></tr>
<tr><td>Test Method Resides : Module.OrganizationalSetup.TC021_BankMasterUploadData</td></tr>
<tr><td>Test Status : PASSED</td></tr>
<tr><td>Completed Executing : TestBase.afterMethod</td></tr>
<tr><td>Completed Executing : TestBase.beforeMethod</td></tr>
<tr><td>Test Case Name : Target_Page</td></tr>
<tr><td>Test Method Resides : Module.OrganizationalSetup.TC021_BankMasterUploadData</td></tr>
<tr><td>Test Status : STARTED</td></tr>
<tr><td>Target page is open successfully</td></tr>
<tr><td>Completed Executing : TC021_BankMasterUploadData.Target_Page</td></tr>
<tr><td>Test Case Name : Target_Page</td></tr>
<tr><td>Test Method Resides : Module.OrganizationalSetup.TC021_BankMasterUploadData</td></tr>
<tr><td>Test Status : PASSED</td></tr>
<tr><td>Completed Executing : TestBase.afterMethod</td></tr>
<tr><td>Completed Executing : TestBase.beforeMethod</td></tr>
<tr><td>Test Case Name : AddNew_Button</td></tr>
<tr><td>Test Method Resides : Module.OrganizationalSetup.TC021_BankMasterUploadData</td></tr>
<tr><td>Test Status : STARTED</td></tr>
<tr><td>Add New Button is working properly</td></tr>
<tr><td>Completed Executing : TC021_BankMasterUploadData.AddNew_Button</td></tr>
<tr><td>Test Case Name : AddNew_Button</td></tr>
<tr><td>Test Method Resides : Module.OrganizationalSetup.TC021_BankMasterUploadData</td></tr>
<tr><td>Test Status : PASSED</td></tr>
<tr><td>Completed Executing : TestBase.afterMethod</td></tr>
<tr><td>Completed Executing : TestBase.beforeMethod</td></tr>
<tr><td>Test Case Name : Data_Upload</td></tr>
<tr><td>Test Method Resides : Module.OrganizationalSetup.TC021_BankMasterUploadData</td></tr>
<tr><td>Test Method had the following parameters : nullFGD42,DFOGK Bank,DFHCS,Mahape,mahape,0228546956,01253265,DFHK@gmail.com,Test Data,9.87654321E9,Yes,</td></tr>
<tr><td>Test Status : STARTED</td></tr>
<tr><td>Bank Master Data Not Added successfully : page crashed</td></tr>
<tr><td>Completed Executing : TC021_BankMasterUploadData.Data_Upload</td></tr>
<tr><td>Test Method Resides : Module.OrganizationalSetup.TC021_BankMasterUploadData</td></tr>
<tr><td>Test Method had the following parameters : nullFGD42,DFOGK Bank,DFHCS,Mahape,mahape,0228546956,01253265,DFHK@gmail.com,Test Data,9.87654321E9,Yes,</td></tr>
<tr><td>Test Status : FAILED</td></tr>
<tr><td>Completed Executing : TestBase.afterMethod</td></tr>
<tr><td>Completed Executing : TestBase.beforeMethod</td></tr>
<tr><td>Test Case Name : Edit_Record</td></tr>
<tr><td>Test Method Resides : Module.OrganizationalSetup.TC021_BankMasterUploadData</td></tr>
<tr><td>Test Status : STARTED</td></tr>
<tr><td>Record Not Added</td></tr>
<tr><td>Completed Executing : TC021_BankMasterUploadData.Edit_Record</td></tr>
<tr><td>Test Method Resides : Module.OrganizationalSetup.TC021_BankMasterUploadData</td></tr>
<tr><td>Test Status : FAILED</td></tr>
<tr><td>Completed Executing : TestBase.afterMethod</td></tr>
<tr><td>Completed Executing : TestBase.endTest</td></tr>
<tr><td>Test finished : Bank Master</td></tr>
<tr><td>Test started :  Zone Master</td></tr>
<tr><td>Completed Executing : TestBase.initializeTestBaseSetup</td></tr>
<tr><td>Completed Executing : TC022_ZoneMasterUploadData.setUp</td></tr>
<tr><td>Completed Executing : TestBase.beforeMethod</td></tr>
<tr><td>Test Case Name : Login</td></tr>
<tr><td>Test Method Resides : Module.OrganizationalSetup.TC022_ZoneMasterUploadData</td></tr>
<tr><td>Test Status : STARTED</td></tr>
<tr><td>Completed Executing : TC022_ZoneMasterUploadData.Login</td></tr>
<tr><td>Test Case Name : Login</td></tr>
<tr><td>Test Method Resides : Module.OrganizationalSetup.TC022_ZoneMasterUploadData</td></tr>
<tr><td>Test Status : PASSED</td></tr>
<tr><td>Completed Executing : TestBase.afterMethod</td></tr>
<tr><td>Completed Executing : TestBase.beforeMethod</td></tr>
<tr><td>Test Case Name : Target_Page</td></tr>
<tr><td>Test Method Resides : Module.OrganizationalSetup.TC022_ZoneMasterUploadData</td></tr>
<tr><td>Test Status : STARTED</td></tr>
<tr><td>Target page is open successfully</td></tr>
<tr><td>Completed Executing : TC022_ZoneMasterUploadData.Target_Page</td></tr>
<tr><td>Test Case Name : Target_Page</td></tr>
<tr><td>Test Method Resides : Module.OrganizationalSetup.TC022_ZoneMasterUploadData</td></tr>
<tr><td>Test Status : PASSED</td></tr>
<tr><td>Completed Executing : TestBase.afterMethod</td></tr>
<tr><td>Completed Executing : TestBase.beforeMethod</td></tr>
<tr><td>Test Case Name : AddNew_Button</td></tr>
<tr><td>Test Method Resides : Module.OrganizationalSetup.TC022_ZoneMasterUploadData</td></tr>
<tr><td>Test Status : STARTED</td></tr>
<tr><td>Add New Button is working properly</td></tr>
<tr><td>Completed Executing : TC022_ZoneMasterUploadData.AddNew_Button</td></tr>
<tr><td>Test Case Name : AddNew_Button</td></tr>
<tr><td>Test Method Resides : Module.OrganizationalSetup.TC022_ZoneMasterUploadData</td></tr>
<tr><td>Test Status : PASSED</td></tr>
<tr><td>Completed Executing : TestBase.afterMethod</td></tr>
<tr><td>Completed Executing : TestBase.beforeMethod</td></tr>
<tr><td>Test Case Name : Data_Upload</td></tr>
<tr><td>Test Method Resides : Module.OrganizationalSetup.TC022_ZoneMasterUploadData</td></tr>
<tr><td>Test Method had the following parameters : null43.0,Delhi,</td></tr>
<tr><td>Test Status : STARTED</td></tr>
<tr><td>zone Master Data added successfully</td></tr>
<tr><td>Record Added successfully</td></tr>
<tr><td>Completed Executing : TC022_ZoneMasterUploadData.Data_Upload</td></tr>
<tr><td>Test Case Name : Data_Upload</td></tr>
<tr><td>Test Method Resides : Module.OrganizationalSetup.TC022_ZoneMasterUploadData</td></tr>
<tr><td>Test Method had the following parameters : null43.0,Delhi,</td></tr>
<tr><td>Test Status : PASSED</td></tr>
<tr><td>Completed Executing : TestBase.afterMethod</td></tr>
<tr><td>Completed Executing : TestBase.beforeMethod</td></tr>
<tr><td>Test Case Name : Edit_Record</td></tr>
<tr><td>Test Method Resides : Module.OrganizationalSetup.TC022_ZoneMasterUploadData</td></tr>
<tr><td>Test Status : STARTED</td></tr>
<tr><td>Record Added Successfully</td></tr>
<tr><td>Completed Executing : TC022_ZoneMasterUploadData.Edit_Record</td></tr>
<tr><td>Test Case Name : Edit_Record</td></tr>
<tr><td>Test Method Resides : Module.OrganizationalSetup.TC022_ZoneMasterUploadData</td></tr>
<tr><td>Test Status : PASSED</td></tr>
<tr><td>Completed Executing : TestBase.afterMethod</td></tr>
<tr><td>Completed Executing : TestBase.endTest</td></tr>
<tr><td>Test finished : Zone Master</td></tr>
<tr><td>Test started :  Attribute Master</td></tr>
<tr><td>Completed Executing : TestBase.initializeTestBaseSetup</td></tr>
<tr><td>Completed Executing : TC023_AttributeMasterUploadData.setUp</td></tr>
<tr><td>Completed Executing : TestBase.beforeMethod</td></tr>
<tr><td>Test Case Name : Login</td></tr>
<tr><td>Test Method Resides : Module.OrganizationalSetup.TC023_AttributeMasterUploadData</td></tr>
<tr><td>Test Status : STARTED</td></tr>
<tr><td>Completed Executing : TC023_AttributeMasterUploadData.Login</td></tr>
<tr><td>Test Case Name : Login</td></tr>
<tr><td>Test Method Resides : Module.OrganizationalSetup.TC023_AttributeMasterUploadData</td></tr>
<tr><td>Test Status : PASSED</td></tr>
<tr><td>Completed Executing : TestBase.afterMethod</td></tr>
<tr><td>Completed Executing : TestBase.beforeMethod</td></tr>
<tr><td>Test Case Name : Target_Page</td></tr>
<tr><td>Test Method Resides : Module.OrganizationalSetup.TC023_AttributeMasterUploadData</td></tr>
<tr><td>Test Status : STARTED</td></tr>
<tr><td>Target page is open successfully</td></tr>
<tr><td>Completed Executing : TC023_AttributeMasterUploadData.Target_Page</td></tr>
<tr><td>Test Case Name : Target_Page</td></tr>
<tr><td>Test Method Resides : Module.OrganizationalSetup.TC023_AttributeMasterUploadData</td></tr>
<tr><td>Test Status : PASSED</td></tr>
<tr><td>Completed Executing : TestBase.afterMethod</td></tr>
<tr><td>Completed Executing : TestBase.beforeMethod</td></tr>
<tr><td>Test Case Name : AddNew_Button</td></tr>
<tr><td>Test Method Resides : Module.OrganizationalSetup.TC023_AttributeMasterUploadData</td></tr>
<tr><td>Test Status : STARTED</td></tr>
<tr><td>Add New Button is working properly</td></tr>
<tr><td>Completed Executing : TC023_AttributeMasterUploadData.AddNew_Button</td></tr>
<tr><td>Test Case Name : AddNew_Button</td></tr>
<tr><td>Test Method Resides : Module.OrganizationalSetup.TC023_AttributeMasterUploadData</td></tr>
<tr><td>Test Status : PASSED</td></tr>
<tr><td>Completed Executing : TestBase.afterMethod</td></tr>
<tr><td>Completed Executing : TestBase.beforeMethod</td></tr>
<tr><td>Test Case Name : Data_Upload</td></tr>
<tr><td>Test Method Resides : Module.OrganizationalSetup.TC023_AttributeMasterUploadData</td></tr>
<tr><td>Test Method had the following parameters : nullTesting,5404.0,Attri subs,ass,455.0,980.0,test data attribute,</td></tr>
<tr><td>Test Status : STARTED</td></tr>
<tr><td>Attribute Master Data added successfully</td></tr>
<tr><td>Record Added successfully</td></tr>
<tr><td>Completed Executing : TC023_AttributeMasterUploadData.Data_Upload</td></tr>
<tr><td>Test Case Name : Data_Upload</td></tr>
<tr><td>Test Method Resides : Module.OrganizationalSetup.TC023_AttributeMasterUploadData</td></tr>
<tr><td>Test Method had the following parameters : nullTesting,5404.0,Attri subs,ass,455.0,980.0,test data attribute,</td></tr>
<tr><td>Test Status : PASSED</td></tr>
<tr><td>Completed Executing : TestBase.afterMethod</td></tr>
<tr><td>Completed Executing : TestBase.beforeMethod</td></tr>
<tr><td>Test Case Name : Edit_Record</td></tr>
<tr><td>Test Method Resides : Module.OrganizationalSetup.TC023_AttributeMasterUploadData</td></tr>
<tr><td>Test Status : STARTED</td></tr>
<tr><td>Record Added Successfully</td></tr>
<tr><td>Completed Executing : TC023_AttributeMasterUploadData.Edit_Record</td></tr>
<tr><td>Test Case Name : Edit_Record</td></tr>
<tr><td>Test Method Resides : Module.OrganizationalSetup.TC023_AttributeMasterUploadData</td></tr>
<tr><td>Test Status : PASSED</td></tr>
<tr><td>Completed Executing : TestBase.afterMethod</td></tr>
<tr><td>Completed Executing : TestBase.endTest</td></tr>
<tr><td>Test finished : Attribute Master</td></tr>
<tr><td>Test started :  Device Master</td></tr>
<tr><td>Completed Executing : TestBase.initializeTestBaseSetup</td></tr>
<tr><td>Completed Executing : TC024_DeviceMasterUploadData.setUp</td></tr>
<tr><td>Completed Executing : TestBase.beforeMethod</td></tr>
<tr><td>Test Case Name : Login</td></tr>
<tr><td>Test Method Resides : Module.OrganizationalSetup.TC024_DeviceMasterUploadData</td></tr>
<tr><td>Test Status : STARTED</td></tr>
<tr><td>Completed Executing : TC024_DeviceMasterUploadData.Login</td></tr>
<tr><td>Test Case Name : Login</td></tr>
<tr><td>Test Method Resides : Module.OrganizationalSetup.TC024_DeviceMasterUploadData</td></tr>
<tr><td>Test Status : PASSED</td></tr>
<tr><td>Completed Executing : TestBase.afterMethod</td></tr>
<tr><td>Completed Executing : TestBase.beforeMethod</td></tr>
<tr><td>Test Case Name : Target_Page</td></tr>
<tr><td>Test Method Resides : Module.OrganizationalSetup.TC024_DeviceMasterUploadData</td></tr>
<tr><td>Test Status : STARTED</td></tr>
<tr><td>Target page is open successfully</td></tr>
<tr><td>Completed Executing : TC024_DeviceMasterUploadData.Target_Page</td></tr>
<tr><td>Test Case Name : Target_Page</td></tr>
<tr><td>Test Method Resides : Module.OrganizationalSetup.TC024_DeviceMasterUploadData</td></tr>
<tr><td>Test Status : PASSED</td></tr>
<tr><td>Completed Executing : TestBase.afterMethod</td></tr>
<tr><td>Completed Executing : TestBase.beforeMethod</td></tr>
<tr><td>Test Case Name : AddNew_Button</td></tr>
<tr><td>Test Method Resides : Module.OrganizationalSetup.TC024_DeviceMasterUploadData</td></tr>
<tr><td>Test Status : STARTED</td></tr>
<tr><td>Add New Button is working properly</td></tr>
<tr><td>Completed Executing : TC024_DeviceMasterUploadData.AddNew_Button</td></tr>
<tr><td>Test Case Name : AddNew_Button</td></tr>
<tr><td>Test Method Resides : Module.OrganizationalSetup.TC024_DeviceMasterUploadData</td></tr>
<tr><td>Test Status : PASSED</td></tr>
<tr><td>Completed Executing : TestBase.afterMethod</td></tr>
<tr><td>Completed Executing : TestBase.beforeMethod</td></tr>
<tr><td>Test Case Name : Data_Upload</td></tr>
<tr><td>Test Method Resides : Module.OrganizationalSetup.TC024_DeviceMasterUploadData</td></tr>
<tr><td>Test Method had the following parameters : nullDID126,SelQZZ,Oracle,Ghansoli,192.168.32.47,Attendance Process Device,Out,Yes,</td></tr>
<tr><td>Test Status : STARTED</td></tr>
<tr><td>Device Master Data added successfully</td></tr>
<tr><td>Record Added successfully</td></tr>
<tr><td>Completed Executing : TC024_DeviceMasterUploadData.Data_Upload</td></tr>
<tr><td>Test Case Name : Data_Upload</td></tr>
<tr><td>Test Method Resides : Module.OrganizationalSetup.TC024_DeviceMasterUploadData</td></tr>
<tr><td>Test Method had the following parameters : nullDID126,SelQZZ,Oracle,Ghansoli,192.168.32.47,Attendance Process Device,Out,Yes,</td></tr>
<tr><td>Test Status : PASSED</td></tr>
<tr><td>Completed Executing : TestBase.afterMethod</td></tr>
<tr><td>Completed Executing : TestBase.beforeMethod</td></tr>
<tr><td>Test Case Name : Edit_Record</td></tr>
<tr><td>Test Method Resides : Module.OrganizationalSetup.TC024_DeviceMasterUploadData</td></tr>
<tr><td>Test Status : STARTED</td></tr>
<tr><td>Record Added Successfully</td></tr>
<tr><td>Completed Executing : TC024_DeviceMasterUploadData.Edit_Record</td></tr>
<tr><td>Test Case Name : Edit_Record</td></tr>
<tr><td>Test Method Resides : Module.OrganizationalSetup.TC024_DeviceMasterUploadData</td></tr>
<tr><td>Test Status : PASSED</td></tr>
<tr><td>Completed Executing : TestBase.afterMethod</td></tr>
<tr><td>Completed Executing : TestBase.endTest</td></tr>
<tr><td>Test finished : Device Master</td></tr>
<tr><td>Test started :  Position Mapping</td></tr>
<tr><td>Completed Executing : TestBase.initializeTestBaseSetup</td></tr>
<tr><td>Completed Executing : TC025_PositionMappingUploadData.setUp</td></tr>
<tr><td>Completed Executing : TestBase.beforeMethod</td></tr>
<tr><td>Test Case Name : Login</td></tr>
<tr><td>Test Method Resides : Module.OrganizationalSetup.TC025_PositionMappingUploadData</td></tr>
<tr><td>Test Status : STARTED</td></tr>
<tr><td>Completed Executing : TC025_PositionMappingUploadData.Login</td></tr>
<tr><td>Test Case Name : Login</td></tr>
<tr><td>Test Method Resides : Module.OrganizationalSetup.TC025_PositionMappingUploadData</td></tr>
<tr><td>Test Status : PASSED</td></tr>
<tr><td>Completed Executing : TestBase.afterMethod</td></tr>
<tr><td>Completed Executing : TestBase.beforeMethod</td></tr>
<tr><td>Test Case Name : Target_Page</td></tr>
<tr><td>Test Method Resides : Module.OrganizationalSetup.TC025_PositionMappingUploadData</td></tr>
<tr><td>Test Status : STARTED</td></tr>
<tr><td>Target page is open successfully</td></tr>
<tr><td>Completed Executing : TC025_PositionMappingUploadData.Target_Page</td></tr>
<tr><td>Test Case Name : Target_Page</td></tr>
<tr><td>Test Method Resides : Module.OrganizationalSetup.TC025_PositionMappingUploadData</td></tr>
<tr><td>Test Status : PASSED</td></tr>
<tr><td>Completed Executing : TestBase.afterMethod</td></tr>
<tr><td>Completed Executing : TestBase.beforeMethod</td></tr>
<tr><td>Test Case Name : AddNew_Button</td></tr>
<tr><td>Test Method Resides : Module.OrganizationalSetup.TC025_PositionMappingUploadData</td></tr>
<tr><td>Test Status : STARTED</td></tr>
<tr><td>Add New Button is working properly</td></tr>
<tr><td>Completed Executing : TC025_PositionMappingUploadData.AddNew_Button</td></tr>
<tr><td>Test Case Name : AddNew_Button</td></tr>
<tr><td>Test Method Resides : Module.OrganizationalSetup.TC025_PositionMappingUploadData</td></tr>
<tr><td>Test Status : PASSED</td></tr>
<tr><td>Completed Executing : TestBase.afterMethod</td></tr>
<tr><td>Completed Executing : TestBase.beforeMethod</td></tr>
<tr><td>Test Case Name : Data_Upload</td></tr>
<tr><td>Test Method Resides : Module.OrganizationalSetup.TC025_PositionMappingUploadData</td></tr>
<tr><td>Test Method had the following parameters : nullSoftware Engg,Database,</td></tr>
<tr><td>Test Status : STARTED</td></tr>
<tr><td>Position Mapping Data added successfully</td></tr>
<tr><td>Record Added successfully</td></tr>
<tr><td>Completed Executing : TC025_PositionMappingUploadData.Data_Upload</td></tr>
<tr><td>Test Case Name : Data_Upload</td></tr>
<tr><td>Test Method Resides : Module.OrganizationalSetup.TC025_PositionMappingUploadData</td></tr>
<tr><td>Test Method had the following parameters : nullSoftware Engg,Database,</td></tr>
<tr><td>Test Status : PASSED</td></tr>
<tr><td>Completed Executing : TestBase.afterMethod</td></tr>
<tr><td>Completed Executing : TestBase.beforeMethod</td></tr>
<tr><td>Test Case Name : Edit_Record</td></tr>
<tr><td>Test Method Resides : Module.OrganizationalSetup.TC025_PositionMappingUploadData</td></tr>
<tr><td>Test Status : STARTED</td></tr>
<tr><td>Completed Executing : TC025_PositionMappingUploadData.Edit_Record</td></tr>
<tr><td>Test Method Resides : Module.OrganizationalSetup.TC025_PositionMappingUploadData</td></tr>
<tr><td>Test Status : FAILED</td></tr>
<tr><td>Completed Executing : TestBase.afterMethod</td></tr>
<tr><td>Completed Executing : TestBase.endTest</td></tr>
<tr><td>Test finished : Position Mapping</td></tr>
<tr><td>Test started :  Parameter Group Master</td></tr>
<tr><td>Completed Executing : TestBase.initializeTestBaseSetup</td></tr>
<tr><td>Completed Executing : TC026_ParameterGroupMasterUploadData.setUp</td></tr>
<tr><td>Completed Executing : TestBase.beforeMethod</td></tr>
<tr><td>Test Case Name : Login</td></tr>
<tr><td>Test Method Resides : Module.ApplicationMonitor.TC026_ParameterGroupMasterUploadData</td></tr>
<tr><td>Test Status : STARTED</td></tr>
<tr><td>Completed Executing : TC026_ParameterGroupMasterUploadData.Login</td></tr>
<tr><td>Test Case Name : Login</td></tr>
<tr><td>Test Method Resides : Module.ApplicationMonitor.TC026_ParameterGroupMasterUploadData</td></tr>
<tr><td>Test Status : PASSED</td></tr>
<tr><td>Completed Executing : TestBase.afterMethod</td></tr>
<tr><td>Completed Executing : TestBase.beforeMethod</td></tr>
<tr><td>Test Case Name : Target_Page</td></tr>
<tr><td>Test Method Resides : Module.ApplicationMonitor.TC026_ParameterGroupMasterUploadData</td></tr>
<tr><td>Test Status : STARTED</td></tr>
<tr><td>Target page is open successfully</td></tr>
<tr><td>Completed Executing : TC026_ParameterGroupMasterUploadData.Target_Page</td></tr>
<tr><td>Test Case Name : Target_Page</td></tr>
<tr><td>Test Method Resides : Module.ApplicationMonitor.TC026_ParameterGroupMasterUploadData</td></tr>
<tr><td>Test Status : PASSED</td></tr>
<tr><td>Completed Executing : TestBase.afterMethod</td></tr>
<tr><td>Completed Executing : TestBase.beforeMethod</td></tr>
<tr><td>Test Case Name : AddNew_Button</td></tr>
<tr><td>Test Method Resides : Module.ApplicationMonitor.TC026_ParameterGroupMasterUploadData</td></tr>
<tr><td>Test Status : STARTED</td></tr>
<tr><td>Add New Button is working properly</td></tr>
<tr><td>Completed Executing : TC026_ParameterGroupMasterUploadData.AddNew_Button</td></tr>
<tr><td>Test Case Name : AddNew_Button</td></tr>
<tr><td>Test Method Resides : Module.ApplicationMonitor.TC026_ParameterGroupMasterUploadData</td></tr>
<tr><td>Test Status : PASSED</td></tr>
<tr><td>Completed Executing : TestBase.afterMethod</td></tr>
<tr><td>Completed Executing : TestBase.beforeMethod</td></tr>
<tr><td>Test Case Name : Data_Upload</td></tr>
<tr><td>Test Method Resides : Module.ApplicationMonitor.TC026_ParameterGroupMasterUploadData</td></tr>
<tr><td>Test Method had the following parameters : nullPGM085,PGM ACB,Yes,</td></tr>
<tr><td>Test Status : STARTED</td></tr>
<tr><td>Parameter Group Master Data added successfully</td></tr>
<tr><td>Record Added successfully</td></tr>
<tr><td>Completed Executing : TC026_ParameterGroupMasterUploadData.Data_Upload</td></tr>
<tr><td>Test Case Name : Data_Upload</td></tr>
<tr><td>Test Method Resides : Module.ApplicationMonitor.TC026_ParameterGroupMasterUploadData</td></tr>
<tr><td>Test Method had the following parameters : nullPGM085,PGM ACB,Yes,</td></tr>
<tr><td>Test Status : PASSED</td></tr>
<tr><td>Completed Executing : TestBase.afterMethod</td></tr>
<tr><td>Completed Executing : TestBase.beforeMethod</td></tr>
<tr><td>Test Case Name : Data_Upload</td></tr>
<tr><td>Test Method Resides : Module.ApplicationMonitor.TC026_ParameterGroupMasterUploadData</td></tr>
<tr><td>Test Method had the following parameters : nullPGM086,PGM HRB,Yes,</td></tr>
<tr><td>Test Status : STARTED</td></tr>
<tr><td>Parameter Group Master Data added successfully</td></tr>
<tr><td>Record Added successfully</td></tr>
<tr><td>Completed Executing : TC026_ParameterGroupMasterUploadData.Data_Upload</td></tr>
<tr><td>Test Case Name : Data_Upload</td></tr>
<tr><td>Test Method Resides : Module.ApplicationMonitor.TC026_ParameterGroupMasterUploadData</td></tr>
<tr><td>Test Method had the following parameters : nullPGM086,PGM HRB,Yes,</td></tr>
<tr><td>Test Status : PASSED</td></tr>
<tr><td>Completed Executing : TestBase.afterMethod</td></tr>
<tr><td>Completed Executing : TestBase.beforeMethod</td></tr>
<tr><td>Test Case Name : Edit_Record</td></tr>
<tr><td>Test Method Resides : Module.ApplicationMonitor.TC026_ParameterGroupMasterUploadData</td></tr>
<tr><td>Test Status : STARTED</td></tr>
<tr><td>Completed Executing : TC026_ParameterGroupMasterUploadData.Edit_Record</td></tr>
<tr><td>Test Case Name : Edit_Record</td></tr>
<tr><td>Test Method Resides : Module.ApplicationMonitor.TC026_ParameterGroupMasterUploadData</td></tr>
<tr><td>Test Status : SKIPPED</td></tr>
<tr><td>Completed Executing : TestBase.afterMethod</td></tr>
<tr><td>Completed Executing : TestBase.endTest</td></tr>
<tr><td>Test finished : Parameter Group Master</td></tr>
<tr><td>Test started :  Application Usage</td></tr>
<tr><td>Completed Executing : TestBase.initializeTestBaseSetup</td></tr>
<tr><td>Completed Executing : TC027_ApplicationUsageUploadData.setUp</td></tr>
<tr><td>Completed Executing : TestBase.beforeMethod</td></tr>
<tr><td>Test Case Name : Login</td></tr>
<tr><td>Test Method Resides : Module.ApplicationMonitor.TC027_ApplicationUsageUploadData</td></tr>
<tr><td>Test Status : STARTED</td></tr>
<tr><td>Completed Executing : TC027_ApplicationUsageUploadData.Login</td></tr>
<tr><td>Test Case Name : Login</td></tr>
<tr><td>Test Method Resides : Module.ApplicationMonitor.TC027_ApplicationUsageUploadData</td></tr>
<tr><td>Test Status : PASSED</td></tr>
<tr><td>Completed Executing : TestBase.afterMethod</td></tr>
<tr><td>Completed Executing : TestBase.beforeMethod</td></tr>
<tr><td>Test Case Name : Target_Page</td></tr>
<tr><td>Test Method Resides : Module.ApplicationMonitor.TC027_ApplicationUsageUploadData</td></tr>
<tr><td>Test Status : STARTED</td></tr>
<tr><td>Target page is open successfully</td></tr>
<tr><td>Completed Executing : TC027_ApplicationUsageUploadData.Target_Page</td></tr>
<tr><td>Test Case Name : Target_Page</td></tr>
<tr><td>Test Method Resides : Module.ApplicationMonitor.TC027_ApplicationUsageUploadData</td></tr>
<tr><td>Test Status : PASSED</td></tr>
<tr><td>Completed Executing : TestBase.afterMethod</td></tr>
<tr><td>Completed Executing : TestBase.beforeMethod</td></tr>
<tr><td>Test Case Name : AddNew_Button</td></tr>
<tr><td>Test Method Resides : Module.ApplicationMonitor.TC027_ApplicationUsageUploadData</td></tr>
<tr><td>Test Status : STARTED</td></tr>
<tr><td>Add New Button is working properly</td></tr>
<tr><td>Completed Executing : TC027_ApplicationUsageUploadData.AddNew_Button</td></tr>
<tr><td>Test Case Name : AddNew_Button</td></tr>
<tr><td>Test Method Resides : Module.ApplicationMonitor.TC027_ApplicationUsageUploadData</td></tr>
<tr><td>Test Status : PASSED</td></tr>
<tr><td>Completed Executing : TestBase.afterMethod</td></tr>
<tr><td>Completed Executing : TestBase.beforeMethod</td></tr>
<tr><td>Test Case Name : Data_Upload</td></tr>
<tr><td>Test Method Resides : Module.ApplicationMonitor.TC027_ApplicationUsageUploadData</td></tr>
<tr><td>Test Method had the following parameters : nulltest status,test1,data tested,Yes,</td></tr>
<tr><td>Test Status : STARTED</td></tr>
<tr><td>Completed Executing : TC027_ApplicationUsageUploadData.Data_Upload</td></tr>
<tr><td>Test Case Name : Data_Upload</td></tr>
<tr><td>Test Method Resides : Module.ApplicationMonitor.TC027_ApplicationUsageUploadData</td></tr>
<tr><td>Test Method had the following parameters : nulltest status,test1,data tested,Yes,</td></tr>
<tr><td>Test Status : SKIPPED</td></tr>
<tr><td>Completed Executing : TestBase.afterMethod</td></tr>
<tr><td>Completed Executing : TestBase.beforeMethod</td></tr>
<tr><td>Test Case Name : Edit_Record</td></tr>
<tr><td>Test Method Resides : Module.ApplicationMonitor.TC027_ApplicationUsageUploadData</td></tr>
<tr><td>Test Status : STARTED</td></tr>
<tr><td>Completed Executing : TC027_ApplicationUsageUploadData.Edit_Record</td></tr>
<tr><td>Test Method Resides : Module.ApplicationMonitor.TC027_ApplicationUsageUploadData</td></tr>
<tr><td>Test Status : FAILED</td></tr>
<tr><td>Completed Executing : TestBase.afterMethod</td></tr>
<tr><td>Completed Executing : TestBase.endTest</td></tr>
</table>